{"/home/micah/dev/bitcore/packages/crypto-wallet-core/ts_build/src/index.js":{"path":"/home/micah/dev/bitcore/packages/crypto-wallet-core/ts_build/src/index.js","statementMap":{"0":{"start":{"line":2,"column":22},"end":{"line":12,"column":3}},"1":{"start":{"line":3,"column":4},"end":{"line":3,"column":33}},"2":{"start":{"line":3,"column":26},"end":{"line":3,"column":33}},"3":{"start":{"line":4,"column":15},"end":{"line":4,"column":52}},"4":{"start":{"line":5,"column":4},"end":{"line":7,"column":5}},"5":{"start":{"line":6,"column":6},"end":{"line":6,"column":68}},"6":{"start":{"line":6,"column":51},"end":{"line":6,"column":63}},"7":{"start":{"line":8,"column":4},"end":{"line":8,"column":39}},"8":{"start":{"line":10,"column":4},"end":{"line":10,"column":33}},"9":{"start":{"line":10,"column":26},"end":{"line":10,"column":33}},"10":{"start":{"line":11,"column":4},"end":{"line":11,"column":17}},"11":{"start":{"line":13,"column":25},"end":{"line":17,"column":2}},"12":{"start":{"line":14,"column":4},"end":{"line":14,"column":72}},"13":{"start":{"line":16,"column":4},"end":{"line":16,"column":21}},"14":{"start":{"line":18,"column":19},"end":{"line":34,"column":4}},"15":{"start":{"line":19,"column":18},"end":{"line":26,"column":5}},"16":{"start":{"line":20,"column":8},"end":{"line":24,"column":10}},"17":{"start":{"line":21,"column":21},"end":{"line":21,"column":23}},"18":{"start":{"line":22,"column":12},"end":{"line":22,"column":95}},"19":{"start":{"line":22,"column":29},"end":{"line":22,"column":95}},"20":{"start":{"line":22,"column":77},"end":{"line":22,"column":95}},"21":{"start":{"line":23,"column":12},"end":{"line":23,"column":22}},"22":{"start":{"line":25,"column":8},"end":{"line":25,"column":26}},"23":{"start":{"line":27,"column":4},"end":{"line":33,"column":6}},"24":{"start":{"line":28,"column":8},"end":{"line":28,"column":46}},"25":{"start":{"line":28,"column":35},"end":{"line":28,"column":46}},"26":{"start":{"line":29,"column":21},"end":{"line":29,"column":23}},"27":{"start":{"line":30,"column":8},"end":{"line":30,"column":137}},"28":{"start":{"line":30,"column":25},"end":{"line":30,"column":137}},"29":{"start":{"line":30,"column":38},"end":{"line":30,"column":50}},"30":{"start":{"line":30,"column":56},"end":{"line":30,"column":57}},"31":{"start":{"line":30,"column":78},"end":{"line":30,"column":137}},"32":{"start":{"line":30,"column":102},"end":{"line":30,"column":137}},"33":{"start":{"line":31,"column":8},"end":{"line":31,"column":40}},"34":{"start":{"line":32,"column":8},"end":{"line":32,"column":22}},"35":{"start":{"line":35,"column":22},"end":{"line":37,"column":1}},"36":{"start":{"line":36,"column":4},"end":{"line":36,"column":62}},"37":{"start":{"line":38,"column":0},"end":{"line":38,"column":62}},"38":{"start":{"line":39,"column":0},"end":{"line":39,"column":306}},"39":{"start":{"line":40,"column":19},"end":{"line":40,"column":68}},"40":{"start":{"line":41,"column":0},"end":{"line":41,"column":32}},"41":{"start":{"line":42,"column":23},"end":{"line":42,"column":77}},"42":{"start":{"line":43,"column":0},"end":{"line":43,"column":40}},"43":{"start":{"line":44,"column":23},"end":{"line":44,"column":77}},"44":{"start":{"line":45,"column":0},"end":{"line":45,"column":40}},"45":{"start":{"line":46,"column":22},"end":{"line":46,"column":75}},"46":{"start":{"line":47,"column":0},"end":{"line":47,"column":38}},"47":{"start":{"line":48,"column":15},"end":{"line":48,"column":51}},"48":{"start":{"line":49,"column":0},"end":{"line":49,"column":24}},"49":{"start":{"line":50,"column":22},"end":{"line":50,"column":77}},"50":{"start":{"line":51,"column":13},"end":{"line":51,"column":58}},"51":{"start":{"line":52,"column":15},"end":{"line":52,"column":62}},"52":{"start":{"line":53,"column":14},"end":{"line":53,"column":60}},"53":{"start":{"line":54,"column":14},"end":{"line":54,"column":53}},"54":{"start":{"line":55,"column":17},"end":{"line":55,"column":34}},"55":{"start":{"line":56,"column":0},"end":{"line":56,"column":109}},"56":{"start":{"line":56,"column":80},"end":{"line":56,"column":103}},"57":{"start":{"line":57,"column":15},"end":{"line":57,"column":47}},"58":{"start":{"line":58,"column":0},"end":{"line":58,"column":30}},"59":{"start":{"line":59,"column":13},"end":{"line":59,"column":42}},"60":{"start":{"line":60,"column":0},"end":{"line":60,"column":20}},"61":{"start":{"line":61,"column":20},"end":{"line":61,"column":42}},"62":{"start":{"line":62,"column":0},"end":{"line":62,"column":118}},"63":{"start":{"line":62,"column":83},"end":{"line":62,"column":112}},"64":{"start":{"line":63,"column":21},"end":{"line":63,"column":61}},"65":{"start":{"line":64,"column":0},"end":{"line":64,"column":39}},"66":{"start":{"line":65,"column":18},"end":{"line":65,"column":55}},"67":{"start":{"line":66,"column":0},"end":{"line":66,"column":36}},"68":{"start":{"line":67,"column":23},"end":{"line":67,"column":65}},"69":{"start":{"line":68,"column":0},"end":{"line":68,"column":46}},"70":{"start":{"line":69,"column":14},"end":{"line":69,"column":46}},"71":{"start":{"line":70,"column":0},"end":{"line":70,"column":22}},"72":{"start":{"line":71,"column":21},"end":{"line":71,"column":61}},"73":{"start":{"line":72,"column":0},"end":{"line":72,"column":42}},"74":{"start":{"line":73,"column":22},"end":{"line":79,"column":1}},"75":{"start":{"line":80,"column":0},"end":{"line":80,"column":38}}},"fnMap":{"0":{"name":"(anonymous_0)","decl":{"start":{"line":2,"column":74},"end":{"line":2,"column":75}},"loc":{"start":{"line":2,"column":96},"end":{"line":9,"column":1}},"line":2},"1":{"name":"(anonymous_1)","decl":{"start":{"line":6,"column":38},"end":{"line":6,"column":39}},"loc":{"start":{"line":6,"column":49},"end":{"line":6,"column":65}},"line":6},"2":{"name":"(anonymous_2)","decl":{"start":{"line":9,"column":6},"end":{"line":9,"column":7}},"loc":{"start":{"line":9,"column":28},"end":{"line":12,"column":1}},"line":9},"3":{"name":"(anonymous_3)","decl":{"start":{"line":13,"column":80},"end":{"line":13,"column":81}},"loc":{"start":{"line":13,"column":95},"end":{"line":15,"column":1}},"line":13},"4":{"name":"(anonymous_4)","decl":{"start":{"line":15,"column":5},"end":{"line":15,"column":6}},"loc":{"start":{"line":15,"column":20},"end":{"line":17,"column":1}},"line":15},"5":{"name":"(anonymous_5)","decl":{"start":{"line":18,"column":51},"end":{"line":18,"column":52}},"loc":{"start":{"line":18,"column":63},"end":{"line":34,"column":1}},"line":18},"6":{"name":"(anonymous_6)","decl":{"start":{"line":19,"column":18},"end":{"line":19,"column":19}},"loc":{"start":{"line":19,"column":30},"end":{"line":26,"column":5}},"line":19},"7":{"name":"(anonymous_7)","decl":{"start":{"line":20,"column":48},"end":{"line":20,"column":49}},"loc":{"start":{"line":20,"column":61},"end":{"line":24,"column":9}},"line":20},"8":{"name":"(anonymous_8)","decl":{"start":{"line":27,"column":11},"end":{"line":27,"column":12}},"loc":{"start":{"line":27,"column":26},"end":{"line":33,"column":5}},"line":27},"9":{"name":"(anonymous_9)","decl":{"start":{"line":35,"column":56},"end":{"line":35,"column":57}},"loc":{"start":{"line":35,"column":71},"end":{"line":37,"column":1}},"line":35},"10":{"name":"(anonymous_10)","decl":{"start":{"line":56,"column":66},"end":{"line":56,"column":67}},"loc":{"start":{"line":56,"column":78},"end":{"line":56,"column":105}},"line":56},"11":{"name":"(anonymous_11)","decl":{"start":{"line":62,"column":69},"end":{"line":62,"column":70}},"loc":{"start":{"line":62,"column":81},"end":{"line":62,"column":114}},"line":62}},"branchMap":{"0":{"loc":{"start":{"line":2,"column":22},"end":{"line":12,"column":3}},"type":"binary-expr","locations":[{"start":{"line":2,"column":23},"end":{"line":2,"column":27}},{"start":{"line":2,"column":31},"end":{"line":2,"column":51}},{"start":{"line":2,"column":57},"end":{"line":12,"column":2}}],"line":2},"1":{"loc":{"start":{"line":2,"column":57},"end":{"line":12,"column":2}},"type":"cond-expr","locations":[{"start":{"line":2,"column":74},"end":{"line":9,"column":1}},{"start":{"line":9,"column":6},"end":{"line":12,"column":1}}],"line":2},"2":{"loc":{"start":{"line":3,"column":4},"end":{"line":3,"column":33}},"type":"if","locations":[{"start":{"line":3,"column":4},"end":{"line":3,"column":33}},{"start":{},"end":{}}],"line":3},"3":{"loc":{"start":{"line":5,"column":4},"end":{"line":7,"column":5}},"type":"if","locations":[{"start":{"line":5,"column":4},"end":{"line":7,"column":5}},{"start":{},"end":{}}],"line":5},"4":{"loc":{"start":{"line":5,"column":8},"end":{"line":5,"column":85}},"type":"binary-expr","locations":[{"start":{"line":5,"column":8},"end":{"line":5,"column":13}},{"start":{"line":5,"column":18},"end":{"line":5,"column":84}}],"line":5},"5":{"loc":{"start":{"line":5,"column":18},"end":{"line":5,"column":84}},"type":"cond-expr","locations":[{"start":{"line":5,"column":34},"end":{"line":5,"column":47}},{"start":{"line":5,"column":50},"end":{"line":5,"column":84}}],"line":5},"6":{"loc":{"start":{"line":5,"column":50},"end":{"line":5,"column":84}},"type":"binary-expr","locations":[{"start":{"line":5,"column":50},"end":{"line":5,"column":63}},{"start":{"line":5,"column":67},"end":{"line":5,"column":84}}],"line":5},"7":{"loc":{"start":{"line":10,"column":4},"end":{"line":10,"column":33}},"type":"if","locations":[{"start":{"line":10,"column":4},"end":{"line":10,"column":33}},{"start":{},"end":{}}],"line":10},"8":{"loc":{"start":{"line":13,"column":25},"end":{"line":17,"column":2}},"type":"binary-expr","locations":[{"start":{"line":13,"column":26},"end":{"line":13,"column":30}},{"start":{"line":13,"column":34},"end":{"line":13,"column":57}},{"start":{"line":13,"column":63},"end":{"line":17,"column":1}}],"line":13},"9":{"loc":{"start":{"line":13,"column":63},"end":{"line":17,"column":1}},"type":"cond-expr","locations":[{"start":{"line":13,"column":80},"end":{"line":15,"column":1}},{"start":{"line":15,"column":5},"end":{"line":17,"column":1}}],"line":13},"10":{"loc":{"start":{"line":18,"column":19},"end":{"line":34,"column":4}},"type":"binary-expr","locations":[{"start":{"line":18,"column":20},"end":{"line":18,"column":24}},{"start":{"line":18,"column":28},"end":{"line":18,"column":45}},{"start":{"line":18,"column":50},"end":{"line":34,"column":4}}],"line":18},"11":{"loc":{"start":{"line":20,"column":18},"end":{"line":24,"column":9}},"type":"binary-expr","locations":[{"start":{"line":20,"column":18},"end":{"line":20,"column":44}},{"start":{"line":20,"column":48},"end":{"line":24,"column":9}}],"line":20},"12":{"loc":{"start":{"line":22,"column":29},"end":{"line":22,"column":95}},"type":"if","locations":[{"start":{"line":22,"column":29},"end":{"line":22,"column":95}},{"start":{},"end":{}}],"line":22},"13":{"loc":{"start":{"line":28,"column":8},"end":{"line":28,"column":46}},"type":"if","locations":[{"start":{"line":28,"column":8},"end":{"line":28,"column":46}},{"start":{},"end":{}}],"line":28},"14":{"loc":{"start":{"line":28,"column":12},"end":{"line":28,"column":33}},"type":"binary-expr","locations":[{"start":{"line":28,"column":12},"end":{"line":28,"column":15}},{"start":{"line":28,"column":19},"end":{"line":28,"column":33}}],"line":28},"15":{"loc":{"start":{"line":30,"column":8},"end":{"line":30,"column":137}},"type":"if","locations":[{"start":{"line":30,"column":8},"end":{"line":30,"column":137}},{"start":{},"end":{}}],"line":30},"16":{"loc":{"start":{"line":30,"column":78},"end":{"line":30,"column":137}},"type":"if","locations":[{"start":{"line":30,"column":78},"end":{"line":30,"column":137}},{"start":{},"end":{}}],"line":30},"17":{"loc":{"start":{"line":35,"column":22},"end":{"line":37,"column":1}},"type":"binary-expr","locations":[{"start":{"line":35,"column":23},"end":{"line":35,"column":27}},{"start":{"line":35,"column":31},"end":{"line":35,"column":51}},{"start":{"line":35,"column":56},"end":{"line":37,"column":1}}],"line":35},"18":{"loc":{"start":{"line":36,"column":11},"end":{"line":36,"column":61}},"type":"cond-expr","locations":[{"start":{"line":36,"column":37},"end":{"line":36,"column":40}},{"start":{"line":36,"column":43},"end":{"line":36,"column":61}}],"line":36},"19":{"loc":{"start":{"line":36,"column":12},"end":{"line":36,"column":33}},"type":"binary-expr","locations":[{"start":{"line":36,"column":12},"end":{"line":36,"column":15}},{"start":{"line":36,"column":19},"end":{"line":36,"column":33}}],"line":36}},"s":{"0":1,"1":1106,"2":1106,"3":1106,"4":1106,"5":1106,"6":0,"7":1106,"8":0,"9":0,"10":0,"11":1,"12":9,"13":0,"14":1,"15":1,"16":1,"17":0,"18":0,"19":0,"20":0,"21":0,"22":1,"23":1,"24":12,"25":3,"26":9,"27":9,"28":9,"29":9,"30":9,"31":1106,"32":1106,"33":9,"34":9,"35":1,"36":5,"37":1,"38":1,"39":1,"40":1,"41":1,"42":1,"43":1,"44":1,"45":1,"46":1,"47":1,"48":1,"49":1,"50":1,"51":1,"52":1,"53":1,"54":1,"55":1,"56":0,"57":1,"58":1,"59":1,"60":1,"61":1,"62":1,"63":0,"64":1,"65":1,"66":1,"67":1,"68":1,"69":1,"70":1,"71":1,"72":1,"73":1,"74":1,"75":1},"f":{"0":1106,"1":0,"2":0,"3":9,"4":0,"5":1,"6":1,"7":0,"8":12,"9":5,"10":0,"11":0},"b":{"0":[1,1,1],"1":[1,0],"2":[1106,0],"3":[1106,0],"4":[1106,1106],"5":[577,529],"6":[529,0],"7":[0,0],"8":[1,1,1],"9":[1,0],"10":[1,1,1],"11":[1,0],"12":[0,0],"13":[3,9],"14":[12,12],"15":[9,0],"16":[1106,0],"17":[1,1,1],"18":[5,0],"19":[5,5]},"inputSourceMap":{"version":3,"file":"index.js","sourceRoot":"","sources":["../../src/index.ts"],"names":[],"mappings":";;;;;;;;;;;;;;;;;;;;;;;;;;;;;;;;;;;;;;;AAAA,qEAAuD;AAgCrD,gCAAU;AA/BZ,8EAAgE;AAgC9D,wCAAc;AA/BhB,8EAAgE;AAgC9D,wCAAc;AA/BhB,4EAA8D;AAgC5D,sCAAa;AA/Bf,oDAAsC;AAsCpC,wBAAM;AArCR,8EAAgE;AAChE,2DAA6C;AAC7C,+DAAiD;AACjD,6DAA+C;AAC/C,sDAAwC;AACxC,mCAAgC;AA8B9B,uFA9BO,eAAM,OA8BP;AA7BR,gDAAwB;AA8BtB,eA9BK,cAAI,CA8BL;AA7BN,2CAA6B;AAiC3B,oBAAI;AAhCN,2CAAwC;AA+BtC,0FA/BO,qBAAS,OA+BP;AA9BX,8DAAmC;AAsBjC,kBAtBK,oBAAO,CAsBL;AArBT,wDAAgC;AAsB9B,kBAtBK,iBAAO,CAsBL;AArBT,kEAA0C;AAsBxC,uBAtBK,sBAAY,CAsBL;AArBd,+CAAiC;AA6B/B,sBAAK;AA5BP,8DAAsC;AAqBpC,qBArBK,oBAAU,CAqBL;AAfZ,MAAM,aAAa,GAAG;IACpB,aAAa;IACb,IAAI;IACJ,MAAM;IACN,KAAK;IACL,KAAK;CACN,CAAC;AAaA,sCAAa"},"_coverageSchema":"1a1c01bbd47fc00a2c39e90264f33305004495a9","hash":"3e10cb0319d78c1d0c73ee32f8d3b3abeed3d9e0","contentHash":"324b4496d7b92e8c14629ce26a2068b509ddff201c832b83118ab95e897b2772"},"/home/micah/dev/bitcore/packages/crypto-wallet-core/ts_build/src/constants/index.js":{"path":"/home/micah/dev/bitcore/packages/crypto-wallet-core/ts_build/src/constants/index.js","statementMap":{"0":{"start":{"line":2,"column":0},"end":{"line":2,"column":62}},"1":{"start":{"line":3,"column":0},"end":{"line":3,"column":27}},"2":{"start":{"line":4,"column":18},"end":{"line":4,"column":38}},"3":{"start":{"line":5,"column":21},"end":{"line":5,"column":44}},"4":{"start":{"line":6,"column":17},"end":{"line":6,"column":36}},"5":{"start":{"line":7,"column":22},"end":{"line":7,"column":46}},"6":{"start":{"line":8,"column":17},"end":{"line":8,"column":36}},"7":{"start":{"line":9,"column":16},"end":{"line":9,"column":34}},"8":{"start":{"line":10,"column":0},"end":{"line":30,"column":2}}},"fnMap":{},"branchMap":{},"s":{"0":1,"1":1,"2":1,"3":1,"4":1,"5":1,"6":1,"7":1,"8":1},"f":{},"b":{},"inputSourceMap":{"version":3,"file":"index.js","sourceRoot":"","sources":["../../../src/constants/index.ts"],"names":[],"mappings":";;;AAAA,uCAAyC;AACzC,6CAAgE;AAChE,qCASkB;AAClB,+CAA6C;AAC7C,qCAA8C;AAC9C,mCAAgC;AAEnB,QAAA,SAAS,GAAG;IACvB,WAAW,EAAX,oBAAW;IACX,UAAU,EAAV,mBAAU;IACV,UAAU,EAAV,mBAAU;IACV,aAAa,EAAb,sBAAa;IACb,YAAY,EAAZ,sBAAY;IACZ,MAAM,EAAN,eAAM;IACN,eAAe,EAAf,wBAAe;IACf,cAAc,EAAE,mBAAI,CAAC,cAAc;IACnC,gBAAgB,EAAE,mBAAI,CAAC,gBAAgB;IACvC,cAAc,EAAE,mBAAI,CAAC,cAAc;IACnC,eAAe,EAAE,mBAAI,CAAC,eAAe;IACrC,aAAa,EAAE,mBAAI,CAAC,aAAa;IACjC,cAAc,EAAE,mBAAI,CAAC,cAAc;IACnC,KAAK,EAAL,aAAK;IACL,YAAY,EAAZ,0BAAY;IACZ,qBAAqB,EAArB,8BAAqB;IACrB,6BAA6B,EAA7B,sCAA6B;IAC7B,cAAc,EAAd,2BAAc;IACd,gBAAgB,EAAhB,6BAAgB;CACjB,CAAC"},"_coverageSchema":"1a1c01bbd47fc00a2c39e90264f33305004495a9","hash":"a65f5ec5a1a29ea48a913c9a3eb2a6480267e7c7","contentHash":"6d4e0a4d627fde128a82f91a6cda939cc9616bb0eaac53b256aa2981b463a971"},"/home/micah/dev/bitcore/packages/crypto-wallet-core/ts_build/src/constants/address.js":{"path":"/home/micah/dev/bitcore/packages/crypto-wallet-core/ts_build/src/constants/address.js","statementMap":{"0":{"start":{"line":2,"column":0},"end":{"line":2,"column":62}},"1":{"start":{"line":3,"column":0},"end":{"line":3,"column":30}},"2":{"start":{"line":4,"column":0},"end":{"line":10,"column":2}}},"fnMap":{},"branchMap":{},"s":{"0":1,"1":1,"2":1},"f":{},"b":{},"inputSourceMap":{"version":3,"file":"address.js","sourceRoot":"","sources":["../../../src/constants/address.ts"],"names":[],"mappings":";;;AAAa,QAAA,YAAY,GAAG;IAC1B,IAAI,EAAE,MAAM;IACZ,KAAK,EAAE,OAAO;IACd,MAAM,EAAE,QAAQ;IAChB,KAAK,EAAE,OAAO;IACd,IAAI,EAAE,MAAM;CACb,CAAC"},"_coverageSchema":"1a1c01bbd47fc00a2c39e90264f33305004495a9","hash":"6766b7366f3884560b6223b78a3189e004976f37","contentHash":"05b7274cedccf8f546e5e1dffb3b1884e343b508dd9f92fd3d0fd69711d2c0cd"},"/home/micah/dev/bitcore/packages/crypto-wallet-core/ts_build/src/constants/algorithms.js":{"path":"/home/micah/dev/bitcore/packages/crypto-wallet-core/ts_build/src/constants/algorithms.js","statementMap":{"0":{"start":{"line":2,"column":0},"end":{"line":2,"column":62}},"1":{"start":{"line":3,"column":0},"end":{"line":3,"column":59}},"2":{"start":{"line":4,"column":0},"end":{"line":7,"column":2}},"3":{"start":{"line":8,"column":0},"end":{"line":11,"column":2}}},"fnMap":{},"branchMap":{},"s":{"0":1,"1":1,"2":1,"3":1},"f":{},"b":{},"inputSourceMap":{"version":3,"file":"algorithms.js","sourceRoot":"","sources":["../../../src/constants/algorithms.ts"],"names":[],"mappings":";;;AAAa,QAAA,cAAc,GAAG;IAC5B,OAAO,EAAE,OAAO;IAChB,GAAG,EAAE,OAAO;CACb,CAAC;AAEW,QAAA,gBAAgB,GAAG;IAC9B,KAAK,EAAE,SAAS;IAChB,KAAK,EAAE,SAAS;CACjB,CAAC"},"_coverageSchema":"1a1c01bbd47fc00a2c39e90264f33305004495a9","hash":"b43f100014361dd7dca3fc6a2b52a70bc037aff3","contentHash":"5918fe8b8c00ac6b25fe948dc9a5d6241f94479077b0fb4a7e51d8f3eccc373a"},"/home/micah/dev/bitcore/packages/crypto-wallet-core/ts_build/src/constants/chains.js":{"path":"/home/micah/dev/bitcore/packages/crypto-wallet-core/ts_build/src/constants/chains.js","statementMap":{"0":{"start":{"line":2,"column":0},"end":{"line":2,"column":62}},"1":{"start":{"line":3,"column":0},"end":{"line":3,"column":286}},"2":{"start":{"line":4,"column":0},"end":{"line":4,"column":52}},"3":{"start":{"line":5,"column":0},"end":{"line":5,"column":59}},"4":{"start":{"line":6,"column":0},"end":{"line":6,"column":29}},"5":{"start":{"line":7,"column":0},"end":{"line":7,"column":32}},"6":{"start":{"line":8,"column":0},"end":{"line":8,"column":114}},"7":{"start":{"line":9,"column":0},"end":{"line":9,"column":46}},"8":{"start":{"line":10,"column":0},"end":{"line":16,"column":2}},"9":{"start":{"line":17,"column":0},"end":{"line":42,"column":2}},"10":{"start":{"line":43,"column":22},"end":{"line":51,"column":1}},"11":{"start":{"line":44,"column":21},"end":{"line":44,"column":23}},"12":{"start":{"line":45,"column":20},"end":{"line":45,"column":39}},"13":{"start":{"line":46,"column":4},"end":{"line":49,"column":5}},"14":{"start":{"line":47,"column":21},"end":{"line":47,"column":52}},"15":{"start":{"line":48,"column":8},"end":{"line":48,"column":31}},"16":{"start":{"line":50,"column":4},"end":{"line":50,"column":20}},"17":{"start":{"line":52,"column":0},"end":{"line":52,"column":93}},"18":{"start":{"line":53,"column":0},"end":{"line":53,"column":91}}},"fnMap":{"0":{"name":"(anonymous_0)","decl":{"start":{"line":43,"column":22},"end":{"line":43,"column":23}},"loc":{"start":{"line":43,"column":46},"end":{"line":51,"column":1}},"line":43}},"branchMap":{"0":{"loc":{"start":{"line":43,"column":28},"end":{"line":43,"column":41}},"type":"default-arg","locations":[{"start":{"line":43,"column":36},"end":{"line":43,"column":41}}],"line":43},"1":{"loc":{"start":{"line":47,"column":21},"end":{"line":47,"column":52}},"type":"cond-expr","locations":[{"start":{"line":47,"column":29},"end":{"line":47,"column":46}},{"start":{"line":47,"column":49},"end":{"line":47,"column":52}}],"line":47}},"s":{"0":1,"1":1,"2":1,"3":1,"4":1,"5":1,"6":1,"7":1,"8":1,"9":1,"10":1,"11":2,"12":2,"13":2,"14":48,"15":48,"16":2,"17":1,"18":1},"f":{"0":2},"b":{"0":[1],"1":[24,24]},"inputSourceMap":{"version":3,"file":"chains.js","sourceRoot":"","sources":["../../../src/constants/chains.ts"],"names":[],"mappings":";;;AACa,QAAA,WAAW,GAAG,CAAC,KAAK,EAAE,KAAK,EAAE,MAAM,EAAE,KAAK,CAAC,CAAC;AAC5C,QAAA,UAAU,GAAG,CAAC,KAAK,EAAE,OAAO,EAAE,KAAK,EAAE,MAAM,EAAE,IAAI,CAAC,CAAC;AACnD,QAAA,UAAU,GAAG,CAAC,KAAK,CAAC,CAAC;AACrB,QAAA,aAAa,GAAG,CAAC,KAAK,CAAC,CAAC;AACxB,QAAA,MAAM,GAAG,CAAC,GAAG,mBAAW,EAAE,GAAG,kBAAU,EAAE,GAAG,kBAAU,EAAE,GAAG,qBAAa,CAAC,CAAC;AAE1E,QAAA,eAAe,GAAG,mBAAW,CAAC;AAE9B,QAAA,yBAAyB,GAAG;IACvC,GAAG,EAAE,SAAS;IACd,KAAK,EAAE,MAAM;IACb,GAAG,EAAE,SAAS;IACd,IAAI,EAAE,SAAS;IACf,EAAE,EAAE,SAAS;CACd,CAAC;AAEW,QAAA,6BAA6B,GAAG;IAE3C,WAAW,EAAE,CAAC;IACd,aAAa,EAAE,GAAG;IAClB,WAAW,EAAE,KAAK;IAClB,YAAY,EAAE,IAAI;IAClB,UAAU,EAAE,EAAE;IAEd,WAAW,EAAE,KAAK;IAClB,WAAW,EAAE,QAAQ;IACrB,UAAU,EAAE,CAAC;IACb,SAAS,EAAE,EAAE;IACb,WAAW,EAAE,CAAC;IACd,WAAW,EAAE,CAAC;IAEd,YAAY,EAAE,KAAK;IACnB,UAAU,EAAE,KAAK;IAEjB,WAAW,EAAE,MAAM;IACnB,UAAU,EAAE,MAAM;IAElB,YAAY,EAAE,KAAK;IACnB,WAAW,EAAE,KAAK;IAElB,UAAU,EAAE,QAAQ;IACpB,SAAS,EAAE,KAAK;IAEhB,WAAW,EAAE,IAAI;IACjB,aAAa,EAAE,KAAK;IACpB,WAAW,EAAE,MAAM;IACnB,YAAY,EAAE,KAAK;IACnB,UAAU,EAAE,SAAS;CACtB,CAAC;AAEF,MAAM,aAAa,GAAG,CAA8C,GAAiB,EAAE,KAAK,GAAG,KAAK,EAAgB,EAAE;IACpH,MAAM,QAAQ,GAAG,EAAkB,CAAC;IACpC,MAAM,OAAO,GAAG,MAAM,CAAC,OAAO,CAAC,GAAG,CAAa,CAAC;IAChD,KAAK,MAAM,CAAC,GAAG,EAAE,KAAK,CAAC,IAAI,OAAO,EAAE,CAAC;QACnC,MAAM,IAAI,GAAG,KAAK,CAAC,CAAC,CAAC,GAAG,CAAC,KAAK,CAAC,GAAG,CAAC,CAAC,CAAC,CAAM,CAAC,CAAC,CAAC,GAAG,CAAC;QAClD,QAAQ,CAAC,KAAK,CAAC,GAAG,IAAI,CAAC;IACzB,CAAC;IACD,OAAO,QAAQ,CAAC;AAClB,CAAC,CAAC;AAEW,QAAA,6BAA6B,GAAG,aAAa,CAAC,qCAA6B,CAAC,CAAC;AAE7E,QAAA,qBAAqB,GAAG,aAAa,CAAC,qCAA6B,EAAE,IAAI,CAAC,CAAC"},"_coverageSchema":"1a1c01bbd47fc00a2c39e90264f33305004495a9","hash":"5e7d61af66612a61cd8f442411247f1762b8f2ff","contentHash":"b993a105c3d884db61642c7cf55e7414cc5c29c5b0db0ac65068838a4c6a448f"},"/home/micah/dev/bitcore/packages/crypto-wallet-core/ts_build/src/constants/feeMinimums.js":{"path":"/home/micah/dev/bitcore/packages/crypto-wallet-core/ts_build/src/constants/feeMinimums.js","statementMap":{"0":{"start":{"line":2,"column":0},"end":{"line":2,"column":62}},"1":{"start":{"line":3,"column":0},"end":{"line":3,"column":30}},"2":{"start":{"line":4,"column":0},"end":{"line":23,"column":2}}},"fnMap":{},"branchMap":{},"s":{"0":1,"1":1,"2":1},"f":{},"b":{},"inputSourceMap":{"version":3,"file":"feeMinimums.js","sourceRoot":"","sources":["../../../src/constants/feeMinimums.ts"],"names":[],"mappings":";;;AAAa,QAAA,YAAY,GAAG;IAC1B,GAAG,EAAE;QACH,QAAQ,EAAE,CAAC;KACZ;IACD,KAAK,EAAE;QACL,QAAQ,EAAE,EAAE,GAAG,GAAG;KACnB;IACD,EAAE,EAAE;QACF,QAAQ,EAAE,CAAC;KACZ;IACD,GAAG,EAAE;QACH,QAAQ,EAAE,CAAC;KACZ;IACD,IAAI,EAAE;QACJ,QAAQ,EAAE,CAAC;KACZ;IACD,GAAG,EAAE;QACH,QAAQ,EAAE,CAAC;KACZ;CACF,CAAC"},"_coverageSchema":"1a1c01bbd47fc00a2c39e90264f33305004495a9","hash":"6d41232af07c622e2ece790d698dc49e5051eed1","contentHash":"2185f31a7a329860d5723d8a8db22fa7abfc388954e252090f367bab8d1e3844"},"/home/micah/dev/bitcore/packages/crypto-wallet-core/ts_build/src/constants/tokens.js":{"path":"/home/micah/dev/bitcore/packages/crypto-wallet-core/ts_build/src/constants/tokens.js","statementMap":{"0":{"start":{"line":2,"column":0},"end":{"line":2,"column":62}},"1":{"start":{"line":3,"column":0},"end":{"line":3,"column":180}},"2":{"start":{"line":4,"column":0},"end":{"line":77,"column":2}},"3":{"start":{"line":78,"column":0},"end":{"line":133,"column":2}},"4":{"start":{"line":134,"column":0},"end":{"line":159,"column":2}},"5":{"start":{"line":160,"column":0},"end":{"line":173,"column":2}},"6":{"start":{"line":174,"column":0},"end":{"line":199,"column":2}},"7":{"start":{"line":200,"column":0},"end":{"line":213,"column":2}},"8":{"start":{"line":214,"column":0},"end":{"line":221,"column":2}}},"fnMap":{},"branchMap":{},"s":{"0":1,"1":1,"2":1,"3":1,"4":1,"5":1,"6":1,"7":1,"8":1},"f":{},"b":{},"inputSourceMap":{"version":3,"file":"tokens.js","sourceRoot":"","sources":["../../../src/constants/tokens.ts"],"names":[],"mappings":";;;AAAa,QAAA,cAAc,GAAG;IAC5B,4CAA4C,EAAE;QAC5C,IAAI,EAAE,kBAAkB;QACxB,MAAM,EAAE,MAAM;QACd,QAAQ,EAAE,EAAE;QACZ,OAAO,EAAE,4CAA4C;KACtD;IACD,4CAA4C,EAAE;QAC5C,IAAI,EAAE,UAAU;QAChB,MAAM,EAAE,MAAM;QACd,QAAQ,EAAE,CAAC;QACX,OAAO,EAAE,4CAA4C;KACtD;IACD,4CAA4C,EAAE;QAC5C,IAAI,EAAE,YAAY;QAClB,MAAM,EAAE,OAAO;QACf,QAAQ,EAAE,CAAC;QACX,OAAO,EAAE,4CAA4C;KACtD;IACD,4CAA4C,EAAE;QAC5C,IAAI,EAAE,cAAc;QACpB,MAAM,EAAE,MAAM;QACd,QAAQ,EAAE,EAAE;QACZ,OAAO,EAAE,4CAA4C;KACtD;IACD,4CAA4C,EAAE;QAC5C,IAAI,EAAE,eAAe;QACrB,MAAM,EAAE,MAAM;QACd,QAAQ,EAAE,CAAC;QACX,OAAO,EAAE,4CAA4C;KACtD;IACD,4CAA4C,EAAE;QAC5C,IAAI,EAAE,KAAK;QACX,MAAM,EAAE,KAAK;QACb,QAAQ,EAAE,EAAE;QACZ,OAAO,EAAE,4CAA4C;KACtD;IACD,4CAA4C,EAAE;QAC5C,IAAI,EAAE,iBAAiB;QACvB,MAAM,EAAE,MAAM;QACd,QAAQ,EAAE,CAAC;QACX,OAAO,EAAE,4CAA4C;KACtD;IACD,4CAA4C,EAAE;QAC5C,OAAO,EAAE,4CAA4C;QACrD,QAAQ,EAAE,EAAE;QACZ,IAAI,EAAE,WAAW;QACjB,MAAM,EAAE,MAAM;KACf;IACD,4CAA4C,EAAE;QAC5C,IAAI,EAAE,WAAW;QACjB,MAAM,EAAE,OAAO;QACf,QAAQ,EAAE,CAAC;QACX,OAAO,EAAE,4CAA4C;KACtD;IACD,4CAA4C,EAAE;QAC5C,IAAI,EAAE,SAAS;QACf,MAAM,EAAE,KAAK;QACb,QAAQ,EAAE,EAAE;QACZ,OAAO,EAAE,4CAA4C;KACtD;IACD,4CAA4C,EAAE;QAC5C,IAAI,EAAE,aAAa;QACnB,MAAM,EAAE,OAAO;QACf,QAAQ,EAAE,EAAE;QACZ,OAAO,EAAE,4CAA4C;KACtD;IACD,4CAA4C,EAAE;QAC5C,IAAI,EAAE,YAAY;QAClB,MAAM,EAAE,MAAM;QACd,QAAQ,EAAE,CAAC;QACX,OAAO,EAAE,4CAA4C;KACtD;CACF,CAAC;AAEW,QAAA,gBAAgB,GAAG;IAC9B,4CAA4C,EAAE;QAC5C,IAAI,EAAE,QAAQ;QACd,MAAM,EAAE,QAAQ;QAChB,QAAQ,EAAE,CAAC;QACX,OAAO,EAAE,4CAA4C;KACtD;IACD,4CAA4C,EAAE;QAC5C,IAAI,EAAE,aAAa;QACnB,MAAM,EAAE,MAAM;QACd,QAAQ,EAAE,EAAE;QACZ,OAAO,EAAE,4CAA4C;KACtD;IACD,4CAA4C,EAAE;QAC5C,IAAI,EAAE,sBAAsB;QAC5B,MAAM,EAAE,KAAK;QACb,QAAQ,EAAE,EAAE;QACZ,OAAO,EAAE,4CAA4C;KACtD;IACD,4CAA4C,EAAE;QAC5C,IAAI,EAAE,mBAAmB;QACzB,MAAM,EAAE,MAAM;QACd,QAAQ,EAAE,CAAC;QACX,OAAO,EAAE,4CAA4C;KACtD;IACD,4CAA4C,EAAE;QAC5C,IAAI,EAAE,iBAAiB;QACvB,MAAM,EAAE,MAAM;QACd,QAAQ,EAAE,EAAE;QACZ,OAAO,EAAE,4CAA4C;KACtD;IACD,4CAA4C,EAAE;QAC5C,IAAI,EAAE,eAAe;QACrB,MAAM,EAAE,KAAK;QACb,QAAQ,EAAE,EAAE;QACZ,OAAO,EAAE,4CAA4C;KACtD;IACD,4CAA4C,EAAE;QAC5C,IAAI,EAAE,YAAY;QAClB,MAAM,EAAE,MAAM;QACd,QAAQ,EAAE,CAAC;QACX,OAAO,EAAE,4CAA4C;KACtD;IACD,4CAA4C,EAAE;QAC5C,IAAI,EAAE,eAAe;QACrB,MAAM,EAAE,MAAM;QACd,QAAQ,EAAE,EAAE;QACZ,OAAO,EAAE,4CAA4C;KACtD;IACD,4CAA4C,EAAE;QAC5C,IAAI,EAAE,MAAM;QACZ,MAAM,EAAE,MAAM;QACd,QAAQ,EAAE,CAAC;QACX,OAAO,EAAE,4CAA4C;KACtD;CACF,CAAC;AAEW,QAAA,cAAc,GAAG;IAC5B,4CAA4C,EAAE;QAC5C,IAAI,EAAE,UAAU;QAChB,MAAM,EAAE,MAAM;QACd,QAAQ,EAAE,CAAC;QACX,OAAO,EAAE,4CAA4C;KACtD;IACD,4CAA4C,EAAE;QAC5C,IAAI,EAAE,iBAAiB;QACvB,MAAM,EAAE,MAAM;QACd,QAAQ,EAAE,CAAC;QACX,OAAO,EAAE,4CAA4C;KACtD;IACD,4CAA4C,EAAE;QAC5C,IAAI,EAAE,YAAY;QAClB,MAAM,EAAE,MAAM;QACd,QAAQ,EAAE,CAAC;QACX,OAAO,EAAE,4CAA4C;KACtD;IACD,4CAA4C,EAAE;QAC5C,IAAI,EAAE,eAAe;QACrB,MAAM,EAAE,MAAM;QACd,QAAQ,EAAE,EAAE;QACZ,OAAO,EAAE,4CAA4C;KACtD;CACF,CAAC;AAEW,QAAA,eAAe,GAAG;IAC7B,4CAA4C,EAAE;QAC5C,IAAI,EAAE,UAAU;QAChB,MAAM,EAAE,MAAM;QACd,QAAQ,EAAE,CAAC;QACX,OAAO,EAAE,4CAA4C;KACtD;IACD,4CAA4C,EAAE;QAC5C,IAAI,EAAE,eAAe;QACrB,MAAM,EAAE,MAAM;QACd,QAAQ,EAAE,EAAE;QACZ,OAAO,EAAE,4CAA4C;KACtD;CACF,CAAC;AAEW,QAAA,aAAa,GAAG;IAC3B,4CAA4C,EAAE;QAC5C,IAAI,EAAE,UAAU;QAChB,MAAM,EAAE,MAAM;QACd,QAAQ,EAAE,CAAC;QACX,OAAO,EAAE,4CAA4C;KACtD;IACD,4CAA4C,EAAE;QAC5C,IAAI,EAAE,iBAAiB;QACvB,MAAM,EAAE,MAAM;QACd,QAAQ,EAAE,CAAC;QACX,OAAO,EAAE,4CAA4C;KACtD;IACD,4CAA4C,EAAE;QAC5C,IAAI,EAAE,YAAY;QAClB,MAAM,EAAE,MAAM;QACd,QAAQ,EAAE,CAAC;QACX,OAAO,EAAE,4CAA4C;KACtD;IACD,4CAA4C,EAAE;QAC5C,IAAI,EAAE,eAAe;QACrB,MAAM,EAAE,MAAM;QACd,QAAQ,EAAE,EAAE;QACZ,OAAO,EAAE,4CAA4C;KACtD;CACF,CAAC;AAEW,QAAA,cAAc,GAAG;IAC5B,8CAA8C,EAAE;QAC9C,IAAI,EAAE,UAAU;QAChB,MAAM,EAAE,MAAM;QACd,QAAQ,EAAE,CAAC;QACX,OAAO,EAAE,8CAA8C;KACxD;IACD,8CAA8C,EAAE;QAC9C,IAAI,EAAE,YAAY;QAClB,MAAM,EAAE,MAAM;QACd,QAAQ,EAAE,CAAC;QACX,OAAO,EAAE,8CAA8C;KACxD;CACF,CAAC;AAEW,QAAA,UAAU,GAAG;IACxB,cAAc,EAAd,sBAAc;IACd,gBAAgB,EAAhB,wBAAgB;IAChB,cAAc,EAAd,sBAAc;IACd,eAAe,EAAf,uBAAe;IACf,aAAa,EAAb,qBAAa;IACb,cAAc,EAAd,sBAAc;CACf,CAAC"},"_coverageSchema":"1a1c01bbd47fc00a2c39e90264f33305004495a9","hash":"bc61fdbdc1fd57cc3b2f3c3c598d6fe2a3d22819","contentHash":"128f68ab57a73e3746edd038ddd6ea44df214bc6d33285703215f9d33fb6cd15"},"/home/micah/dev/bitcore/packages/crypto-wallet-core/ts_build/src/constants/units.js":{"path":"/home/micah/dev/bitcore/packages/crypto-wallet-core/ts_build/src/constants/units.js","statementMap":{"0":{"start":{"line":2,"column":0},"end":{"line":2,"column":62}},"1":{"start":{"line":3,"column":0},"end":{"line":3,"column":23}},"2":{"start":{"line":4,"column":0},"end":{"line":291,"column":2}}},"fnMap":{},"branchMap":{},"s":{"0":1,"1":1,"2":1},"f":{},"b":{},"inputSourceMap":{"version":3,"file":"units.js","sourceRoot":"","sources":["../../../src/constants/units.ts"],"names":[],"mappings":";;;AAAa,QAAA,KAAK,GAAG;IACnB,GAAG,EAAE;QACH,UAAU,EAAE,SAAS;QACrB,IAAI,EAAE;YACJ,WAAW,EAAE,CAAC;YACd,WAAW,EAAE,CAAC;SACf;QACD,KAAK,EAAE;YACL,WAAW,EAAE,CAAC;YACd,WAAW,EAAE,CAAC;SACf;KACF;IACD,GAAG,EAAE;QACH,UAAU,EAAE,SAAS;QACrB,IAAI,EAAE;YACJ,WAAW,EAAE,CAAC;YACd,WAAW,EAAE,CAAC;SACf;QACD,KAAK,EAAE;YACL,WAAW,EAAE,CAAC;YACd,WAAW,EAAE,CAAC;SACf;KACF;IACD,GAAG,EAAE;QACH,UAAU,EAAE,GAAG;QACf,IAAI,EAAE;YACJ,WAAW,EAAE,CAAC;YACd,WAAW,EAAE,CAAC;SACf;QACD,KAAK,EAAE;YACL,WAAW,EAAE,CAAC;YACd,WAAW,EAAE,CAAC;SACf;KACF;IACD,GAAG,EAAE;QACH,UAAU,EAAE,IAAI;QAChB,IAAI,EAAE;YACJ,WAAW,EAAE,CAAC;YACd,WAAW,EAAE,CAAC;SACf;QACD,KAAK,EAAE;YACL,WAAW,EAAE,CAAC;YACd,WAAW,EAAE,CAAC;SACf;KACF;IACD,KAAK,EAAE;QACL,UAAU,EAAE,IAAI;QAChB,IAAI,EAAE;YACJ,WAAW,EAAE,CAAC;YACd,WAAW,EAAE,CAAC;SACf;QACD,KAAK,EAAE;YACL,WAAW,EAAE,CAAC;YACd,WAAW,EAAE,CAAC;SACf;KACF;IACD,GAAG,EAAE;QACH,UAAU,EAAE,IAAI;QAChB,IAAI,EAAE;YACJ,WAAW,EAAE,CAAC;YACd,WAAW,EAAE,CAAC;SACf;QACD,KAAK,EAAE;YACL,WAAW,EAAE,CAAC;YACd,WAAW,EAAE,CAAC;SACf;KACF;IACD,IAAI,EAAE;QACJ,UAAU,EAAE,IAAI;QAChB,IAAI,EAAE;YACJ,WAAW,EAAE,CAAC;YACd,WAAW,EAAE,CAAC;SACf;QACD,KAAK,EAAE;YACL,WAAW,EAAE,CAAC;YACd,WAAW,EAAE,CAAC;SACf;KACF;IACD,EAAE,EAAE;QACF,UAAU,EAAE,IAAI;QAChB,IAAI,EAAE;YACJ,WAAW,EAAE,CAAC;YACd,WAAW,EAAE,CAAC;SACf;QACD,KAAK,EAAE;YACL,WAAW,EAAE,CAAC;YACd,WAAW,EAAE,CAAC;SACf;KACF;IACD,GAAG,EAAE;QACH,UAAU,EAAE,GAAG;QACf,IAAI,EAAE;YACJ,WAAW,EAAE,CAAC;YACd,WAAW,EAAE,CAAC;SACf;QACD,KAAK,EAAE;YACL,WAAW,EAAE,CAAC;YACd,WAAW,EAAE,CAAC;SACf;KACF;IACD,IAAI,EAAE;QACJ,UAAU,EAAE,IAAI;QAChB,IAAI,EAAE;YACJ,WAAW,EAAE,CAAC;YACd,WAAW,EAAE,CAAC;SACf;QACD,KAAK,EAAE;YACL,WAAW,EAAE,CAAC;YACd,WAAW,EAAE,CAAC;SACf;KACF;IACD,GAAG,EAAE;QACH,UAAU,EAAE,IAAI;QAChB,IAAI,EAAE;YACJ,WAAW,EAAE,CAAC;YACd,WAAW,EAAE,CAAC;SACf;QACD,KAAK,EAAE;YACL,WAAW,EAAE,CAAC;YACd,WAAW,EAAE,CAAC;SACf;KACF;IACD,IAAI,EAAE;QACJ,UAAU,EAAE,GAAG;QACf,IAAI,EAAE;YACJ,WAAW,EAAE,CAAC;YACd,WAAW,EAAE,CAAC;SACf;QACD,KAAK,EAAE;YACL,WAAW,EAAE,CAAC;YACd,WAAW,EAAE,CAAC;SACf;KACF;IACD,IAAI,EAAE;QACJ,UAAU,EAAE,GAAG;QACf,IAAI,EAAE;YACJ,WAAW,EAAE,CAAC;YACd,WAAW,EAAE,CAAC;SACf;QACD,KAAK,EAAE;YACL,WAAW,EAAE,CAAC;YACd,WAAW,EAAE,CAAC;SACf;KACF;IACD,KAAK,EAAE;QACL,UAAU,EAAE,GAAG;QACf,IAAI,EAAE;YACJ,WAAW,EAAE,CAAC;YACd,WAAW,EAAE,CAAC;SACf;QACD,KAAK,EAAE;YACL,WAAW,EAAE,CAAC;YACd,WAAW,EAAE,CAAC;SACf;KACF;IACD,IAAI,EAAE;QACJ,UAAU,EAAE,IAAI;QAChB,IAAI,EAAE;YACJ,WAAW,EAAE,CAAC;YACd,WAAW,EAAE,CAAC;SACf;QACD,KAAK,EAAE;YACL,WAAW,EAAE,CAAC;YACd,WAAW,EAAE,CAAC;SACf;KACF;IAED,GAAG,EAAE;QACH,UAAU,EAAE,IAAI;QAChB,IAAI,EAAE;YACJ,WAAW,EAAE,CAAC;YACd,WAAW,EAAE,CAAC;SACf;QACD,KAAK,EAAE;YACL,WAAW,EAAE,CAAC;YACd,WAAW,EAAE,CAAC;SACf;KACF;IACD,IAAI,EAAE;QACJ,UAAU,EAAE,GAAG;QACf,IAAI,EAAE;YACJ,WAAW,EAAE,CAAC;YACd,WAAW,EAAE,CAAC;SACf;QACD,KAAK,EAAE;YACL,WAAW,EAAE,CAAC;YACd,WAAW,EAAE,CAAC;SACf;KACF;IACD,GAAG,EAAE;QACH,UAAU,EAAE,GAAG;QACf,IAAI,EAAE;YACJ,WAAW,EAAE,CAAC;YACd,WAAW,EAAE,CAAC;SACf;QACD,KAAK,EAAE;YACL,WAAW,EAAE,CAAC;YACd,WAAW,EAAE,CAAC;SACf;KACF;IACD,IAAI,EAAE;QACJ,UAAU,EAAE,SAAS;QACrB,IAAI,EAAE;YACJ,WAAW,EAAE,CAAC;YACd,WAAW,EAAE,CAAC;SACf;QACD,KAAK,EAAE;YACL,WAAW,EAAE,CAAC;YACd,WAAW,EAAE,CAAC;SACf;KACF;IACD,GAAG,EAAE;QACH,UAAU,EAAE,SAAS;QACrB,IAAI,EAAE;YACJ,WAAW,EAAE,CAAC;YACd,WAAW,EAAE,CAAC;SACf;QACD,KAAK,EAAE;YACL,WAAW,EAAE,CAAC;YACd,WAAW,EAAE,CAAC;SACf;KACF;IACD,IAAI,EAAE;QACJ,UAAU,EAAE,IAAI;QAChB,IAAI,EAAE;YACJ,WAAW,EAAE,CAAC;YACd,WAAW,EAAE,CAAC;SACf;QACD,KAAK,EAAE;YACL,WAAW,EAAE,CAAC;YACd,WAAW,EAAE,CAAC;SACf;KACF;IACD,GAAG,EAAE;QACH,UAAU,EAAE,IAAI;QAChB,IAAI,EAAE;YACJ,WAAW,EAAE,CAAC;YACd,WAAW,EAAE,CAAC;SACf;QACD,KAAK,EAAE;YACL,WAAW,EAAE,CAAC;YACd,WAAW,EAAE,CAAC;SACf;KACF;IACD,KAAK,EAAE;QACL,UAAU,EAAE,GAAG;QACf,IAAI,EAAE;YACJ,WAAW,EAAE,CAAC;YACd,WAAW,EAAE,CAAC;SACf;QACD,KAAK,EAAE;YACL,WAAW,EAAE,CAAC;YACd,WAAW,EAAE,CAAC;SACf;KACF;IACD,IAAI,EAAE;QACJ,UAAU,EAAE,GAAG;QACf,IAAI,EAAE;YACJ,WAAW,EAAE,CAAC;YACd,WAAW,EAAE,CAAC;SACf;QACD,KAAK,EAAE;YACL,WAAW,EAAE,CAAC;YACd,WAAW,EAAE,CAAC;SACf;KACF;IACD,QAAQ,EAAE;QACR,UAAU,EAAE,GAAG;QACf,IAAI,EAAE;YACJ,WAAW,EAAE,CAAC;YACd,WAAW,EAAE,CAAC;SACf;QACD,KAAK,EAAE;YACL,WAAW,EAAE,CAAC;YACd,WAAW,EAAE,CAAC;SACf;KACF;IACD,IAAI,EAAE;QACJ,UAAU,EAAE,IAAI;QAChB,IAAI,EAAE;YACJ,WAAW,EAAE,CAAC;YACd,WAAW,EAAE,CAAC;SACf;QACD,KAAK,EAAE;YACL,WAAW,EAAE,CAAC;YACd,WAAW,EAAE,CAAC;SACf;KACF;CACF,CAAC"},"_coverageSchema":"1a1c01bbd47fc00a2c39e90264f33305004495a9","hash":"3160516b1972ccbfa103e20357719eea96daa106","contentHash":"b372caba5015eed7e562c7988b8493473f63c9ce378c382af4366d92ded2c881"},"/home/micah/dev/bitcore/packages/crypto-wallet-core/ts_build/src/derivation/index.js":{"path":"/home/micah/dev/bitcore/packages/crypto-wallet-core/ts_build/src/derivation/index.js","statementMap":{"0":{"start":{"line":2,"column":0},"end":{"line":2,"column":62}},"1":{"start":{"line":3,"column":0},"end":{"line":3,"column":30}},"2":{"start":{"line":4,"column":14},"end":{"line":4,"column":30}},"3":{"start":{"line":5,"column":15},"end":{"line":5,"column":32}},"4":{"start":{"line":6,"column":14},"end":{"line":6,"column":30}},"5":{"start":{"line":7,"column":14},"end":{"line":7,"column":30}},"6":{"start":{"line":8,"column":15},"end":{"line":8,"column":32}},"7":{"start":{"line":9,"column":14},"end":{"line":9,"column":30}},"8":{"start":{"line":10,"column":14},"end":{"line":10,"column":30}},"9":{"start":{"line":11,"column":16},"end":{"line":11,"column":34}},"10":{"start":{"line":12,"column":13},"end":{"line":12,"column":28}},"11":{"start":{"line":13,"column":16},"end":{"line":13,"column":34}},"12":{"start":{"line":14,"column":14},"end":{"line":14,"column":30}},"13":{"start":{"line":15,"column":14},"end":{"line":15,"column":30}},"14":{"start":{"line":16,"column":17},"end":{"line":28,"column":1}},"15":{"start":{"line":31,"column":32},"end":{"line":31,"column":51}},"16":{"start":{"line":32,"column":8},"end":{"line":32,"column":41}},"17":{"start":{"line":35,"column":8},"end":{"line":35,"column":100}},"18":{"start":{"line":38,"column":8},"end":{"line":38,"column":103}},"19":{"start":{"line":41,"column":8},"end":{"line":41,"column":90}},"20":{"start":{"line":44,"column":8},"end":{"line":44,"column":94}},"21":{"start":{"line":47,"column":8},"end":{"line":47,"column":72}},"22":{"start":{"line":50,"column":32},"end":{"line":50,"column":51}},"23":{"start":{"line":51,"column":27},"end":{"line":51,"column":40}},"24":{"start":{"line":52,"column":28},"end":{"line":52,"column":58}},"25":{"start":{"line":53,"column":8},"end":{"line":63,"column":9}},"26":{"start":{"line":54,"column":12},"end":{"line":59,"column":13}},"27":{"start":{"line":55,"column":16},"end":{"line":55,"column":57}},"28":{"start":{"line":58,"column":16},"end":{"line":58,"column":56}},"29":{"start":{"line":62,"column":12},"end":{"line":62,"column":58}},"30":{"start":{"line":66,"column":0},"end":{"line":66,"column":36}},"31":{"start":{"line":67,"column":0},"end":{"line":67,"column":37}}},"fnMap":{"0":{"name":"(anonymous_0)","decl":{"start":{"line":30,"column":4},"end":{"line":30,"column":5}},"loc":{"start":{"line":30,"column":15},"end":{"line":33,"column":5}},"line":30},"1":{"name":"(anonymous_1)","decl":{"start":{"line":34,"column":4},"end":{"line":34,"column":5}},"loc":{"start":{"line":34,"column":80},"end":{"line":36,"column":5}},"line":34},"2":{"name":"(anonymous_2)","decl":{"start":{"line":37,"column":4},"end":{"line":37,"column":5}},"loc":{"start":{"line":37,"column":83},"end":{"line":39,"column":5}},"line":37},"3":{"name":"(anonymous_3)","decl":{"start":{"line":40,"column":4},"end":{"line":40,"column":5}},"loc":{"start":{"line":40,"column":70},"end":{"line":42,"column":5}},"line":40},"4":{"name":"(anonymous_4)","decl":{"start":{"line":43,"column":4},"end":{"line":43,"column":5}},"loc":{"start":{"line":43,"column":74},"end":{"line":45,"column":5}},"line":43},"5":{"name":"(anonymous_5)","decl":{"start":{"line":46,"column":4},"end":{"line":46,"column":5}},"loc":{"start":{"line":46,"column":52},"end":{"line":48,"column":5}},"line":46},"6":{"name":"(anonymous_6)","decl":{"start":{"line":49,"column":4},"end":{"line":49,"column":5}},"loc":{"start":{"line":49,"column":41},"end":{"line":64,"column":5}},"line":49}},"branchMap":{"0":{"loc":{"start":{"line":49,"column":28},"end":{"line":49,"column":39}},"type":"default-arg","locations":[{"start":{"line":49,"column":38},"end":{"line":49,"column":39}}],"line":49},"1":{"loc":{"start":{"line":53,"column":8},"end":{"line":63,"column":9}},"type":"if","locations":[{"start":{"line":53,"column":8},"end":{"line":63,"column":9}},{"start":{"line":61,"column":13},"end":{"line":63,"column":9}}],"line":53},"2":{"loc":{"start":{"line":54,"column":12},"end":{"line":59,"column":13}},"type":"if","locations":[{"start":{"line":54,"column":12},"end":{"line":59,"column":13}},{"start":{"line":57,"column":17},"end":{"line":59,"column":13}}],"line":54}},"s":{"0":1,"1":1,"2":1,"3":1,"4":1,"5":1,"6":1,"7":1,"8":1,"9":1,"10":1,"11":1,"12":1,"13":1,"14":1,"15":15,"16":15,"17":7,"18":4,"19":0,"20":0,"21":4,"22":10,"23":10,"24":10,"25":10,"26":10,"27":2,"28":8,"29":0,"30":1,"31":1},"f":{"0":15,"1":7,"2":4,"3":0,"4":0,"5":4,"6":10},"b":{"0":[10],"1":[10,0],"2":[2,8]},"inputSourceMap":{"version":3,"file":"index.js","sourceRoot":"","sources":["../../../src/derivation/index.ts"],"names":[],"mappings":";;;AAAA,+BAAmC;AACnC,iCAAqC;AACrC,+BAAmC;AACnC,+BAAmC;AACnC,iCAAqC;AACrC,+BAAmC;AACnC,+BAAmC;AACnC,mCAAuC;AACvC,6BAAiC;AACjC,mCAAgC;AAChC,+BAAmC;AACnC,+BAAmC;AAGnC,MAAM,QAAQ,GAAkC;IAC9C,GAAG,EAAE,IAAI,gBAAU,EAAE;IACrB,GAAG,EAAE,IAAI,gBAAU,EAAE;IACrB,GAAG,EAAE,IAAI,gBAAU,EAAE;IACrB,GAAG,EAAE,IAAI,gBAAU,EAAE;IACrB,IAAI,EAAE,IAAI,kBAAW,EAAE;IACvB,GAAG,EAAE,IAAI,gBAAU,EAAE;IACrB,KAAK,EAAE,IAAI,oBAAY,EAAE;IACzB,GAAG,EAAE,IAAI,gBAAU,EAAE;IACrB,IAAI,EAAE,IAAI,kBAAW,EAAE;IACvB,EAAE,EAAE,IAAI,cAAS,EAAE;IACnB,GAAG,EAAE,IAAI,gBAAU,EAAE;CACtB,CAAC;AAEF,MAAa,YAAY;IACf,GAAG,CAAC,KAAK;QACf,MAAM,eAAe,GAAG,KAAK,CAAC,WAAW,EAAE,CAAC;QAC5C,OAAO,QAAQ,CAAC,eAAe,CAAC,CAAC;IACnC,CAAC;IAYD,aAAa,CAAC,KAAK,EAAE,OAAO,EAAE,OAAO,EAAE,YAAY,EAAE,QAAQ,EAAE,WAAY;QACzE,OAAO,IAAI,CAAC,GAAG,CAAC,KAAK,CAAC,CAAC,aAAa,CAAC,OAAO,EAAE,OAAO,EAAE,YAAY,EAAE,QAAQ,EAAE,WAAW,CAAC,CAAC;IAC9F,CAAC;IAYD,gBAAgB,CAAC,KAAK,EAAE,OAAO,EAAE,OAAO,EAAE,YAAY,EAAE,QAAQ,EAAE,WAAY;QAC5E,OAAO,IAAI,CAAC,GAAG,CAAC,KAAK,CAAC,CAAC,gBAAgB,CAAC,OAAO,EAAE,OAAO,EAAE,YAAY,EAAE,QAAQ,EAAE,WAAW,CAAC,CAAC;IACjG,CAAC;IAcD,qBAAqB,CAAC,KAAK,EAAE,OAAO,EAAE,OAAO,EAAE,IAAI,EAAE,WAAW;QAC9D,OAAO,IAAI,CAAC,GAAG,CAAC,KAAK,CAAC,CAAC,qBAAqB,CAAC,OAAO,EAAE,OAAO,EAAE,IAAI,EAAE,WAAW,CAAC,CAAC;IACpF,CAAC;IAcD,wBAAwB,CAAC,KAAK,EAAE,OAAO,EAAE,QAAQ,EAAE,IAAI,EAAE,WAAW;QAClE,OAAO,IAAI,CAAC,GAAG,CAAC,KAAK,CAAC,CAAC,wBAAwB,CAAC,OAAO,EAAE,QAAQ,EAAE,IAAI,EAAE,WAAW,CAAC,CAAC;IACxF,CAAC;IAWD,UAAU,CAAC,KAAK,EAAE,OAAO,EAAE,MAAM,EAAE,WAAY;QAC7C,OAAO,IAAI,CAAC,GAAG,CAAC,KAAK,CAAC,CAAC,UAAU,CAAC,OAAO,EAAE,MAAM,EAAE,WAAW,CAAC,CAAC;IAClE,CAAC;IAED,OAAO,CAAC,KAAK,EAAE,OAAO,EAAE,OAAO,GAAG,CAAC;QACjC,MAAM,eAAe,GAAG,KAAK,CAAC,WAAW,EAAE,CAAC;QAC5C,MAAM,UAAU,GAAG,GAAG,OAAO,GAAG,CAAC;QACjC,MAAM,WAAW,GAAG,aAAK,CAAC,eAAe,CAAC,CAAC;QAC3C,IAAI,WAAW,EAAE,CAAC;YAChB,IAAI,WAAW,CAAC,OAAO,CAAC,EAAE,CAAC;gBACzB,OAAO,WAAW,CAAC,OAAO,CAAC,GAAG,UAAU,CAAC;YAC3C,CAAC;iBAAM,CAAC;gBACN,OAAO,WAAW,CAAC,OAAO,GAAG,UAAU,CAAC;YAC1C,CAAC;QACH,CAAC;aAAM,CAAC;YACN,OAAO,aAAK,CAAC,GAAG,CAAC,OAAO,GAAG,UAAU,CAAC;QACxC,CAAC;IACH,CAAC;CACF;AA7FD,oCA6FC;AAED,kBAAe,IAAI,YAAY,EAAE,CAAC"},"_coverageSchema":"1a1c01bbd47fc00a2c39e90264f33305004495a9","hash":"4bb65f721cb3249c894cee8527fd2a7315ff6a25","contentHash":"a7f4400f3aeaeea8453ac821df52aca14122392c83f181e9ff69fa84defb006d"},"/home/micah/dev/bitcore/packages/crypto-wallet-core/ts_build/src/derivation/arb/index.js":{"path":"/home/micah/dev/bitcore/packages/crypto-wallet-core/ts_build/src/derivation/arb/index.js","statementMap":{"0":{"start":{"line":2,"column":0},"end":{"line":2,"column":62}},"1":{"start":{"line":3,"column":0},"end":{"line":3,"column":28}},"2":{"start":{"line":4,"column":14},"end":{"line":4,"column":31}},"3":{"start":{"line":7,"column":0},"end":{"line":7,"column":32}}},"fnMap":{},"branchMap":{},"s":{"0":1,"1":1,"2":1,"3":1},"f":{},"b":{},"inputSourceMap":{"version":3,"file":"index.js","sourceRoot":"","sources":["../../../../src/derivation/arb/index.ts"],"names":[],"mappings":";;;AAAA,gCAAoC;AAEpC,MAAa,UAAW,SAAQ,gBAAU;CAAI;AAA9C,gCAA8C"},"_coverageSchema":"1a1c01bbd47fc00a2c39e90264f33305004495a9","hash":"5e731ced252d1ab8ad6cce4ced08a586080bec17","contentHash":"ff8d4e5ff531c0d600679e4caa28ec9e0093d9e3e090b4b7ef77414e35e1979b"},"/home/micah/dev/bitcore/packages/crypto-wallet-core/ts_build/src/derivation/eth/index.js":{"path":"/home/micah/dev/bitcore/packages/crypto-wallet-core/ts_build/src/derivation/eth/index.js","statementMap":{"0":{"start":{"line":2,"column":22},"end":{"line":4,"column":1}},"1":{"start":{"line":3,"column":4},"end":{"line":3,"column":62}},"2":{"start":{"line":5,"column":0},"end":{"line":5,"column":62}},"3":{"start":{"line":6,"column":0},"end":{"line":6,"column":28}},"4":{"start":{"line":7,"column":22},"end":{"line":7,"column":74}},"5":{"start":{"line":8,"column":15},"end":{"line":8,"column":47}},"6":{"start":{"line":11,"column":8},"end":{"line":13,"column":9}},"7":{"start":{"line":12,"column":12},"end":{"line":12,"column":57}},"8":{"start":{"line":14,"column":8},"end":{"line":16,"column":9}},"9":{"start":{"line":15,"column":12},"end":{"line":15,"column":65}},"10":{"start":{"line":17,"column":8},"end":{"line":17,"column":19}},"11":{"start":{"line":20,"column":26},"end":{"line":20,"column":42}},"12":{"start":{"line":21,"column":21},"end":{"line":21,"column":53}},"13":{"start":{"line":22,"column":8},"end":{"line":22,"column":66}},"14":{"start":{"line":25,"column":24},"end":{"line":25,"column":84}},"15":{"start":{"line":26,"column":18},"end":{"line":26,"column":55}},"16":{"start":{"line":27,"column":18},"end":{"line":27,"column":55}},"17":{"start":{"line":28,"column":29},"end":{"line":28,"column":50}},"18":{"start":{"line":29,"column":24},"end":{"line":29,"column":101}},"19":{"start":{"line":30,"column":8},"end":{"line":30,"column":63}},"20":{"start":{"line":33,"column":26},"end":{"line":33,"column":42}},"21":{"start":{"line":34,"column":21},"end":{"line":34,"column":53}},"22":{"start":{"line":35,"column":8},"end":{"line":35,"column":67}},"23":{"start":{"line":38,"column":21},"end":{"line":38,"column":76}},"24":{"start":{"line":39,"column":24},"end":{"line":39,"column":51}},"25":{"start":{"line":40,"column":8},"end":{"line":40,"column":67}},"26":{"start":{"line":43,"column":22},"end":{"line":43,"column":79}},"27":{"start":{"line":44,"column":31},"end":{"line":44,"column":49}},"28":{"start":{"line":45,"column":24},"end":{"line":45,"column":65}},"29":{"start":{"line":46,"column":26},"end":{"line":46,"column":50}},"30":{"start":{"line":47,"column":23},"end":{"line":47,"column":48}},"31":{"start":{"line":48,"column":29},"end":{"line":48,"column":49}},"32":{"start":{"line":49,"column":24},"end":{"line":49,"column":69}},"33":{"start":{"line":50,"column":8},"end":{"line":50,"column":50}},"34":{"start":{"line":53,"column":8},"end":{"line":53,"column":70}},"35":{"start":{"line":54,"column":8},"end":{"line":54,"column":66}},"36":{"start":{"line":57,"column":0},"end":{"line":57,"column":32}}},"fnMap":{"0":{"name":"(anonymous_0)","decl":{"start":{"line":2,"column":56},"end":{"line":2,"column":57}},"loc":{"start":{"line":2,"column":71},"end":{"line":4,"column":1}},"line":2},"1":{"name":"(anonymous_1)","decl":{"start":{"line":10,"column":4},"end":{"line":10,"column":5}},"loc":{"start":{"line":10,"column":17},"end":{"line":18,"column":5}},"line":10},"2":{"name":"(anonymous_2)","decl":{"start":{"line":19,"column":4},"end":{"line":19,"column":5}},"loc":{"start":{"line":19,"column":60},"end":{"line":23,"column":5}},"line":19},"3":{"name":"(anonymous_3)","decl":{"start":{"line":24,"column":4},"end":{"line":24,"column":5}},"loc":{"start":{"line":24,"column":39},"end":{"line":31,"column":5}},"line":24},"4":{"name":"(anonymous_4)","decl":{"start":{"line":32,"column":4},"end":{"line":32,"column":5}},"loc":{"start":{"line":32,"column":61},"end":{"line":36,"column":5}},"line":32},"5":{"name":"(anonymous_5)","decl":{"start":{"line":37,"column":4},"end":{"line":37,"column":5}},"loc":{"start":{"line":37,"column":50},"end":{"line":41,"column":5}},"line":37},"6":{"name":"(anonymous_6)","decl":{"start":{"line":42,"column":4},"end":{"line":42,"column":5}},"loc":{"start":{"line":42,"column":54},"end":{"line":51,"column":5}},"line":42},"7":{"name":"(anonymous_7)","decl":{"start":{"line":52,"column":4},"end":{"line":52,"column":5}},"loc":{"start":{"line":52,"column":32},"end":{"line":55,"column":5}},"line":52}},"branchMap":{"0":{"loc":{"start":{"line":2,"column":22},"end":{"line":4,"column":1}},"type":"binary-expr","locations":[{"start":{"line":2,"column":23},"end":{"line":2,"column":27}},{"start":{"line":2,"column":31},"end":{"line":2,"column":51}},{"start":{"line":2,"column":56},"end":{"line":4,"column":1}}],"line":2},"1":{"loc":{"start":{"line":3,"column":11},"end":{"line":3,"column":61}},"type":"cond-expr","locations":[{"start":{"line":3,"column":37},"end":{"line":3,"column":40}},{"start":{"line":3,"column":43},"end":{"line":3,"column":61}}],"line":3},"2":{"loc":{"start":{"line":3,"column":12},"end":{"line":3,"column":33}},"type":"binary-expr","locations":[{"start":{"line":3,"column":12},"end":{"line":3,"column":15}},{"start":{"line":3,"column":19},"end":{"line":3,"column":33}}],"line":3},"3":{"loc":{"start":{"line":14,"column":8},"end":{"line":16,"column":9}},"type":"if","locations":[{"start":{"line":14,"column":8},"end":{"line":16,"column":9}},{"start":{},"end":{}}],"line":14},"4":{"loc":{"start":{"line":20,"column":26},"end":{"line":20,"column":42}},"type":"cond-expr","locations":[{"start":{"line":20,"column":37},"end":{"line":20,"column":38}},{"start":{"line":20,"column":41},"end":{"line":20,"column":42}}],"line":20},"5":{"loc":{"start":{"line":33,"column":26},"end":{"line":33,"column":42}},"type":"cond-expr","locations":[{"start":{"line":33,"column":37},"end":{"line":33,"column":38}},{"start":{"line":33,"column":41},"end":{"line":33,"column":42}}],"line":33}},"s":{"0":1,"1":2,"2":1,"3":1,"4":1,"5":1,"6":0,"7":0,"8":0,"9":0,"10":0,"11":2,"12":2,"13":2,"14":4,"15":4,"16":4,"17":4,"18":4,"19":4,"20":2,"21":2,"22":2,"23":2,"24":2,"25":2,"26":2,"27":2,"28":2,"29":2,"30":2,"31":2,"32":2,"33":2,"34":0,"35":0,"36":1},"f":{"0":2,"1":0,"2":2,"3":4,"4":2,"5":2,"6":2,"7":0},"b":{"0":[1,1,1],"1":[1,1],"2":[2,2],"3":[0,0],"4":[0,2],"5":[0,2]},"inputSourceMap":{"version":3,"file":"index.js","sourceRoot":"","sources":["../../../../src/derivation/eth/index.ts"],"names":[],"mappings":";;;;;;AAAA,2EAAkD;AAClD,gDAAwB;AAGxB,MAAa,UAAU;IACrB,OAAO,CAAC,GAAG;QACT,OAAO,GAAG,CAAC,MAAM,GAAG,EAAE,EAAE,CAAC;YACvB,GAAG,GAAG,MAAM,CAAC,MAAM,CAAC,CAAC,MAAM,CAAC,IAAI,CAAC,CAAC,CAAC,CAAC,CAAC,EAAE,GAAG,CAAC,CAAC,CAAC;QAC/C,CAAC;QACD,IAAI,GAAG,CAAC,MAAM,KAAK,EAAE,EAAE,CAAC;YACtB,MAAM,IAAI,KAAK,CAAC,uBAAuB,GAAG,CAAC,MAAM,EAAE,CAAC,CAAC;QACvD,CAAC;QACD,OAAO,GAAG,CAAC;IACb,CAAC;IAED,aAAa,CAAC,OAAO,EAAE,OAAO,EAAE,YAAY,EAAE,QAAQ;QACpD,MAAM,SAAS,GAAG,QAAQ,CAAC,CAAC,CAAC,CAAC,CAAC,CAAC,CAAC,CAAC,CAAC;QACnC,MAAM,IAAI,GAAG,KAAK,SAAS,IAAI,YAAY,EAAE,CAAC;QAC9C,OAAO,IAAI,CAAC,qBAAqB,CAAC,OAAO,EAAE,OAAO,EAAE,IAAI,CAAC,CAAC;IAC5D,CAAC;IAED,0BAA0B,CAAC,MAAc;QACvC,MAAM,OAAO,GAAG,IAAI,qBAAU,CAAC,SAAS,CAAC,UAAU,CAAC,MAAM,CAAC,CAAC,KAAK,CAAC;QAClE,MAAM,CAAC,GAAG,OAAO,CAAC,IAAI,EAAE,CAAC,QAAQ,CAAC,EAAE,IAAI,EAAE,EAAE,EAAE,CAAC,CAAC;QAChD,MAAM,CAAC,GAAG,OAAO,CAAC,IAAI,EAAE,CAAC,QAAQ,CAAC,EAAE,IAAI,EAAE,EAAE,EAAE,CAAC,CAAC;QAChD,MAAM,YAAY,GAAG,MAAM,CAAC,MAAM,CAAC,CAAC,CAAC,EAAE,CAAC,CAAC,CAAC,CAAC;QAC3C,MAAM,OAAO,GAAG,cAAI,CAAC,KAAK,CAAC,SAAS,CAAC,KAAK,YAAY,CAAC,QAAQ,CAAC,KAAK,CAAC,EAAE,CAAC,CAAC,KAAK,CAAC,EAAE,CAAC,CAAC;QACpF,OAAO,cAAI,CAAC,KAAK,CAAC,iBAAiB,CAAC,OAAO,CAAC,CAAC;IAC/C,CAAC;IAED,gBAAgB,CAAC,OAAO,EAAE,KAAK,EAAE,YAAY,EAAE,QAAQ;QACrD,MAAM,SAAS,GAAG,QAAQ,CAAC,CAAC,CAAC,CAAC,CAAC,CAAC,CAAC,CAAC,CAAC;QACnC,MAAM,IAAI,GAAG,KAAK,SAAS,IAAI,YAAY,EAAE,CAAC;QAC9C,OAAO,IAAI,CAAC,wBAAwB,CAAC,OAAO,EAAE,KAAK,EAAE,IAAI,CAAC,CAAC;IAC7D,CAAC;IAED,qBAAqB,CAAC,OAAe,EAAE,OAAe,EAAE,IAAY;QAClE,MAAM,IAAI,GAAG,IAAI,qBAAU,CAAC,WAAW,CAAC,OAAO,EAAE,OAAO,CAAC,CAAC;QAC1D,MAAM,OAAO,GAAG,IAAI,CAAC,MAAM,CAAC,IAAI,CAAC,CAAC,SAAS,CAAC;QAC5C,OAAO,IAAI,CAAC,0BAA0B,CAAC,OAAO,CAAC,QAAQ,EAAE,CAAC,CAAC;IAC7D,CAAC;IAED,wBAAwB,CAAC,OAAe,EAAE,QAAgB,EAAE,IAAY;QACtE,MAAM,KAAK,GAAG,IAAI,qBAAU,CAAC,YAAY,CAAC,QAAQ,EAAE,OAAO,CAAC,CAAC;QAC7D,MAAM,cAAc,GAAG,KAAK,CAAC,MAAM,CAAC,IAAI,CAAC,CAAC;QAC1C,MAAM,OAAO,GAAG,cAAc,CAAC,UAAU,CAAC,QAAQ,CAAC,KAAK,CAAC,CAAC;QAC1D,MAAM,SAAS,GAAG,cAAc,CAAC,SAAS,CAAC;QAC3C,MAAM,MAAM,GAAG,SAAS,CAAC,QAAQ,CAAC,KAAK,CAAC,CAAC;QACzC,MAAM,YAAY,GAAG,SAAS,CAAC,QAAQ,EAAE,CAAC;QAC1C,MAAM,OAAO,GAAG,IAAI,CAAC,0BAA0B,CAAC,YAAY,CAAC,CAAC;QAC9D,OAAO,EAAE,OAAO,EAAE,OAAO,EAAE,MAAM,EAAE,IAAI,EAAE,CAAC;IAC5C,CAAC;IAED,UAAU,CAAC,OAAe,EAAE,MAAM;QAChC,MAAM,GAAG,IAAI,qBAAU,CAAC,SAAS,CAAC,MAAM,EAAE,OAAO,CAAC,CAAC;QACnD,OAAO,IAAI,CAAC,0BAA0B,CAAC,MAAM,CAAC,QAAQ,EAAE,CAAC,CAAC;IAC5D,CAAC;CACF;AArDD,gCAqDC"},"_coverageSchema":"1a1c01bbd47fc00a2c39e90264f33305004495a9","hash":"914db9d1e1f8f68bf62b88c627afcacbaaf436c4","contentHash":"ccd26c3f6d2feb12012aad877dddcf26097d03049f6ac5aa6d352bf9efb6a2c6"},"/home/micah/dev/bitcore/packages/crypto-wallet-core/ts_build/src/derivation/base/index.js":{"path":"/home/micah/dev/bitcore/packages/crypto-wallet-core/ts_build/src/derivation/base/index.js","statementMap":{"0":{"start":{"line":2,"column":0},"end":{"line":2,"column":62}},"1":{"start":{"line":3,"column":0},"end":{"line":3,"column":29}},"2":{"start":{"line":4,"column":14},"end":{"line":4,"column":31}},"3":{"start":{"line":7,"column":0},"end":{"line":7,"column":34}}},"fnMap":{},"branchMap":{},"s":{"0":1,"1":1,"2":1,"3":1},"f":{},"b":{},"inputSourceMap":{"version":3,"file":"index.js","sourceRoot":"","sources":["../../../../src/derivation/base/index.ts"],"names":[],"mappings":";;;AAAA,gCAAoC;AAEpC,MAAa,WAAY,SAAQ,gBAAU;CAAI;AAA/C,kCAA+C"},"_coverageSchema":"1a1c01bbd47fc00a2c39e90264f33305004495a9","hash":"5fdda3f8fbba158ae36ddd157648fcfb7e49a93f","contentHash":"70a6c0d21b298533280fd239331e410b78fe46d592c972c619cafb4582302848"},"/home/micah/dev/bitcore/packages/crypto-wallet-core/ts_build/src/derivation/bch/index.js":{"path":"/home/micah/dev/bitcore/packages/crypto-wallet-core/ts_build/src/derivation/bch/index.js","statementMap":{"0":{"start":{"line":2,"column":22},"end":{"line":4,"column":1}},"1":{"start":{"line":3,"column":4},"end":{"line":3,"column":62}},"2":{"start":{"line":5,"column":0},"end":{"line":5,"column":62}},"3":{"start":{"line":6,"column":0},"end":{"line":6,"column":28}},"4":{"start":{"line":7,"column":27},"end":{"line":7,"column":84}},"5":{"start":{"line":8,"column":14},"end":{"line":8,"column":31}},"6":{"start":{"line":10,"column":17},"end":{"line":10,"column":43}},"7":{"start":{"line":12,"column":8},"end":{"line":12,"column":55}},"8":{"start":{"line":13,"column":8},"end":{"line":13,"column":88}},"9":{"start":{"line":16,"column":0},"end":{"line":16,"column":32}}},"fnMap":{"0":{"name":"(anonymous_0)","decl":{"start":{"line":2,"column":56},"end":{"line":2,"column":57}},"loc":{"start":{"line":2,"column":71},"end":{"line":4,"column":1}},"line":2},"1":{"name":"(anonymous_1)","decl":{"start":{"line":11,"column":4},"end":{"line":11,"column":5}},"loc":{"start":{"line":11,"column":45},"end":{"line":14,"column":5}},"line":11}},"branchMap":{"0":{"loc":{"start":{"line":2,"column":22},"end":{"line":4,"column":1}},"type":"binary-expr","locations":[{"start":{"line":2,"column":23},"end":{"line":2,"column":27}},{"start":{"line":2,"column":31},"end":{"line":2,"column":51}},{"start":{"line":2,"column":56},"end":{"line":4,"column":1}}],"line":2},"1":{"loc":{"start":{"line":3,"column":11},"end":{"line":3,"column":61}},"type":"cond-expr","locations":[{"start":{"line":3,"column":37},"end":{"line":3,"column":40}},{"start":{"line":3,"column":43},"end":{"line":3,"column":61}}],"line":3},"2":{"loc":{"start":{"line":3,"column":12},"end":{"line":3,"column":33}},"type":"binary-expr","locations":[{"start":{"line":3,"column":12},"end":{"line":3,"column":15}},{"start":{"line":3,"column":19},"end":{"line":3,"column":33}}],"line":3}},"s":{"0":1,"1":1,"2":1,"3":1,"4":1,"5":1,"6":1,"7":1,"8":1,"9":1},"f":{"0":1,"1":1},"b":{"0":[1,1,1],"1":[0,1],"2":[1,1]},"inputSourceMap":{"version":3,"file":"index.js","sourceRoot":"","sources":["../../../../src/derivation/bch/index.ts"],"names":[],"mappings":";;;;;;AAAA,qFAA2D;AAC3D,gCAAmD;AAEnD,MAAa,UAAW,SAAQ,+BAAyB;IACvD,UAAU,GAAG,0BAAc,CAAC;IAE5B,UAAU,CAAC,OAAe,EAAE,MAAM,EAAE,WAAmB;QACrD,MAAM,GAAG,IAAI,IAAI,CAAC,UAAU,CAAC,SAAS,CAAC,MAAM,CAAC,CAAC;QAC/C,OAAO,IAAI,IAAI,CAAC,UAAU,CAAC,OAAO,CAAC,MAAM,EAAE,OAAO,EAAE,WAAW,CAAC,CAAC,QAAQ,CAAC,IAAI,CAAC,CAAC;IAClF,CAAC;CACF;AAPD,gCAOC"},"_coverageSchema":"1a1c01bbd47fc00a2c39e90264f33305004495a9","hash":"06a3c8aeb720c8b034656b6f4778f0bf3d612b62","contentHash":"5c731bd4330cfaebdc30892cbd33007b97c9ccc99dd84b7902b26748f99562ee"},"/home/micah/dev/bitcore/packages/crypto-wallet-core/ts_build/src/derivation/btc/index.js":{"path":"/home/micah/dev/bitcore/packages/crypto-wallet-core/ts_build/src/derivation/btc/index.js","statementMap":{"0":{"start":{"line":2,"column":22},"end":{"line":4,"column":1}},"1":{"start":{"line":3,"column":4},"end":{"line":3,"column":62}},"2":{"start":{"line":5,"column":0},"end":{"line":5,"column":62}},"3":{"start":{"line":6,"column":0},"end":{"line":6,"column":64}},"4":{"start":{"line":7,"column":22},"end":{"line":7,"column":74}},"5":{"start":{"line":10,"column":26},"end":{"line":10,"column":42}},"6":{"start":{"line":11,"column":21},"end":{"line":11,"column":53}},"7":{"start":{"line":12,"column":8},"end":{"line":12,"column":78}},"8":{"start":{"line":15,"column":26},"end":{"line":15,"column":42}},"9":{"start":{"line":16,"column":21},"end":{"line":16,"column":53}},"10":{"start":{"line":17,"column":8},"end":{"line":17,"column":80}},"11":{"start":{"line":20,"column":21},"end":{"line":20,"column":70}},"12":{"start":{"line":21,"column":8},"end":{"line":21,"column":82}},"13":{"start":{"line":24,"column":22},"end":{"line":24,"column":73}},"14":{"start":{"line":25,"column":24},"end":{"line":25,"column":58}},"15":{"start":{"line":26,"column":23},"end":{"line":26,"column":40}},"16":{"start":{"line":27,"column":24},"end":{"line":27,"column":69}},"17":{"start":{"line":28,"column":8},"end":{"line":28,"column":89}},"18":{"start":{"line":31,"column":8},"end":{"line":31,"column":55}},"19":{"start":{"line":32,"column":8},"end":{"line":32,"column":84}},"20":{"start":{"line":35,"column":0},"end":{"line":35,"column":62}},"21":{"start":{"line":37,"column":17},"end":{"line":37,"column":38}},"22":{"start":{"line":39,"column":0},"end":{"line":39,"column":32}}},"fnMap":{"0":{"name":"(anonymous_0)","decl":{"start":{"line":2,"column":56},"end":{"line":2,"column":57}},"loc":{"start":{"line":2,"column":71},"end":{"line":4,"column":1}},"line":2},"1":{"name":"(anonymous_1)","decl":{"start":{"line":9,"column":4},"end":{"line":9,"column":5}},"loc":{"start":{"line":9,"column":72},"end":{"line":13,"column":5}},"line":9},"2":{"name":"(anonymous_2)","decl":{"start":{"line":14,"column":4},"end":{"line":14,"column":5}},"loc":{"start":{"line":14,"column":74},"end":{"line":18,"column":5}},"line":14},"3":{"name":"(anonymous_3)","decl":{"start":{"line":19,"column":4},"end":{"line":19,"column":5}},"loc":{"start":{"line":19,"column":63},"end":{"line":22,"column":5}},"line":19},"4":{"name":"(anonymous_4)","decl":{"start":{"line":23,"column":4},"end":{"line":23,"column":5}},"loc":{"start":{"line":23,"column":67},"end":{"line":29,"column":5}},"line":23},"5":{"name":"(anonymous_5)","decl":{"start":{"line":30,"column":4},"end":{"line":30,"column":5}},"loc":{"start":{"line":30,"column":45},"end":{"line":33,"column":5}},"line":30}},"branchMap":{"0":{"loc":{"start":{"line":2,"column":22},"end":{"line":4,"column":1}},"type":"binary-expr","locations":[{"start":{"line":2,"column":23},"end":{"line":2,"column":27}},{"start":{"line":2,"column":31},"end":{"line":2,"column":51}},{"start":{"line":2,"column":56},"end":{"line":4,"column":1}}],"line":2},"1":{"loc":{"start":{"line":3,"column":11},"end":{"line":3,"column":61}},"type":"cond-expr","locations":[{"start":{"line":3,"column":37},"end":{"line":3,"column":40}},{"start":{"line":3,"column":43},"end":{"line":3,"column":61}}],"line":3},"2":{"loc":{"start":{"line":3,"column":12},"end":{"line":3,"column":33}},"type":"binary-expr","locations":[{"start":{"line":3,"column":12},"end":{"line":3,"column":15}},{"start":{"line":3,"column":19},"end":{"line":3,"column":33}}],"line":3},"3":{"loc":{"start":{"line":10,"column":26},"end":{"line":10,"column":42}},"type":"cond-expr","locations":[{"start":{"line":10,"column":37},"end":{"line":10,"column":38}},{"start":{"line":10,"column":41},"end":{"line":10,"column":42}}],"line":10},"4":{"loc":{"start":{"line":15,"column":26},"end":{"line":15,"column":42}},"type":"cond-expr","locations":[{"start":{"line":15,"column":37},"end":{"line":15,"column":38}},{"start":{"line":15,"column":41},"end":{"line":15,"column":42}}],"line":15}},"s":{"0":1,"1":1,"2":1,"3":1,"4":1,"5":4,"6":4,"7":4,"8":0,"9":0,"10":0,"11":4,"12":4,"13":0,"14":0,"15":0,"16":0,"17":0,"18":3,"19":3,"20":1,"21":1,"22":1},"f":{"0":1,"1":4,"2":0,"3":4,"4":0,"5":3},"b":{"0":[1,1,1],"1":[0,1],"2":[1,1],"3":[0,4],"4":[0,0]},"inputSourceMap":{"version":3,"file":"index.js","sourceRoot":"","sources":["../../../../src/derivation/btc/index.ts"],"names":[],"mappings":";;;;;;AAAA,2EAAkD;AAGlD,MAAsB,yBAAyB;IAG7C,aAAa,CAAC,OAAO,EAAE,MAAM,EAAE,YAAY,EAAE,QAAQ,EAAE,WAAW;QAChE,MAAM,SAAS,GAAG,QAAQ,CAAC,CAAC,CAAC,CAAC,CAAC,CAAC,CAAC,CAAC,CAAC;QACnC,MAAM,IAAI,GAAG,KAAK,SAAS,IAAI,YAAY,EAAE,CAAC;QAC9C,OAAO,IAAI,CAAC,qBAAqB,CAAC,OAAO,EAAE,MAAM,EAAE,IAAI,EAAE,WAAW,CAAC,CAAC;IACxE,CAAC;IAED,gBAAgB,CAAC,OAAO,EAAE,KAAK,EAAE,YAAY,EAAE,QAAQ,EAAE,WAAW;QAClE,MAAM,SAAS,GAAG,QAAQ,CAAC,CAAC,CAAC,CAAC,CAAC,CAAC,CAAC,CAAC,CAAC;QACnC,MAAM,IAAI,GAAG,KAAK,SAAS,IAAI,YAAY,EAAE,CAAC;QAC9C,OAAO,IAAI,CAAC,wBAAwB,CAAC,OAAO,EAAE,KAAK,EAAE,IAAI,EAAE,WAAW,CAAC,CAAC;IAC1E,CAAC;IAED,qBAAqB,CAAC,OAAe,EAAE,OAAe,EAAE,IAAY,EAAE,WAAmB;QACvF,MAAM,IAAI,GAAG,IAAI,IAAI,CAAC,UAAU,CAAC,WAAW,CAAC,OAAO,EAAE,OAAO,CAAC,CAAC;QAC/D,OAAO,IAAI,CAAC,UAAU,CAAC,OAAO,EAAE,IAAI,CAAC,MAAM,CAAC,IAAI,CAAC,CAAC,SAAS,EAAE,WAAW,CAAC,CAAC;IAC5E,CAAC;IAED,wBAAwB,CAAC,OAAe,EAAE,QAAgB,EAAE,IAAY,EAAE,WAAmB;QAC3F,MAAM,KAAK,GAAG,IAAI,IAAI,CAAC,UAAU,CAAC,YAAY,CAAC,QAAQ,EAAE,OAAO,CAAC,CAAC;QAClE,MAAM,OAAO,GAAG,KAAK,CAAC,WAAW,CAAC,IAAI,CAAC,CAAC,UAAU,CAAC;QACnD,MAAM,MAAM,GAAG,OAAO,CAAC,SAAS,CAAC;QACjC,MAAM,OAAO,GAAG,IAAI,CAAC,UAAU,CAAC,OAAO,EAAE,MAAM,EAAE,WAAW,CAAC,CAAC;QAC9D,OAAO,EAAE,OAAO,EAAE,OAAO,EAAE,OAAO,CAAC,QAAQ,EAAE,EAAE,MAAM,EAAE,MAAM,CAAC,QAAQ,EAAE,EAAE,IAAI,EAAE,CAAC;IACnF,CAAC;IAED,UAAU,CAAC,OAAe,EAAE,MAAM,EAAE,WAAmB;QACrD,MAAM,GAAG,IAAI,IAAI,CAAC,UAAU,CAAC,SAAS,CAAC,MAAM,CAAC,CAAC;QAC/C,OAAO,IAAI,IAAI,CAAC,UAAU,CAAC,OAAO,CAAC,MAAM,EAAE,OAAO,EAAE,WAAW,CAAC,CAAC,QAAQ,EAAE,CAAC;IAC9E,CAAC;CACF;AAhCD,8DAgCC;AACD,MAAa,UAAW,SAAQ,yBAAyB;IACvD,UAAU,GAAG,qBAAU,CAAC;CACzB;AAFD,gCAEC"},"_coverageSchema":"1a1c01bbd47fc00a2c39e90264f33305004495a9","hash":"846ff8fcf2304d03a0bc2308285db9075c19635a","contentHash":"872f12df775ce55c7260b969dc8a9d1a8106298c5cd1175f98b3ba2ddb8f6080"},"/home/micah/dev/bitcore/packages/crypto-wallet-core/ts_build/src/derivation/doge/index.js":{"path":"/home/micah/dev/bitcore/packages/crypto-wallet-core/ts_build/src/derivation/doge/index.js","statementMap":{"0":{"start":{"line":2,"column":22},"end":{"line":4,"column":1}},"1":{"start":{"line":3,"column":4},"end":{"line":3,"column":62}},"2":{"start":{"line":5,"column":0},"end":{"line":5,"column":62}},"3":{"start":{"line":6,"column":0},"end":{"line":6,"column":29}},"4":{"start":{"line":7,"column":27},"end":{"line":7,"column":84}},"5":{"start":{"line":8,"column":14},"end":{"line":8,"column":31}},"6":{"start":{"line":10,"column":17},"end":{"line":10,"column":43}},"7":{"start":{"line":12,"column":0},"end":{"line":12,"column":34}}},"fnMap":{"0":{"name":"(anonymous_0)","decl":{"start":{"line":2,"column":56},"end":{"line":2,"column":57}},"loc":{"start":{"line":2,"column":71},"end":{"line":4,"column":1}},"line":2}},"branchMap":{"0":{"loc":{"start":{"line":2,"column":22},"end":{"line":4,"column":1}},"type":"binary-expr","locations":[{"start":{"line":2,"column":23},"end":{"line":2,"column":27}},{"start":{"line":2,"column":31},"end":{"line":2,"column":51}},{"start":{"line":2,"column":56},"end":{"line":4,"column":1}}],"line":2},"1":{"loc":{"start":{"line":3,"column":11},"end":{"line":3,"column":61}},"type":"cond-expr","locations":[{"start":{"line":3,"column":37},"end":{"line":3,"column":40}},{"start":{"line":3,"column":43},"end":{"line":3,"column":61}}],"line":3},"2":{"loc":{"start":{"line":3,"column":12},"end":{"line":3,"column":33}},"type":"binary-expr","locations":[{"start":{"line":3,"column":12},"end":{"line":3,"column":15}},{"start":{"line":3,"column":19},"end":{"line":3,"column":33}}],"line":3}},"s":{"0":1,"1":1,"2":1,"3":1,"4":1,"5":1,"6":1,"7":1},"f":{"0":1},"b":{"0":[1,1,1],"1":[0,1],"2":[1,1]},"inputSourceMap":{"version":3,"file":"index.js","sourceRoot":"","sources":["../../../../src/derivation/doge/index.ts"],"names":[],"mappings":";;;;;;AAAA,qFAA2D;AAC3D,gCAAmD;AAEnD,MAAa,WAAY,SAAQ,+BAAyB;IACxD,UAAU,GAAG,0BAAc,CAAC;CAC7B;AAFD,kCAEC"},"_coverageSchema":"1a1c01bbd47fc00a2c39e90264f33305004495a9","hash":"c25542757d4010e0e50d7197b0108bddb78f219d","contentHash":"2e9a0145eec72bf5b955b28fe475355cd4d436c0157bcc812fe70cdf9a402c46"},"/home/micah/dev/bitcore/packages/crypto-wallet-core/ts_build/src/derivation/ltc/index.js":{"path":"/home/micah/dev/bitcore/packages/crypto-wallet-core/ts_build/src/derivation/ltc/index.js","statementMap":{"0":{"start":{"line":2,"column":22},"end":{"line":4,"column":1}},"1":{"start":{"line":3,"column":4},"end":{"line":3,"column":62}},"2":{"start":{"line":5,"column":0},"end":{"line":5,"column":62}},"3":{"start":{"line":6,"column":0},"end":{"line":6,"column":28}},"4":{"start":{"line":7,"column":26},"end":{"line":7,"column":82}},"5":{"start":{"line":8,"column":14},"end":{"line":8,"column":31}},"6":{"start":{"line":10,"column":17},"end":{"line":10,"column":42}},"7":{"start":{"line":12,"column":0},"end":{"line":12,"column":32}}},"fnMap":{"0":{"name":"(anonymous_0)","decl":{"start":{"line":2,"column":56},"end":{"line":2,"column":57}},"loc":{"start":{"line":2,"column":71},"end":{"line":4,"column":1}},"line":2}},"branchMap":{"0":{"loc":{"start":{"line":2,"column":22},"end":{"line":4,"column":1}},"type":"binary-expr","locations":[{"start":{"line":2,"column":23},"end":{"line":2,"column":27}},{"start":{"line":2,"column":31},"end":{"line":2,"column":51}},{"start":{"line":2,"column":56},"end":{"line":4,"column":1}}],"line":2},"1":{"loc":{"start":{"line":3,"column":11},"end":{"line":3,"column":61}},"type":"cond-expr","locations":[{"start":{"line":3,"column":37},"end":{"line":3,"column":40}},{"start":{"line":3,"column":43},"end":{"line":3,"column":61}}],"line":3},"2":{"loc":{"start":{"line":3,"column":12},"end":{"line":3,"column":33}},"type":"binary-expr","locations":[{"start":{"line":3,"column":12},"end":{"line":3,"column":15}},{"start":{"line":3,"column":19},"end":{"line":3,"column":33}}],"line":3}},"s":{"0":1,"1":1,"2":1,"3":1,"4":1,"5":1,"6":1,"7":1},"f":{"0":1},"b":{"0":[1,1,1],"1":[0,1],"2":[1,1]},"inputSourceMap":{"version":3,"file":"index.js","sourceRoot":"","sources":["../../../../src/derivation/ltc/index.ts"],"names":[],"mappings":";;;;;;AAAA,mFAAyD;AACzD,gCAAmD;AAEnD,MAAa,UAAW,SAAQ,+BAAyB;IACvD,UAAU,GAAG,yBAAa,CAAC;CAC5B;AAFD,gCAEC"},"_coverageSchema":"1a1c01bbd47fc00a2c39e90264f33305004495a9","hash":"00e81053d8cfbd66be2d6dc794c97803bf4c0b5a","contentHash":"eb034e1bf6e645899d5bf5541b18ecb039a3113fc2421831d03111d8321f5de7"},"/home/micah/dev/bitcore/packages/crypto-wallet-core/ts_build/src/derivation/matic/index.js":{"path":"/home/micah/dev/bitcore/packages/crypto-wallet-core/ts_build/src/derivation/matic/index.js","statementMap":{"0":{"start":{"line":2,"column":0},"end":{"line":2,"column":62}},"1":{"start":{"line":3,"column":0},"end":{"line":3,"column":30}},"2":{"start":{"line":4,"column":14},"end":{"line":4,"column":31}},"3":{"start":{"line":7,"column":0},"end":{"line":7,"column":36}}},"fnMap":{},"branchMap":{},"s":{"0":1,"1":1,"2":1,"3":1},"f":{},"b":{},"inputSourceMap":{"version":3,"file":"index.js","sourceRoot":"","sources":["../../../../src/derivation/matic/index.ts"],"names":[],"mappings":";;;AAAA,gCAAoC;AAEpC,MAAa,YAAa,SAAQ,gBAAU;CAAI;AAAhD,oCAAgD"},"_coverageSchema":"1a1c01bbd47fc00a2c39e90264f33305004495a9","hash":"c4595e55af55a752a7028466a94c8143165541f4","contentHash":"98dfa645d72ef433d120887ab70bcef861d43e23d12b0ad495e5bd4b99945f73"},"/home/micah/dev/bitcore/packages/crypto-wallet-core/ts_build/src/derivation/op/index.js":{"path":"/home/micah/dev/bitcore/packages/crypto-wallet-core/ts_build/src/derivation/op/index.js","statementMap":{"0":{"start":{"line":2,"column":0},"end":{"line":2,"column":62}},"1":{"start":{"line":3,"column":0},"end":{"line":3,"column":27}},"2":{"start":{"line":4,"column":14},"end":{"line":4,"column":31}},"3":{"start":{"line":7,"column":0},"end":{"line":7,"column":30}}},"fnMap":{},"branchMap":{},"s":{"0":1,"1":1,"2":1,"3":1},"f":{},"b":{},"inputSourceMap":{"version":3,"file":"index.js","sourceRoot":"","sources":["../../../../src/derivation/op/index.ts"],"names":[],"mappings":";;;AAAA,gCAAoC;AAEpC,MAAa,SAAU,SAAQ,gBAAU;CAAI;AAA7C,8BAA6C"},"_coverageSchema":"1a1c01bbd47fc00a2c39e90264f33305004495a9","hash":"2da9c742b1202930c492ba7dc9ed366fcb5787c7","contentHash":"1b4d5ce314eaaa6d0125b74fb93d9351b4075b0ac96bf5e68e6271e285c78aae"},"/home/micah/dev/bitcore/packages/crypto-wallet-core/ts_build/src/derivation/paths.js":{"path":"/home/micah/dev/bitcore/packages/crypto-wallet-core/ts_build/src/derivation/paths.js","statementMap":{"0":{"start":{"line":2,"column":0},"end":{"line":2,"column":62}},"1":{"start":{"line":3,"column":0},"end":{"line":3,"column":23}},"2":{"start":{"line":4,"column":0},"end":{"line":45,"column":2}}},"fnMap":{},"branchMap":{},"s":{"0":1,"1":1,"2":1},"f":{},"b":{},"inputSourceMap":{"version":3,"file":"paths.js","sourceRoot":"","sources":["../../../src/derivation/paths.ts"],"names":[],"mappings":";;;AAAa,QAAA,KAAK,GAAG;IACnB,GAAG,EAAE;QACH,OAAO,EAAE,WAAW;QACpB,OAAO,EAAE,WAAW;QACpB,OAAO,EAAE,WAAW;KACrB;IACD,GAAG,EAAE;QACH,OAAO,EAAE,aAAa;QACtB,OAAO,EAAE,aAAa;QACtB,OAAO,EAAE,WAAW;KACrB;IACD,GAAG,EAAE;QACH,OAAO,EAAE,YAAY;KACtB;IACD,GAAG,EAAE;QACH,OAAO,EAAE,aAAa;KACvB;IACD,IAAI,EAAE;QACJ,OAAO,EAAE,WAAW;KACrB;IACD,GAAG,EAAE;QACH,OAAO,EAAE,WAAW;KACrB;IACD,KAAK,EAAE;QACL,OAAO,EAAE,YAAY;KACtB;IACD,GAAG,EAAE;QACH,OAAO,EAAE,YAAY;KACtB;IACD,EAAE,EAAE;QACF,OAAO,EAAE,YAAY;KACtB;IACD,IAAI,EAAE;QACJ,OAAO,EAAE,YAAY;KACtB;IACD,GAAG,EAAE;QACH,OAAO,EAAE,aAAa;KACvB;IACD,OAAO,EAAE;QACP,OAAO,EAAE,WAAW;KACrB;CACF,CAAC"},"_coverageSchema":"1a1c01bbd47fc00a2c39e90264f33305004495a9","hash":"a654d63514faeff21c483a70ab6ac4eb94844628","contentHash":"a1315619b776251aec7fae4b2528d88c554627d4415dec6c864a5bfa2dbf3763"},"/home/micah/dev/bitcore/packages/crypto-wallet-core/ts_build/src/derivation/sol/index.js":{"path":"/home/micah/dev/bitcore/packages/crypto-wallet-core/ts_build/src/derivation/sol/index.js","statementMap":{"0":{"start":{"line":2,"column":22},"end":{"line":12,"column":3}},"1":{"start":{"line":3,"column":4},"end":{"line":3,"column":33}},"2":{"start":{"line":3,"column":26},"end":{"line":3,"column":33}},"3":{"start":{"line":4,"column":15},"end":{"line":4,"column":52}},"4":{"start":{"line":5,"column":4},"end":{"line":7,"column":5}},"5":{"start":{"line":6,"column":6},"end":{"line":6,"column":68}},"6":{"start":{"line":6,"column":51},"end":{"line":6,"column":63}},"7":{"start":{"line":8,"column":4},"end":{"line":8,"column":39}},"8":{"start":{"line":10,"column":4},"end":{"line":10,"column":33}},"9":{"start":{"line":10,"column":26},"end":{"line":10,"column":33}},"10":{"start":{"line":11,"column":4},"end":{"line":11,"column":17}},"11":{"start":{"line":13,"column":25},"end":{"line":17,"column":2}},"12":{"start":{"line":14,"column":4},"end":{"line":14,"column":72}},"13":{"start":{"line":16,"column":4},"end":{"line":16,"column":21}},"14":{"start":{"line":18,"column":19},"end":{"line":34,"column":4}},"15":{"start":{"line":19,"column":18},"end":{"line":26,"column":5}},"16":{"start":{"line":20,"column":8},"end":{"line":24,"column":10}},"17":{"start":{"line":21,"column":21},"end":{"line":21,"column":23}},"18":{"start":{"line":22,"column":12},"end":{"line":22,"column":95}},"19":{"start":{"line":22,"column":29},"end":{"line":22,"column":95}},"20":{"start":{"line":22,"column":77},"end":{"line":22,"column":95}},"21":{"start":{"line":23,"column":12},"end":{"line":23,"column":22}},"22":{"start":{"line":25,"column":8},"end":{"line":25,"column":26}},"23":{"start":{"line":27,"column":4},"end":{"line":33,"column":6}},"24":{"start":{"line":28,"column":8},"end":{"line":28,"column":46}},"25":{"start":{"line":28,"column":35},"end":{"line":28,"column":46}},"26":{"start":{"line":29,"column":21},"end":{"line":29,"column":23}},"27":{"start":{"line":30,"column":8},"end":{"line":30,"column":137}},"28":{"start":{"line":30,"column":25},"end":{"line":30,"column":137}},"29":{"start":{"line":30,"column":38},"end":{"line":30,"column":50}},"30":{"start":{"line":30,"column":56},"end":{"line":30,"column":57}},"31":{"start":{"line":30,"column":78},"end":{"line":30,"column":137}},"32":{"start":{"line":30,"column":102},"end":{"line":30,"column":137}},"33":{"start":{"line":31,"column":8},"end":{"line":31,"column":40}},"34":{"start":{"line":32,"column":8},"end":{"line":32,"column":22}},"35":{"start":{"line":35,"column":0},"end":{"line":35,"column":62}},"36":{"start":{"line":36,"column":0},"end":{"line":36,"column":28}},"37":{"start":{"line":37,"column":22},"end":{"line":37,"column":57}},"38":{"start":{"line":38,"column":16},"end":{"line":38,"column":55}},"39":{"start":{"line":39,"column":16},"end":{"line":39,"column":35}},"40":{"start":{"line":42,"column":8},"end":{"line":42,"column":114}},"41":{"start":{"line":45,"column":8},"end":{"line":45,"column":114}},"42":{"start":{"line":48,"column":8},"end":{"line":48,"column":75}},"43":{"start":{"line":51,"column":8},"end":{"line":53,"column":9}},"44":{"start":{"line":52,"column":12},"end":{"line":52,"column":57}},"45":{"start":{"line":54,"column":8},"end":{"line":54,"column":60}},"46":{"start":{"line":57,"column":26},"end":{"line":57,"column":42}},"47":{"start":{"line":58,"column":21},"end":{"line":58,"column":84}},"48":{"start":{"line":59,"column":8},"end":{"line":59,"column":80}},"49":{"start":{"line":63,"column":32},"end":{"line":63,"column":42}},"50":{"start":{"line":64,"column":26},"end":{"line":68,"column":40}},"51":{"start":{"line":67,"column":26},"end":{"line":67,"column":46}},"52":{"start":{"line":68,"column":23},"end":{"line":68,"column":39}},"53":{"start":{"line":69,"column":8},"end":{"line":69,"column":124}},"54":{"start":{"line":69,"column":57},"end":{"line":69,"column":111}},"55":{"start":{"line":72,"column":22},"end":{"line":72,"column":71}},"56":{"start":{"line":73,"column":22},"end":{"line":73,"column":117}},"57":{"start":{"line":74,"column":23},"end":{"line":74,"column":61}},"58":{"start":{"line":75,"column":24},"end":{"line":75,"column":68}},"59":{"start":{"line":76,"column":8},"end":{"line":80,"column":10}},"60":{"start":{"line":84,"column":0},"end":{"line":84,"column":32}}},"fnMap":{"0":{"name":"(anonymous_0)","decl":{"start":{"line":2,"column":74},"end":{"line":2,"column":75}},"loc":{"start":{"line":2,"column":96},"end":{"line":9,"column":1}},"line":2},"1":{"name":"(anonymous_1)","decl":{"start":{"line":6,"column":38},"end":{"line":6,"column":39}},"loc":{"start":{"line":6,"column":49},"end":{"line":6,"column":65}},"line":6},"2":{"name":"(anonymous_2)","decl":{"start":{"line":9,"column":6},"end":{"line":9,"column":7}},"loc":{"start":{"line":9,"column":28},"end":{"line":12,"column":1}},"line":9},"3":{"name":"(anonymous_3)","decl":{"start":{"line":13,"column":80},"end":{"line":13,"column":81}},"loc":{"start":{"line":13,"column":95},"end":{"line":15,"column":1}},"line":13},"4":{"name":"(anonymous_4)","decl":{"start":{"line":15,"column":5},"end":{"line":15,"column":6}},"loc":{"start":{"line":15,"column":20},"end":{"line":17,"column":1}},"line":15},"5":{"name":"(anonymous_5)","decl":{"start":{"line":18,"column":51},"end":{"line":18,"column":52}},"loc":{"start":{"line":18,"column":63},"end":{"line":34,"column":1}},"line":18},"6":{"name":"(anonymous_6)","decl":{"start":{"line":19,"column":18},"end":{"line":19,"column":19}},"loc":{"start":{"line":19,"column":30},"end":{"line":26,"column":5}},"line":19},"7":{"name":"(anonymous_7)","decl":{"start":{"line":20,"column":48},"end":{"line":20,"column":49}},"loc":{"start":{"line":20,"column":61},"end":{"line":24,"column":9}},"line":20},"8":{"name":"(anonymous_8)","decl":{"start":{"line":27,"column":11},"end":{"line":27,"column":12}},"loc":{"start":{"line":27,"column":26},"end":{"line":33,"column":5}},"line":27},"9":{"name":"(anonymous_9)","decl":{"start":{"line":41,"column":4},"end":{"line":41,"column":5}},"loc":{"start":{"line":41,"column":64},"end":{"line":43,"column":5}},"line":41},"10":{"name":"(anonymous_10)","decl":{"start":{"line":44,"column":4},"end":{"line":44,"column":5}},"loc":{"start":{"line":44,"column":53},"end":{"line":46,"column":5}},"line":44},"11":{"name":"(anonymous_11)","decl":{"start":{"line":47,"column":4},"end":{"line":47,"column":5}},"loc":{"start":{"line":47,"column":33},"end":{"line":49,"column":5}},"line":47},"12":{"name":"(anonymous_12)","decl":{"start":{"line":50,"column":4},"end":{"line":50,"column":5}},"loc":{"start":{"line":50,"column":39},"end":{"line":55,"column":5}},"line":50},"13":{"name":"(anonymous_13)","decl":{"start":{"line":56,"column":4},"end":{"line":56,"column":5}},"loc":{"start":{"line":56,"column":74},"end":{"line":60,"column":5}},"line":56},"14":{"name":"(anonymous_14)","decl":{"start":{"line":62,"column":4},"end":{"line":62,"column":5}},"loc":{"start":{"line":62,"column":33},"end":{"line":70,"column":5}},"line":62},"15":{"name":"(anonymous_15)","decl":{"start":{"line":67,"column":17},"end":{"line":67,"column":18}},"loc":{"start":{"line":67,"column":26},"end":{"line":67,"column":46}},"line":67},"16":{"name":"(anonymous_16)","decl":{"start":{"line":68,"column":17},"end":{"line":68,"column":18}},"loc":{"start":{"line":68,"column":23},"end":{"line":68,"column":39}},"line":68},"17":{"name":"(anonymous_17)","decl":{"start":{"line":69,"column":32},"end":{"line":69,"column":33}},"loc":{"start":{"line":69,"column":57},"end":{"line":69,"column":111}},"line":69},"18":{"name":"(anonymous_18)","decl":{"start":{"line":71,"column":4},"end":{"line":71,"column":5}},"loc":{"start":{"line":71,"column":68},"end":{"line":81,"column":5}},"line":71}},"branchMap":{"0":{"loc":{"start":{"line":2,"column":22},"end":{"line":12,"column":3}},"type":"binary-expr","locations":[{"start":{"line":2,"column":23},"end":{"line":2,"column":27}},{"start":{"line":2,"column":31},"end":{"line":2,"column":51}},{"start":{"line":2,"column":57},"end":{"line":12,"column":2}}],"line":2},"1":{"loc":{"start":{"line":2,"column":57},"end":{"line":12,"column":2}},"type":"cond-expr","locations":[{"start":{"line":2,"column":74},"end":{"line":9,"column":1}},{"start":{"line":9,"column":6},"end":{"line":12,"column":1}}],"line":2},"2":{"loc":{"start":{"line":3,"column":4},"end":{"line":3,"column":33}},"type":"if","locations":[{"start":{"line":3,"column":4},"end":{"line":3,"column":33}},{"start":{},"end":{}}],"line":3},"3":{"loc":{"start":{"line":5,"column":4},"end":{"line":7,"column":5}},"type":"if","locations":[{"start":{"line":5,"column":4},"end":{"line":7,"column":5}},{"start":{},"end":{}}],"line":5},"4":{"loc":{"start":{"line":5,"column":8},"end":{"line":5,"column":85}},"type":"binary-expr","locations":[{"start":{"line":5,"column":8},"end":{"line":5,"column":13}},{"start":{"line":5,"column":18},"end":{"line":5,"column":84}}],"line":5},"5":{"loc":{"start":{"line":5,"column":18},"end":{"line":5,"column":84}},"type":"cond-expr","locations":[{"start":{"line":5,"column":34},"end":{"line":5,"column":47}},{"start":{"line":5,"column":50},"end":{"line":5,"column":84}}],"line":5},"6":{"loc":{"start":{"line":5,"column":50},"end":{"line":5,"column":84}},"type":"binary-expr","locations":[{"start":{"line":5,"column":50},"end":{"line":5,"column":63}},{"start":{"line":5,"column":67},"end":{"line":5,"column":84}}],"line":5},"7":{"loc":{"start":{"line":10,"column":4},"end":{"line":10,"column":33}},"type":"if","locations":[{"start":{"line":10,"column":4},"end":{"line":10,"column":33}},{"start":{},"end":{}}],"line":10},"8":{"loc":{"start":{"line":13,"column":25},"end":{"line":17,"column":2}},"type":"binary-expr","locations":[{"start":{"line":13,"column":26},"end":{"line":13,"column":30}},{"start":{"line":13,"column":34},"end":{"line":13,"column":57}},{"start":{"line":13,"column":63},"end":{"line":17,"column":1}}],"line":13},"9":{"loc":{"start":{"line":13,"column":63},"end":{"line":17,"column":1}},"type":"cond-expr","locations":[{"start":{"line":13,"column":80},"end":{"line":15,"column":1}},{"start":{"line":15,"column":5},"end":{"line":17,"column":1}}],"line":13},"10":{"loc":{"start":{"line":18,"column":19},"end":{"line":34,"column":4}},"type":"binary-expr","locations":[{"start":{"line":18,"column":20},"end":{"line":18,"column":24}},{"start":{"line":18,"column":28},"end":{"line":18,"column":45}},{"start":{"line":18,"column":50},"end":{"line":34,"column":4}}],"line":18},"11":{"loc":{"start":{"line":20,"column":18},"end":{"line":24,"column":9}},"type":"binary-expr","locations":[{"start":{"line":20,"column":18},"end":{"line":20,"column":44}},{"start":{"line":20,"column":48},"end":{"line":24,"column":9}}],"line":20},"12":{"loc":{"start":{"line":22,"column":29},"end":{"line":22,"column":95}},"type":"if","locations":[{"start":{"line":22,"column":29},"end":{"line":22,"column":95}},{"start":{},"end":{}}],"line":22},"13":{"loc":{"start":{"line":28,"column":8},"end":{"line":28,"column":46}},"type":"if","locations":[{"start":{"line":28,"column":8},"end":{"line":28,"column":46}},{"start":{},"end":{}}],"line":28},"14":{"loc":{"start":{"line":28,"column":12},"end":{"line":28,"column":33}},"type":"binary-expr","locations":[{"start":{"line":28,"column":12},"end":{"line":28,"column":15}},{"start":{"line":28,"column":19},"end":{"line":28,"column":33}}],"line":28},"15":{"loc":{"start":{"line":30,"column":8},"end":{"line":30,"column":137}},"type":"if","locations":[{"start":{"line":30,"column":8},"end":{"line":30,"column":137}},{"start":{},"end":{}}],"line":30},"16":{"loc":{"start":{"line":30,"column":78},"end":{"line":30,"column":137}},"type":"if","locations":[{"start":{"line":30,"column":78},"end":{"line":30,"column":137}},{"start":{},"end":{}}],"line":30},"17":{"loc":{"start":{"line":51,"column":8},"end":{"line":53,"column":9}},"type":"if","locations":[{"start":{"line":51,"column":8},"end":{"line":53,"column":9}},{"start":{},"end":{}}],"line":51},"18":{"loc":{"start":{"line":57,"column":26},"end":{"line":57,"column":42}},"type":"cond-expr","locations":[{"start":{"line":57,"column":37},"end":{"line":57,"column":38}},{"start":{"line":57,"column":41},"end"
[...]
es/crypto-wallet-core/ts_build/src/validation/doge/index.js","statementMap":{"0":{"start":{"line":2,"column":22},"end":{"line":4,"column":1}},"1":{"start":{"line":3,"column":4},"end":{"line":3,"column":62}},"2":{"start":{"line":5,"column":0},"end":{"line":5,"column":62}},"3":{"start":{"line":6,"column":0},"end":{"line":6,"column":32}},"4":{"start":{"line":7,"column":27},"end":{"line":7,"column":84}},"5":{"start":{"line":10,"column":24},"end":{"line":10,"column":58}},"6":{"start":{"line":11,"column":8},"end":{"line":11,"column":49}},"7":{"start":{"line":14,"column":24},"end":{"line":14,"column":54}},"8":{"start":{"line":15,"column":8},"end":{"line":15,"column":43}},"9":{"start":{"line":18,"column":0},"end":{"line":18,"column":40}}},"fnMap":{"0":{"name":"(anonymous_0)","decl":{"start":{"line":2,"column":56},"end":{"line":2,"column":57}},"loc":{"start":{"line":2,"column":71},"end":{"line":4,"column":1}},"line":2},"1":{"name":"(anonymous_1)","decl":{"start":{"line":9,"column":4},"end":{"line":9,"column":5}},"loc":{"start":{"line":9,"column":38},"end":{"line":12,"column":5}},"line":9},"2":{"name":"(anonymous_2)","decl":{"start":{"line":13,"column":4},"end":{"line":13,"column":5}},"loc":{"start":{"line":13,"column":28},"end":{"line":16,"column":5}},"line":13}},"branchMap":{"0":{"loc":{"start":{"line":2,"column":22},"end":{"line":4,"column":1}},"type":"binary-expr","locations":[{"start":{"line":2,"column":23},"end":{"line":2,"column":27}},{"start":{"line":2,"column":31},"end":{"line":2,"column":51}},{"start":{"line":2,"column":56},"end":{"line":4,"column":1}}],"line":2},"1":{"loc":{"start":{"line":3,"column":11},"end":{"line":3,"column":61}},"type":"cond-expr","locations":[{"start":{"line":3,"column":37},"end":{"line":3,"column":40}},{"start":{"line":3,"column":43},"end":{"line":3,"column":61}}],"line":3},"2":{"loc":{"start":{"line":3,"column":12},"end":{"line":3,"column":33}},"type":"binary-expr","locations":[{"start":{"line":3,"column":12},"end":{"line":3,"column":15}},{"start":{"line":3,"column":19},"end":{"line":3,"column":33}}],"line":3}},"s":{"0":1,"1":1,"2":1,"3":1,"4":1,"5":3,"6":3,"7":2,"8":2,"9":1},"f":{"0":1,"1":3,"2":2},"b":{"0":[1,1,1],"1":[0,1],"2":[1,1]},"inputSourceMap":{"version":3,"file":"index.js","sourceRoot":"","sources":["../../../../src/validation/doge/index.ts"],"names":[],"mappings":";;;;;;AAAA,qFAAwD;AAGxD,MAAa,cAAc;IACzB,eAAe,CAAC,OAAe,EAAE,OAAe;QAC9C,MAAM,OAAO,GAAG,0BAAW,CAAC,OAAO,CAAC;QACpC,OAAO,OAAO,CAAC,OAAO,CAAC,OAAO,EAAE,OAAO,CAAC,CAAC;IAC3C,CAAC;IAED,WAAW,CAAC,UAAkB;QAE5B,MAAM,OAAO,GAAG,0BAAW,CAAC,GAAG,CAAC;QAEhC,OAAO,OAAO,CAAC,OAAO,CAAC,UAAU,CAAC,CAAC;IACrC,CAAC;CACF;AAZD,wCAYC"},"_coverageSchema":"1a1c01bbd47fc00a2c39e90264f33305004495a9","hash":"04f7586fb509b1d5a4993ddea2954f6c46bbe2b2","contentHash":"47828b61e44075eb4edb0553fc218367ac9754b702624ef26b1e21dca44fd79a"},"/home/micah/dev/bitcore/packages/crypto-wallet-core/ts_build/src/validation/ltc/index.js":{"path":"/home/micah/dev/bitcore/packages/crypto-wallet-core/ts_build/src/validation/ltc/index.js","statementMap":{"0":{"start":{"line":2,"column":22},"end":{"line":4,"column":1}},"1":{"start":{"line":3,"column":4},"end":{"line":3,"column":62}},"2":{"start":{"line":5,"column":0},"end":{"line":5,"column":62}},"3":{"start":{"line":6,"column":0},"end":{"line":6,"column":31}},"4":{"start":{"line":7,"column":26},"end":{"line":7,"column":82}},"5":{"start":{"line":10,"column":24},"end":{"line":10,"column":57}},"6":{"start":{"line":11,"column":8},"end":{"line":11,"column":49}},"7":{"start":{"line":14,"column":24},"end":{"line":14,"column":53}},"8":{"start":{"line":15,"column":8},"end":{"line":15,"column":43}},"9":{"start":{"line":18,"column":0},"end":{"line":18,"column":38}}},"fnMap":{"0":{"name":"(anonymous_0)","decl":{"start":{"line":2,"column":56},"end":{"line":2,"column":57}},"loc":{"start":{"line":2,"column":71},"end":{"line":4,"column":1}},"line":2},"1":{"name":"(anonymous_1)","decl":{"start":{"line":9,"column":4},"end":{"line":9,"column":5}},"loc":{"start":{"line":9,"column":38},"end":{"line":12,"column":5}},"line":9},"2":{"name":"(anonymous_2)","decl":{"start":{"line":13,"column":4},"end":{"line":13,"column":5}},"loc":{"start":{"line":13,"column":28},"end":{"line":16,"column":5}},"line":13}},"branchMap":{"0":{"loc":{"start":{"line":2,"column":22},"end":{"line":4,"column":1}},"type":"binary-expr","locations":[{"start":{"line":2,"column":23},"end":{"line":2,"column":27}},{"start":{"line":2,"column":31},"end":{"line":2,"column":51}},{"start":{"line":2,"column":56},"end":{"line":4,"column":1}}],"line":2},"1":{"loc":{"start":{"line":3,"column":11},"end":{"line":3,"column":61}},"type":"cond-expr","locations":[{"start":{"line":3,"column":37},"end":{"line":3,"column":40}},{"start":{"line":3,"column":43},"end":{"line":3,"column":61}}],"line":3},"2":{"loc":{"start":{"line":3,"column":12},"end":{"line":3,"column":33}},"type":"binary-expr","locations":[{"start":{"line":3,"column":12},"end":{"line":3,"column":15}},{"start":{"line":3,"column":19},"end":{"line":3,"column":33}}],"line":3}},"s":{"0":1,"1":1,"2":1,"3":1,"4":1,"5":3,"6":3,"7":2,"8":2,"9":1},"f":{"0":1,"1":3,"2":2},"b":{"0":[1,1,1],"1":[0,1],"2":[1,1]},"inputSourceMap":{"version":3,"file":"index.js","sourceRoot":"","sources":["../../../../src/validation/ltc/index.ts"],"names":[],"mappings":";;;;;;AAAA,mFAAsD;AAGtD,MAAa,aAAa;IACxB,eAAe,CAAC,OAAe,EAAE,OAAe;QAC9C,MAAM,OAAO,GAAG,yBAAU,CAAC,OAAO,CAAC;QACnC,OAAO,OAAO,CAAC,OAAO,CAAC,OAAO,EAAE,OAAO,CAAC,CAAC;IAC3C,CAAC;IAED,WAAW,CAAC,UAAkB;QAE5B,MAAM,OAAO,GAAG,yBAAU,CAAC,GAAG,CAAC;QAE/B,OAAO,OAAO,CAAC,OAAO,CAAC,UAAU,CAAC,CAAC;IACrC,CAAC;CACF;AAZD,sCAYC"},"_coverageSchema":"1a1c01bbd47fc00a2c39e90264f33305004495a9","hash":"5279741dc856c2fcb38782ff864178f8d0e84f96","contentHash":"e19749c84268aad7403e96d47224724e6134da40a5ba5841199edae07f217f8b"},"/home/micah/dev/bitcore/packages/crypto-wallet-core/ts_build/src/validation/matic/index.js":{"path":"/home/micah/dev/bitcore/packages/crypto-wallet-core/ts_build/src/validation/matic/index.js","statementMap":{"0":{"start":{"line":2,"column":0},"end":{"line":2,"column":62}},"1":{"start":{"line":3,"column":0},"end":{"line":3,"column":33}},"2":{"start":{"line":4,"column":14},"end":{"line":4,"column":31}},"3":{"start":{"line":7,"column":8},"end":{"line":7,"column":16}},"4":{"start":{"line":8,"column":8},"end":{"line":8,"column":38}},"5":{"start":{"line":11,"column":0},"end":{"line":11,"column":42}}},"fnMap":{"0":{"name":"(anonymous_0)","decl":{"start":{"line":6,"column":4},"end":{"line":6,"column":5}},"loc":{"start":{"line":6,"column":18},"end":{"line":9,"column":5}},"line":6}},"branchMap":{},"s":{"0":1,"1":1,"2":1,"3":1,"4":1,"5":1},"f":{"0":1},"b":{},"inputSourceMap":{"version":3,"file":"index.js","sourceRoot":"","sources":["../../../../src/validation/matic/index.ts"],"names":[],"mappings":";;;AAAA,gCAAuC;AAEvC,MAAa,eAAgB,SAAQ,mBAAa;IAChD;QACE,KAAK,EAAE,CAAC;QACR,IAAI,CAAC,KAAK,GAAG,gBAAgB,CAAC;IAChC,CAAC;CACF;AALD,0CAKC"},"_coverageSchema":"1a1c01bbd47fc00a2c39e90264f33305004495a9","hash":"61a5e3f8833fae4d155ef1ea162c3c21271d549b","contentHash":"d29c7e172a20b8b2b5e90aab03a75ea4c0b4466434593db72a13467bdf7df836"},"/home/micah/dev/bitcore/packages/crypto-wallet-core/ts_build/src/validation/op/index.js":{"path":"/home/micah/dev/bitcore/packages/crypto-wallet-core/ts_build/src/validation/op/index.js","statementMap":{"0":{"start":{"line":2,"column":0},"end":{"line":2,"column":62}},"1":{"start":{"line":3,"column":0},"end":{"line":3,"column":30}},"2":{"start":{"line":4,"column":14},"end":{"line":4,"column":31}},"3":{"start":{"line":7,"column":8},"end":{"line":7,"column":16}},"4":{"start":{"line":8,"column":8},"end":{"line":8,"column":33}},"5":{"start":{"line":11,"column":0},"end":{"line":11,"column":36}}},"fnMap":{"0":{"name":"(anonymous_0)","decl":{"start":{"line":6,"column":4},"end":{"line":6,"column":5}},"loc":{"start":{"line":6,"column":18},"end":{"line":9,"column":5}},"line":6}},"branchMap":{},"s":{"0":1,"1":1,"2":1,"3":1,"4":1,"5":1},"f":{"0":1},"b":{},"inputSourceMap":{"version":3,"file":"index.js","sourceRoot":"","sources":["../../../../src/validation/op/index.ts"],"names":[],"mappings":";;;AAAA,gCAAuC;AAEvC,MAAa,YAAa,SAAQ,mBAAa;IAC7C;QACE,KAAK,EAAE,CAAC;QACR,IAAI,CAAC,KAAK,GAAG,WAAW,CAAC;IAC3B,CAAC;CACF;AALD,oCAKC"},"_coverageSchema":"1a1c01bbd47fc00a2c39e90264f33305004495a9","hash":"284cde2bdd16ef5782f7211543445fe355f65a89","contentHash":"216f8c23d2b88ff1a497c124bc89c8df1d222b3c51c82cee86f148e9e2e0c3ac"},"/home/micah/dev/bitcore/packages/crypto-wallet-core/ts_build/src/validation/sol/index.js":{"path":"/home/micah/dev/bitcore/packages/crypto-wallet-core/ts_build/src/validation/sol/index.js","statementMap":{"0":{"start":{"line":2,"column":0},"end":{"line":2,"column":62}},"1":{"start":{"line":3,"column":0},"end":{"line":3,"column":31}},"2":{"start":{"line":4,"column":14},"end":{"line":4,"column":36}},"3":{"start":{"line":8,"column":8},"end":{"line":8,"column":31}},"4":{"start":{"line":11,"column":8},"end":{"line":17,"column":9}},"5":{"start":{"line":12,"column":12},"end":{"line":12,"column":40}},"6":{"start":{"line":13,"column":12},"end":{"line":13,"column":24}},"7":{"start":{"line":16,"column":12},"end":{"line":16,"column":25}},"8":{"start":{"line":20,"column":8},"end":{"line":22,"column":9}},"9":{"start":{"line":21,"column":12},"end":{"line":21,"column":25}},"10":{"start":{"line":23,"column":24},"end":{"line":23,"column":55}},"11":{"start":{"line":24,"column":23},"end":{"line":24,"column":50}},"12":{"start":{"line":25,"column":8},"end":{"line":25,"column":68}},"13":{"start":{"line":28,"column":23},"end":{"line":28,"column":34}},"14":{"start":{"line":29,"column":23},"end":{"line":29,"column":61}},"15":{"start":{"line":30,"column":8},"end":{"line":30,"column":60}},"16":{"start":{"line":33,"column":0},"end":{"line":33,"column":38}}},"fnMap":{"0":{"name":"(anonymous_0)","decl":{"start":{"line":7,"column":4},"end":{"line":7,"column":5}},"loc":{"start":{"line":7,"column":18},"end":{"line":9,"column":5}},"line":7},"1":{"name":"(anonymous_1)","decl":{"start":{"line":10,"column":4},"end":{"line":10,"column":5}},"loc":{"start":{"line":10,"column":39},"end":{"line":18,"column":5}},"line":10},"2":{"name":"(anonymous_2)","decl":{"start":{"line":19,"column":4},"end":{"line":19,"column":5}},"loc":{"start":{"line":19,"column":28},"end":{"line":26,"column":5}},"line":19},"3":{"name":"(anonymous_3)","decl":{"start":{"line":27,"column":4},"end":{"line":27,"column":5}},"loc":{"start":{"line":27,"column":25},"end":{"line":31,"column":5}},"line":27}},"branchMap":{"0":{"loc":{"start":{"line":20,"column":8},"end":{"line":22,"column":9}},"type":"if","locations":[{"start":{"line":20,"column":8},"end":{"line":22,"column":9}},{"start":{},"end":{}}],"line":20},"1":{"loc":{"start":{"line":25,"column":15},"end":{"line":25,"column":67}},"type":"binary-expr","locations":[{"start":{"line":25,"column":15},"end":{"line":25,"column":23}},{"start":{"line":25,"column":27},"end":{"line":25,"column":67}}],"line":25}},"s":{"0":1,"1":1,"2":1,"3":1,"4":4,"5":4,"6":2,"7":2,"8":2,"9":0,"10":2,"11":2,"12":2,"13":2,"14":2,"15":2,"16":1},"f":{"0":1,"1":4,"2":2,"3":2},"b":{"0":[0,2],"1":[2,2]},"inputSourceMap":{"version":3,"file":"index.js","sourceRoot":"","sources":["../../../../src/validation/sol/index.ts"],"names":[],"mappings":";;;AAAA,qCAAoD;AAGpD,MAAa,aAAa;IACxB,KAAK,CAAS;IAEd;QACE,IAAI,CAAC,KAAK,GAAG,SAAS,CAAC;IACzB,CAAC;IAED,eAAe,CAAC,QAAgB,EAAE,OAAe;QAC/C,IAAI,CAAC;YACH,IAAA,aAAU,EAAC,OAAO,CAAC,CAAC;YACpB,OAAO,IAAI,CAAC;QACd,CAAC;QAAC,MAAM,CAAC;YACP,OAAO,KAAK,CAAC;QACf,CAAC;IACH,CAAC;IAED,WAAW,CAAC,UAAkB;QAC5B,IAAI,CAAC,UAAU,EAAE,CAAC;YAChB,OAAO,KAAK,CAAC;QACf,CAAC;QACD,MAAM,OAAO,GAAG,IAAI,CAAC,cAAc,CAAC,UAAU,CAAC,CAAC;QAChD,MAAM,MAAM,GAAG,IAAI,CAAC,KAAK,CAAC,IAAI,CAAC,UAAU,CAAC,CAAC;QAC3C,OAAO,CAAC,CAAC,MAAM,IAAI,IAAI,CAAC,eAAe,CAAC,SAAS,EAAE,OAAO,CAAC,CAAC;IAC9D,CAAC;IAEO,cAAc,CAAC,IAAI;QACzB,MAAM,MAAM,GAAG,WAAW,CAAC;QAC3B,MAAM,MAAM,GAAG,sCAAsC,CAAC;QACtD,OAAO,IAAI,CAAC,OAAO,CAAC,MAAM,EAAE,EAAE,CAAC,CAAC,OAAO,CAAC,MAAM,EAAE,EAAE,CAAC,CAAC;IACtD,CAAC;CACF;AA9BD,sCA8BC"},"_coverageSchema":"1a1c01bbd47fc00a2c39e90264f33305004495a9","hash":"94df5d9cb4ad20e833f07bfc7dd1cd20eb54b175","contentHash":"e27ff425ab5b2530dbe51ade7f4123fcfccf574792c3cc60146ebfdbf9cd8953"},"/home/micah/dev/bitcore/packages/crypto-wallet-core/ts_build/src/validation/xrp/index.js":{"path":"/home/micah/dev/bitcore/packages/crypto-wallet-core/ts_build/src/validation/xrp/index.js","statementMap":{"0":{"start":{"line":2,"column":22},"end":{"line":4,"column":1}},"1":{"start":{"line":3,"column":4},"end":{"line":3,"column":62}},"2":{"start":{"line":5,"column":0},"end":{"line":5,"column":62}},"3":{"start":{"line":6,"column":0},"end":{"line":6,"column":31}},"4":{"start":{"line":7,"column":22},"end":{"line":7,"column":74}},"5":{"start":{"line":8,"column":17},"end":{"line":8,"column":51}},"6":{"start":{"line":9,"column":24},"end":{"line":9,"column":84}},"7":{"start":{"line":12,"column":35},"end":{"line":12,"column":119}},"8":{"start":{"line":13,"column":8},"end":{"line":15,"column":9}},"9":{"start":{"line":14,"column":12},"end":{"line":14,"column":25}},"10":{"start":{"line":16,"column":23},"end":{"line":16,"column":61}},"11":{"start":{"line":17,"column":23},"end":{"line":17,"column":58}},"12":{"start":{"line":18,"column":23},"end":{"line":18,"column":44}},"13":{"start":{"line":19,"column":21},"end":{"line":19,"column":43}},"14":{"start":{"line":20,"column":19},"end":{"line":20,"column":48}},"15":{"start":{"line":21,"column":8},"end":{"line":21,"column":62}},"16":{"start":{"line":22,"column":8},"end":{"line":22,"column":62}},"17":{"start":{"line":23,"column":25},"end":{"line":29,"column":10}},"18":{"start":{"line":24,"column":12},"end":{"line":28,"column":32}},"19":{"start":{"line":25,"column":16},"end":{"line":25,"column":25}},"20":{"start":{"line":28,"column":16},"end":{"line":28,"column":32}},"21":{"start":{"line":30,"column":8},"end":{"line":32,"column":9}},"22":{"start":{"line":31,"column":12},"end":{"line":31,"column":25}},"23":{"start":{"line":33,"column":8},"end":{"line":33,"column":20}},"24":{"start":{"line":36,"column":8},"end":{"line":38,"column":9}},"25":{"start":{"line":37,"column":12},"end":{"line":37,"column":25}},"26":{"start":{"line":39,"column":24},"end":{"line":39,"column":55}},"27":{"start":{"line":40,"column":29},"end":{"line":40,"column":55}},"28":{"start":{"line":41,"column":8},"end":{"line":41,"column":74}},"29":{"start":{"line":44,"column":23},"end":{"line":44,"column":34}},"30":{"start":{"line":45,"column":23},"end":{"line":45,"column":60}},"31":{"start":{"line":46,"column":8},"end":{"line":46,"column":60}},"32":{"start":{"line":49,"column":0},"end":{"line":49,"column":38}}},"fnMap":{"0":{"name":"(anonymous_0)","decl":{"start":{"line":2,"column":56},"end":{"line":2,"column":57}},"loc":{"start":{"line":2,"column":71},"end":{"line":4,"column":1}},"line":2},"1":{"name":"(anonymous_1)","decl":{"start":{"line":11,"column":4},"end":{"line":11,"column":5}},"loc":{"start":{"line":11,"column":39},"end":{"line":34,"column":5}},"line":11},"2":{"name":"(anonymous_2)","decl":{"start":{"line":23,"column":52},"end":{"line":23,"column":53}},"loc":{"start":{"line":23,"column":75},"end":{"line":29,"column":9}},"line":23},"3":{"name":"(anonymous_3)","decl":{"start":{"line":35,"column":4},"end":{"line":35,"column":5}},"loc":{"start":{"line":35,"column":28},"end":{"line":42,"column":5}},"line":35},"4":{"name":"(anonymous_4)","decl":{"start":{"line":43,"column":4},"end":{"line":43,"column":5}},"loc":{"start":{"line":43,"column":25},"end":{"line":47,"column":5}},"line":43}},"branchMap":{"0":{"loc":{"start":{"line":2,"column":22},"end":{"line":4,"column":1}},"type":"binary-expr","locations":[{"start":{"line":2,"column":23},"end":{"line":2,"column":27}},{"start":{"line":2,"column":31},"end":{"line":2,"column":51}},{"start":{"line":2,"column":56},"end":{"line":4,"column":1}}],"line":2},"1":{"loc":{"start":{"line":3,"column":11},"end":{"line":3,"column":61}},"type":"cond-expr","locations":[{"start":{"line":3,"column":37},"end":{"line":3,"column":40}},{"start":{"line":3,"column":43},"end":{"line":3,"column":61}}],"line":3},"2":{"loc":{"start":{"line":3,"column":12},"end":{"line":3,"column":33}},"type":"binary-expr","locations":[{"start":{"line":3,"column":12},"end":{"line":3,"column":15}},{"start":{"line":3,"column":19},"end":{"line":3,"column":33}}],"line":3},"3":{"loc":{"start":{"line":13,"column":8},"end":{"line":15,"column":9}},"type":"if","locations":[{"start":{"line":13,"column":8},"end":{"line":15,"column":9}},{"start":{},"end":{}}],"line":13},"4":{"loc":{"start":{"line":24,"column":12},"end":{"line":28,"column":32}},"type":"if","locations":[{"start":{"line":24,"column":12},"end":{"line":28,"column":32}},{"start":{"line":28,"column":16},"end":{"line":28,"column":32}}],"line":24},"5":{"loc":{"start":{"line":28,"column":23},"end":{"line":28,"column":31}},"type":"binary-expr","locations":[{"start":{"line":28,"column":23},"end":{"line":28,"column":26}},{"start":{"line":28,"column":30},"end":{"line":28,"column":31}}],"line":28},"6":{"loc":{"start":{"line":30,"column":8},"end":{"line":32,"column":9}},"type":"if","locations":[{"start":{"line":30,"column":8},"end":{"line":32,"column":9}},{"start":{},"end":{}}],"line":30},"7":{"loc":{"start":{"line":36,"column":8},"end":{"line":38,"column":9}},"type":"if","locations":[{"start":{"line":36,"column":8},"end":{"line":38,"column":9}},{"start":{},"end":{}}],"line":36},"8":{"loc":{"start":{"line":41,"column":15},"end":{"line":41,"column":73}},"type":"binary-expr","locations":[{"start":{"line":41,"column":15},"end":{"line":41,"column":29}},{"start":{"line":41,"column":33},"end":{"line":41,"column":73}}],"line":41}},"s":{"0":1,"1":2,"2":1,"3":1,"4":1,"5":1,"6":1,"7":6,"8":6,"9":1,"10":5,"11":5,"12":5,"13":5,"14":5,"15":5,"16":5,"17":5,"18":15,"19":1,"20":14,"21":5,"22":1,"23":4,"24":5,"25":0,"26":5,"27":5,"28":5,"29":5,"30":5,"31":5,"32":1},"f":{"0":2,"1":6,"2":15,"3":5,"4":5},"b":{"0":[1,1,1],"1":[0,2],"2":[2,2],"3":[1,5],"4":[1,14],"5":[14,0],"6":[1,4],"7":[0,5],"8":[5,4]},"inputSourceMap":{"version":3,"file":"index.js","sourceRoot":"","sources":["../../../../src/validation/xrp/index.ts"],"names":[],"mappings":";;;;;;AAAA,2EAA+C;AAC/C,oDAA2B;AAG3B,MAAM,eAAe,GAAG,4DAA4D,CAAC;AAErF,MAAa,aAAa;IACxB,eAAe,CAAC,QAAgB,EAAE,OAAe;QAE/C,MAAM,kBAAkB,GAAG,IAAI,MAAM,CAAC,wEAAwE,CAAC,CAAC;QAChH,IAAI,CAAC,OAAO,CAAC,KAAK,CAAC,kBAAkB,CAAC,EAAE,CAAC;YACvC,OAAO,KAAK,CAAC;QACf,CAAC;QAGD,MAAM,MAAM,GAAG,IAAA,gBAAK,EAAC,eAAe,CAAC,CAAC;QACtC,MAAM,MAAM,GAAG,MAAM,CAAC,IAAI,CAAC,MAAM,CAAC,MAAM,CAAC,OAAO,CAAC,CAAC,CAAC;QACnD,MAAM,MAAM,GAAG,MAAM,CAAC,QAAQ,CAAC,CAAC,EAAE,CAAC,CAAC,CAAC;QACrC,MAAM,IAAI,GAAG,MAAM,CAAC,QAAQ,CAAC,CAAC,EAAE,CAAC,CAAC,CAAC,CAAC;QACpC,IAAI,IAAI,GAAG,MAAM,CAAC,MAAM,CAAC,CAAC,MAAM,EAAE,IAAI,CAAC,CAAC,CAAC;QACzC,IAAI,GAAG,qBAAO,CAAC,MAAM,CAAC,IAAI,CAAC,MAAM,CAAC,IAAI,CAAC,CAAC;QACxC,IAAI,GAAG,qBAAO,CAAC,MAAM,CAAC,IAAI,CAAC,MAAM,CAAC,IAAI,CAAC,CAAC;QACxC,MAAM,QAAQ,GAAG,MAAM,CAAC,QAAQ,CAAC,CAAC,CAAC,CAAC,CAAC,MAAM,CAAC,CAAC,GAAG,EAAE,KAAK,EAAE,KAAK,EAAE,EAAE;YAChE,IAAI,KAAK,KAAK,IAAI,CAAC,KAAK,CAAC,EAAE,CAAC;gBAE1B,OAAO,CAAC,CAAC;YACX,CAAC;;gBAAM,OAAO,GAAG,IAAI,CAAC,CAAC;QACzB,CAAC,CAAC,CAAC;QACH,IAAI,QAAQ,KAAK,CAAC,EAAE,CAAC;YACnB,OAAO,KAAK,CAAC;QACf,CAAC;QAED,OAAO,IAAI,CAAC;IACd,CAAC;IAED,WAAW,CAAC,UAAkB;QAC5B,IAAI,CAAC,UAAU,EAAE,CAAC;YAChB,OAAO,KAAK,CAAC;QACf,CAAC;QACD,MAAM,OAAO,GAAG,IAAI,CAAC,cAAc,CAAC,UAAU,CAAC,CAAC;QAChD,MAAM,YAAY,GAAG,SAAS,CAAC,IAAI,CAAC,UAAU,CAAC,CAAC;QAChD,OAAO,CAAC,CAAC,YAAY,IAAI,IAAI,CAAC,eAAe,CAAC,SAAS,EAAE,OAAO,CAAC,CAAC;IACpE,CAAC;IAEO,cAAc,CAAC,IAAI;QACzB,MAAM,MAAM,GAAG,WAAW,CAAC;QAC3B,MAAM,MAAM,GAAG,qCAAqC,CAAC;QACrD,OAAO,IAAI,CAAC,OAAO,CAAC,MAAM,EAAE,EAAE,CAAC,CAAC,OAAO,CAAC,MAAM,EAAE,EAAE,CAAC,CAAC;IACtD,CAAC;CACF;AA3CD,sCA2CC"},"_coverageSchema":"1a1c01bbd47fc00a2c39e90264f33305004495a9","hash":"6b3fe03cfd52312d8dc3f66f652a610789676e1f","contentHash":"9b8297a16644a09dec5fa8b729065109ee8069f41e7b87026666c2aaeec49d87"}}