{"/home/micah/dev/bitcore/packages/bitcore-cli/build/src/cli.js":{"path":"/home/micah/dev/bitcore/packages/bitcore-cli/build/src/cli.js","statementMap":{"0":{"start":{"line":3,"column":22},"end":{"line":13,"column":3}},"1":{"start":{"line":4,"column":4},"end":{"line":4,"column":33}},"2":{"start":{"line":4,"column":26},"end":{"line":4,"column":33}},"3":{"start":{"line":5,"column":15},"end":{"line":5,"column":52}},"4":{"start":{"line":6,"column":4},"end":{"line":8,"column":5}},"5":{"start":{"line":7,"column":6},"end":{"line":7,"column":68}},"6":{"start":{"line":7,"column":51},"end":{"line":7,"column":63}},"7":{"start":{"line":9,"column":4},"end":{"line":9,"column":39}},"8":{"start":{"line":11,"column":4},"end":{"line":11,"column":33}},"9":{"start":{"line":11,"column":26},"end":{"line":11,"column":33}},"10":{"start":{"line":12,"column":4},"end":{"line":12,"column":17}},"11":{"start":{"line":14,"column":25},"end":{"line":18,"column":2}},"12":{"start":{"line":15,"column":4},"end":{"line":15,"column":72}},"13":{"start":{"line":17,"column":4},"end":{"line":17,"column":21}},"14":{"start":{"line":19,"column":19},"end":{"line":35,"column":4}},"15":{"start":{"line":20,"column":18},"end":{"line":27,"column":5}},"16":{"start":{"line":21,"column":8},"end":{"line":25,"column":10}},"17":{"start":{"line":22,"column":21},"end":{"line":22,"column":23}},"18":{"start":{"line":23,"column":12},"end":{"line":23,"column":95}},"19":{"start":{"line":23,"column":29},"end":{"line":23,"column":95}},"20":{"start":{"line":23,"column":77},"end":{"line":23,"column":95}},"21":{"start":{"line":24,"column":12},"end":{"line":24,"column":22}},"22":{"start":{"line":26,"column":8},"end":{"line":26,"column":26}},"23":{"start":{"line":28,"column":4},"end":{"line":34,"column":6}},"24":{"start":{"line":29,"column":8},"end":{"line":29,"column":46}},"25":{"start":{"line":29,"column":35},"end":{"line":29,"column":46}},"26":{"start":{"line":30,"column":21},"end":{"line":30,"column":23}},"27":{"start":{"line":31,"column":8},"end":{"line":31,"column":137}},"28":{"start":{"line":31,"column":25},"end":{"line":31,"column":137}},"29":{"start":{"line":31,"column":38},"end":{"line":31,"column":50}},"30":{"start":{"line":31,"column":56},"end":{"line":31,"column":57}},"31":{"start":{"line":31,"column":78},"end":{"line":31,"column":137}},"32":{"start":{"line":31,"column":102},"end":{"line":31,"column":137}},"33":{"start":{"line":32,"column":8},"end":{"line":32,"column":40}},"34":{"start":{"line":33,"column":8},"end":{"line":33,"column":22}},"35":{"start":{"line":36,"column":22},"end":{"line":38,"column":1}},"36":{"start":{"line":37,"column":4},"end":{"line":37,"column":62}},"37":{"start":{"line":39,"column":0},"end":{"line":39,"column":62}},"38":{"start":{"line":40,"column":0},"end":{"line":40,"column":43}},"39":{"start":{"line":41,"column":0},"end":{"line":41,"column":39}},"40":{"start":{"line":42,"column":13},"end":{"line":42,"column":43}},"41":{"start":{"line":43,"column":13},"end":{"line":43,"column":43}},"42":{"start":{"line":44,"column":15},"end":{"line":44,"column":47}},"43":{"start":{"line":45,"column":27},"end":{"line":45,"column":84}},"44":{"start":{"line":46,"column":32},"end":{"line":46,"column":77}},"45":{"start":{"line":47,"column":15},"end":{"line":47,"column":54}},"46":{"start":{"line":48,"column":20},"end":{"line":48,"column":40}},"47":{"start":{"line":49,"column":23},"end":{"line":49,"column":48}},"48":{"start":{"line":50,"column":17},"end":{"line":50,"column":52}},"49":{"start":{"line":51,"column":20},"end":{"line":51,"column":42}},"50":{"start":{"line":52,"column":15},"end":{"line":52,"column":48}},"51":{"start":{"line":53,"column":18},"end":{"line":53,"column":38}},"52":{"start":{"line":54,"column":16},"end":{"line":54,"column":34}},"53":{"start":{"line":55,"column":17},"end":{"line":55,"column":36}},"54":{"start":{"line":56,"column":20},"end":{"line":56,"column":122}},"55":{"start":{"line":57,"column":0},"end":{"line":73,"column":77}},"56":{"start":{"line":65,"column":151},"end":{"line":65,"column":170}},"57":{"start":{"line":67,"column":95},"end":{"line":67,"column":114}},"58":{"start":{"line":74,"column":13},"end":{"line":74,"column":39}},"59":{"start":{"line":75,"column":19},"end":{"line":75,"column":86}},"60":{"start":{"line":76,"column":0},"end":{"line":78,"column":1}},"61":{"start":{"line":77,"column":4},"end":{"line":77,"column":31}},"62":{"start":{"line":79,"column":0},"end":{"line":81,"column":1}},"63":{"start":{"line":80,"column":4},"end":{"line":80,"column":73}},"64":{"start":{"line":82,"column":18},"end":{"line":82,"column":43}},"65":{"start":{"line":83,"column":0},"end":{"line":83,"column":27}},"66":{"start":{"line":84,"column":0},"end":{"line":84,"column":49}},"67":{"start":{"line":85,"column":0},"end":{"line":85,"column":61}},"68":{"start":{"line":86,"column":0},"end":{"line":86,"column":41}},"69":{"start":{"line":87,"column":0},"end":{"line":93,"column":3}},"70":{"start":{"line":94,"column":0},"end":{"line":94,"column":85}},"71":{"start":{"line":95,"column":0},"end":{"line":309,"column":1}},"72":{"start":{"line":96,"column":4},"end":{"line":114,"column":5}},"73":{"start":{"line":97,"column":23},"end":{"line":97,"column":25}},"74":{"start":{"line":98,"column":8},"end":{"line":104,"column":20}},"75":{"start":{"line":101,"column":49},"end":{"line":101,"column":62}},"76":{"start":{"line":101,"column":75},"end":{"line":101,"column":117}},"77":{"start":{"line":103,"column":52},"end":{"line":103,"column":65}},"78":{"start":{"line":103,"column":78},"end":{"line":103,"column":120}},"79":{"start":{"line":106,"column":9},"end":{"line":114,"column":5}},"80":{"start":{"line":107,"column":8},"end":{"line":112,"column":9}},"81":{"start":{"line":108,"column":12},"end":{"line":108,"column":67}},"82":{"start":{"line":110,"column":13},"end":{"line":112,"column":9}},"83":{"start":{"line":111,"column":12},"end":{"line":111,"column":110}},"84":{"start":{"line":113,"column":8},"end":{"line":113,"column":97}},"85":{"start":{"line":115,"column":4},"end":{"line":308,"column":34}},"86":{"start":{"line":120,"column":8},"end":{"line":122,"column":9}},"87":{"start":{"line":121,"column":12},"end":{"line":121,"column":136}},"88":{"start":{"line":123,"column":8},"end":{"line":123,"column":31}},"89":{"start":{"line":126,"column":8},"end":{"line":134,"column":9}},"90":{"start":{"line":127,"column":12},"end":{"line":132,"column":13}},"91":{"start":{"line":128,"column":16},"end":{"line":131,"column":17}},"92":{"start":{"line":129,"column":39},"end":{"line":129,"column":121}},"93":{"start":{"line":130,"column":20},"end":{"line":130,"column":229}},"94":{"start":{"line":133,"column":12},"end":{"line":133,"column":19}},"95":{"start":{"line":135,"column":8},"end":{"line":137,"column":9}},"96":{"start":{"line":136,"column":12},"end":{"line":136,"column":92}},"97":{"start":{"line":138,"column":26},"end":{"line":143,"column":9}},"98":{"start":{"line":144,"column":8},"end":{"line":306,"column":9}},"99":{"start":{"line":145,"column":12},"end":{"line":145,"column":143}},"100":{"start":{"line":146,"column":27},"end":{"line":149,"column":14}},"101":{"start":{"line":150,"column":12},"end":{"line":175,"column":13}},"102":{"start":{"line":152,"column":20},"end":{"line":152,"column":66}},"103":{"start":{"line":153,"column":20},"end":{"line":153,"column":26}},"104":{"start":{"line":155,"column":20},"end":{"line":155,"column":62}},"105":{"start":{"line":156,"column":20},"end":{"line":156,"column":26}},"106":{"start":{"line":158,"column":37},"end":{"line":161,"column":22}},"107":{"start":{"line":160,"column":45},"end":{"line":160,"column":162}},"108":{"start":{"line":162,"column":20},"end":{"line":164,"column":21}},"109":{"start":{"line":163,"column":24},"end":{"line":163,"column":57}},"110":{"start":{"line":165,"column":20},"end":{"line":165,"column":55}},"111":{"start":{"line":166,"column":20},"end":{"line":166,"column":66}},"112":{"start":{"line":167,"column":20},"end":{"line":167,"column":26}},"113":{"start":{"line":169,"column":20},"end":{"line":169,"column":66}},"114":{"start":{"line":170,"column":20},"end":{"line":170,"column":26}},"115":{"start":{"line":173,"column":20},"end":{"line":173,"column":37}},"116":{"start":{"line":174,"column":20},"end":{"line":174,"column":26}},"117":{"start":{"line":176,"column":12},"end":{"line":176,"column":150}},"118":{"start":{"line":179,"column":12},"end":{"line":184,"column":13}},"119":{"start":{"line":180,"column":16},"end":{"line":180,"column":111}},"120":{"start":{"line":181,"column":31},"end":{"line":181,"column":99}},"121":{"start":{"line":182,"column":16},"end":{"line":182,"column":42}},"122":{"start":{"line":183,"column":16},"end":{"line":183,"column":84}},"123":{"start":{"line":185,"column":34},"end":{"line":185,"column":39}},"124":{"start":{"line":186,"column":12},"end":{"line":304,"column":33}},"125":{"start":{"line":187,"column":16},"end":{"line":187,"column":193}},"126":{"start":{"line":188,"column":16},"end":{"line":188,"column":153}},"127":{"start":{"line":189,"column":39},"end":{"line":193,"column":17}},"128":{"start":{"line":194,"column":30},"end":{"line":196,"column":125}},"129":{"start":{"line":195,"column":35},"end":{"line":195,"column":58}},"130":{"start":{"line":196,"column":33},"end":{"line":196,"column":123}},"131":{"start":{"line":197,"column":33},"end":{"line":198,"column":59}},"132":{"start":{"line":198,"column":35},"end":{"line":198,"column":58}},"133":{"start":{"line":199,"column":35},"end":{"line":207,"column":23}},"134":{"start":{"line":209,"column":16},"end":{"line":209,"column":40}},"135":{"start":{"line":210,"column":16},"end":{"line":293,"column":17}},"136":{"start":{"line":211,"column":20},"end":{"line":281,"column":21}},"137":{"start":{"line":213,"column":43},"end":{"line":213,"column":83}},"138":{"start":{"line":214,"column":49},"end":{"line":214,"column":55}},"139":{"start":{"line":215,"column":28},"end":{"line":215,"column":51}},"140":{"start":{"line":216,"column":28},"end":{"line":218,"column":29}},"141":{"start":{"line":217,"column":32},"end":{"line":217,"column":134}},"142":{"start":{"line":219,"column":28},"end":{"line":219,"column":84}},"143":{"start":{"line":220,"column":28},"end":{"line":220,"column":73}},"144":{"start":{"line":221,"column":28},"end":{"line":221,"column":34}},"145":{"start":{"line":223,"column":28},"end":{"line":223,"column":76}},"146":{"start":{"line":224,"column":28},"end":{"line":224,"column":34}},"147":{"start":{"line":226,"column":44},"end":{"line":226,"column":88}},"148":{"start":{"line":227,"column":28},"end":{"line":229,"column":29}},"149":{"start":{"line":228,"column":32},"end":{"line":228,"column":67}},"150":{"start":{"line":230,"column":28},"end":{"line":230,"column":34}},"151":{"start":{"line":232,"column":28},"end":{"line":232,"column":90}},"152":{"start":{"line":233,"column":28},"end":{"line":233,"column":34}},"153":{"start":{"line":235,"column":28},"end":{"line":235,"column":84}},"154":{"start":{"line":236,"column":28},"end":{"line":236,"column":34}},"155":{"start":{"line":238,"column":28},"end":{"line":238,"column":96}},"156":{"start":{"line":239,"column":28},"end":{"line":239,"column":34}},"157":{"start":{"line":241,"column":28},"end":{"line":241,"column":93}},"158":{"start":{"line":242,"column":28},"end":{"line":242,"column":34}},"159":{"start":{"line":244,"column":28},"end":{"line":244,"column":71}},"160":{"start":{"line":245,"column":28},"end":{"line":245,"column":34}},"161":{"start":{"line":247,"column":28},"end":{"line":247,"column":51}},"162":{"start":{"line":248,"column":28},"end":{"line":248,"column":48}},"163":{"start":{"line":249,"column":28},"end":{"line":249,"column":34}},"164":{"start":{"line":251,"column":28},"end":{"line":251,"column":77}},"165":{"start":{"line":252,"column":28},"end":{"line":252,"column":34}},"166":{"start":{"line":254,"column":28},"end":{"line":254,"column":69}},"167":{"start":{"line":255,"column":28},"end":{"line":255,"column":34}},"168":{"start":{"line":257,"column":28},"end":{"line":257,"column":81}},"169":{"start":{"line":258,"column":28},"end":{"line":258,"column":34}},"170":{"start":{"line":260,"column":28},"end":{"line":260,"column":86}},"171":{"start":{"line":261,"column":28},"end":{"line":261,"column":34}},"172":{"start":{"line":263,"column":28},"end":{"line":263,"column":74}},"173":{"start":{"line":264,"column":28},"end":{"line":264,"column":34}},"174":{"start":{"line":266,"column":28},"end":{"line":266,"column":70}},"175":{"start":{"line":267,"column":28},"end":{"line":267,"column":34}},"176":{"start":{"line":269,"column":28},"end":{"line":269,"column":78}},"177":{"start":{"line":270,"column":28},"end":{"line":270,"column":34}},"178":{"start":{"line":272,"column":28},"end":{"line":272,"column":76}},"179":{"start":{"line":273,"column":28},"end":{"line":273,"column":34}},"180":{"start":{"line":276,"column":28},"end":{"line":278,"column":29}},"181":{"start":{"line":277,"column":32},"end":{"line":277,"column":82}},"182":{"start":{"line":279,"column":28},"end":{"line":279,"column":45}},"183":{"start":{"line":280,"column":28},"end":{"line":280,"column":34}},"184":{"start":{"line":282,"column":20},"end":{"line":284,"column":21}},"185":{"start":{"line":283,"column":24},"end":{"line":283,"column":41}},"186":{"start":{"line":287,"column":20},"end":{"line":292,"column":21}},"187":{"start":{"line":288,"column":24},"end":{"line":288,"column":69}},"188":{"start":{"line":291,"column":24},"end":{"line":291,"column":105}},"189":{"start":{"line":294,"column":16},"end":{"line":302,"column":17}},"190":{"start":{"line":295,"column":20},"end":{"line":295,"column":37}},"191":{"start":{"line":297,"column":21},"end":{"line":302,"column":17}},"192":{"start":{"line":298,"column":20},"end":{"line":298,"column":62}},"193":{"start":{"line":299,"column":20},"end":{"line":301,"column":21}},"194":{"start":{"line":300,"column":24},"end":{"line":300,"column":41}},"195":{"start":{"line":303,"column":16},"end":{"line":303,"column":48}},"196":{"start":{"line":305,"column":12},"end":{"line":305,"column":53}}},"fnMap":{"0":{"name":"(anonymous_0)","decl":{"start":{"line":3,"column":74},"end":{"line":3,"column":75}},"loc":{"start":{"line":3,"column":96},"end":{"line":10,"column":1}},"line":3},"1":{"name":"(anonymous_1)","decl":{"start":{"line":7,"column":38},"end":{"line":7,"column":39}},"loc":{"start":{"line":7,"column":49},"end":{"line":7,"column":65}},"line":7},"2":{"name":"(anonymous_2)","decl":{"start":{"line":10,"column":6},"end":{"line":10,"column":7}},"loc":{"start":{"line":10,"column":28},"end":{"line":13,"column":1}},"line":10},"3":{"name":"(anonymous_3)","decl":{"start":{"line":14,"column":80},"end":{"line":14,"column":81}},"loc":{"start":{"line":14,"column":95},"end":{"line":16,"column":1}},"line":14},"4":{"name":"(anonymous_4)","decl":{"start":{"line":16,"column":5},"end":{"line":16,"column":6}},"loc":{"start":{"line":16,"column":20},"end":{"line":18,"column":1}},"line":16},"5":{"name":"(anonymous_5)","decl":{"start":{"line":19,"column":51},"end":{"line":19,"column":52}},"loc":{"start":{"line":19,"column":63},"end":{"line":35,"column":1}},"line":19},"6":{"name":"(anonymous_6)","decl":{"start":{"line":20,"column":18},"end":{"line":20,"column":19}},"loc":{"start":{"line":20,"column":30},"end":{"line":27,"column":5}},"line":20},"7":{"name":"(anonymous_7)","decl":{"start":{"line":21,"column":48},"end":{"line":21,"column":49}},"loc":{"start":{"line":21,"column":61},"end":{"line":25,"column":9}},"line":21},"8":{"name":"(anonymous_8)","decl":{"start":{"line":28,"column":11},"end":{"line":28,"column":12}},"loc":{"start":{"line":28,"column":26},"end":{"line":34,"column":5}},"line":28},"9":{"name":"(anonymous_9)","decl":{"start":{"line":36,"column":56},"end":{"line":36,"column":57}},"loc":{"start":{"line":36,"column":71},"end":{"line":38,"column":1}},"line":36},"10":{"name":"(anonymous_10)","decl":{"start":{"line":65,"column":140},"end":{"line":65,"column":141}},"loc":{"start":{"line":65,"column":151},"end":{"line":65,"column":170}},"line":65},"11":{"name":"(anonymous_11)","decl":{"start":{"line":67,"column":84},"end":{"line":67,"column":85}},"loc":{"start":{"line":67,"column":95},"end":{"line":67,"column":114}},"line":67},"12":{"name":"(anonymous_12)","decl":{"start":{"line":101,"column":42},"end":{"line":101,"column":43}},"loc":{"start":{"line":101,"column":49},"end":{"line":101,"column":62}},"line":101},"13":{"name":"(anonymous_13)","decl":{"start":{"line":101,"column":68},"end":{"line":101,"column":69}},"loc":{"start":{"line":101,"column":75},"end":{"line":101,"column":117}},"line":101},"14":{"name":"(anonymous_14)","decl":{"start":{"line":103,"column":45},"end":{"line":103,"column":46}},"loc":{"start":{"line":103,"column":52},"end":{"line":103,"column":65}},"line":103},"15":{"name":"(anonymous_15)","decl":{"start":{"line":103,"column":71},"end":{"line":103,"column":72}},"loc":{"start":{"line":103,"column":78},"end":{"line":103,"column":120}},"line":103},"16":{"name":"(anonymous_16)","decl":{"start":{"line":119,"column":15},"end":{"line":119,"column":16}},"loc":{"start":{"line":119,"column":24},"end":{"line":124,"column":5}},"line":119},"17":{"name":"(anonymous_17)","decl":{"start":{"line":125,"column":14},"end":{"line":125,"column":15}},"loc":{"start":{"line":125,"column":26},"end":{"line":307,"column":5}},"line":125},"18":{"name":"(anonymous_18)","decl":{"start":{"line":160,"column":34},"end":{"line":160,"column":35}},"loc":{"start":{"line":160,"column":45},"end":{"line":160,"column":162}},"line":160},"19":{"name":"(anonymous_19)","decl":{"start":{"line":195,"column":28},"end":{"line":195,"column":29}},"loc":{"start":{"line":195,"column":35},"end":{"line":195,"column":58}},"line":195},"20":{"name":"(anonymous_20)","decl":{"start":{"line":196,"column":25},"end":{"line":196,"column":26}},"loc":{"start":{"line":196,"column":33},"end":{"line":196,"column":123}},"line":196},"21":{"name":"(anonymous_21)","decl":{"start":{"line":198,"column":28},"end":{"line":198,"column":29}},"loc":{"start":{"line":198,"column":35},"end":{"line":198,"column":58}},"line":198}},"branchMap":{"0":{"loc":{"start":{"line":3,"column":22},"end":{"line":13,"column":3}},"type":"binary-expr","locations":[{"start":{"line":3,"column":23},"end":{"line":3,"column":27}},{"start":{"line":3,"column":31},"end":{"line":3,"column":51}},{"start":{"line":3,"column":57},"end":{"line":13,"column":2}}],"line":3},"1":{"loc":{"start":{"line":3,"column":57},"end":{"line":13,"column":2}},"type":"cond-expr","locations":[{"start":{"line":3,"column":74},"end":{"line":10,"column":1}},{"start":{"line":10,"column":6},"end":{"line":13,"column":1}}],"line":3},"2":{"loc":{"start":{"line":4,"column":4},"end":{"line":4,"column":33}},"type":"if","locations":[{"start":{"line":4,"column":4},"end":{"line":4,"column":33}},{"start":{},"end":{}}],"line":4},"3":{"loc":{"start":{"line":6,"column":4},"end":{"line":8,"column":5}},"type":"if","locations":[{"start":{"line":6,"column":4},"end":{"line":8,"column":5}},{"start":{},"end":{}}],"line":6},"4":{"loc":{"start":{"line":6,"column":8},"end":{"line":6,"column":85}},"type":"binary-expr","locations":[{"start":{"line":6,"column":8},"end":{"line":6,"column":13}},{"start":{"line":6,"column":18},"end":{"line":6,"column":84}}],"line":6},"5":{"loc":{"start":{"line":6,"column":18},"end":{"line":6,"column":84}},"type":"cond-expr","locations":[{"start":{"line":6,"column":34},"end":{"line":6,"column":47}},{"start":{"line":6,"column":50},"end":{"line":6,"column":84}}],"line":6},"6":{"loc":{"start":{"line":6,"column":50},"end":{"line":6,"column":84}},"type":"binary-expr","locations":[{"start":{"line":6,"column":50},"end":{"line":6,"column":63}},{"start":{"line":6,"column":67},"end":{"line":6,"column":84}}],"line":6},"7":{"loc":{"start":{"line":11,"column":4},"end":{"line":11,"column":33}},"type":"if","locations":[{"start":{"line":11,"column":4},"end":{"line":11,"column":33}},{"start":{},"end":{}}],"line":11},"8":{"loc":{"start":{"line":14,"column":25},"end":{"line":18,"column":2}},"type":"binary-expr","locations":[{"start":{"line":14,"column":26},"end":{"line":14,"column":30}},{"start":{"line":14,"column":34},"end":{"line":14,"column":57}},{"start":{"line":14,"column":63},"end":{"line":18,"column":1}}],"line":14},"9":{"loc":{"start":{"line":14,"column":63},"end":{"line":18,"column":1}},"type":"cond-expr","locations":[{"start":{"line":14,"column":80},"end":{"line":16,"column":1}},{"start":{"line":16,"column":5},"end":{"line":18,"column":1}}],"line":14},"10":{"loc":{"start":{"line":19,"column":19},"end":{"line":35,"column":4}},"type":"binary-expr","locations":[{"start":{"line":19,"column":20},"end":{"line":19,"column":24}},{"start":{"line":19,"column":28},"end":{"line":19,"column":45}},{"start":{"line":19,"column":50},"end":{"line":35,"column":4}}],"line":19},"11":{"loc":{"start":{"line":21,"column":18},"end":{"line":25,"column":9}},"type":"binary-expr","locations":[{"start":{"line":21,"column":18},"end":{"line":21,"column":44}},{"start":{"line":21,"column":48},"end":{"line":25,"column":9}}],"line":21},"12":{"loc":{"start":{"line":23,"column":29},"end":{"line":23,"column":95}},"type":"if","locations":[{"start":{"line":23,"column":29},"end":{"line":23,"column":95}},{"start":{},"end":{}}],"line":23},"13":{"loc":{"start":{"line":29,"column":8},"end":{"line":29,"column":46}},"type":"if","locations":[{"start":{"line":29,"column":8},"end":{"line":29,"column":46}},{"start":{},"end":{}}],"line":29},"14":{"loc":{"start":{"line":29,"column":12},"end":{"line":29,"column":33}},"type":"binary-expr","locations":[{"start":{"line":29,"column":12},"end":{"line":29,"column":15}},{"start":{"line":29,"column":19},"end":{"line":29,"column":33}}],"line":29},"15":{"loc":{"start":{"line":31,"column":8},"end":{"line":31,"column":137}},"type":"if","locations":[{"start":{"line":31,"column":8},"end":{"line":31,"column":137}},{"start":{},"end":{}}],"line":31},"16":{"loc":{"start":{"line":31,"column":78},"end":{"line":31,"column":137}},"type":"if","locations":[{"start":{"line":31,"column":78},"end":{"line":31,"column":137}},{"start":{},"end":{}}],"line":31},"17":{"loc":{"start":{"line":36,"column":22},"end":{"line":38,"column":1}},"type":"binary-expr","locations":[{"start":{"line":36,"column":23},"end":{"line":36,"column":27}},{"start":{"line":36,"column":31},"end":{"line":36,"column":51}},{"start":{"line":36,"column":56},"end":{"line":38,"column":1}}],"line":36},"18":{"loc":{"start":{"line":37,"column":11},"end":{"line":37,"column":61}},"type":"cond-expr","locations":[{"start":{"line":37,"column":37},"end":{"line":37,"column":40}},{"start":{"line":37,"column":43},"end":{"line":37,"column":61}}],"line":37},"19":{"loc":{"start":{"line":37,"column":12},"end":{"line":37,"column":33}},"type":"binary-expr","locations":[{"start":{"line":37,"column":12},"end":{"line":37,"column":15}},{"start":{"line":37,"column":19},"end":{"line":37,"column":33}}],"line":37},"20":{"loc":{"start":{"line":63,"column":73},"end":{"line":63,"column":162}},"type":"binary-expr","locations":[{"start":{"line":63,"column":73},"end":{"line":63,"column":103}},{"start":{"line":63,"column":107},"end":{"line":63,"column":162}}],"line":63},"21":{"loc":{"start":{"line":64,"column":68},"end":{"line":64,"column":127}},"type":"binary-expr","locations":[{"start":{"line":64,"column":68},"end":{"line":64,"column":99}},{"start":{"line":64,"column":103},"end":{"line":64,"column":127}}],"line":64},"22":{"loc":{"start":{"line":76,"column":0},"end":{"line":78,"column":1}},"type":"if","locations":[{"start":{"line":76,"column":0},"end":{"line":78,"column":1}},{"start":{},"end":{}}],"line":76},"23":{"loc":{"start":{"line":76,"column":4},"end":{"line":76,"column":30}},"type":"binary-expr","locations":[{"start":{"line":76,"column":4},"end":{"line":76,"column":13}},{"start":{"line":76,"column":17},"end":{"line":76,"column":30}}],"line":76},"24":{"loc":{"start":{"line":79,"column":0},"end":{"line":81,"column":1}},"type":"if","locations":[{"start":{"line":79,"column":0},"end":{"line":81,"column":1}},{"start":{},"end":{}}],"line":79},"25":{"loc":{"start":{"line":79,"column":4},"end":{"line":79,"column":32}},"type":"binary-expr","locations":[{"start":{"line":79,"column":4},"end":{"line":79,"column":15}},{"start":{"line":79,"column":19},"end":{"line":79,"column":32}}],"line":79},"26":{"loc":{"start":{"line":82,"column":18},"end":{"line":82,"column":43}},"type":"binary-expr","locations":[{"start":{"line":82,"column":18},"end":{"line":82,"column":30}},{"start":{"line":82,"column":34},"end":{"line":82,"column":43}}],"line":82},"27":{"loc":{"start":{"line":84,"column":14},"end":{"line":84,"column":48}},"type":"cond-expr","locations":[{"start":{"line":84,"column":29},"end":{"line":84,"column":34}},{"start":{"line":84,"column":37},"end":{"line":84,"column":48}}],"line":84},"28":{"loc":{"start":{"line":85,"column":16},"end":{"line":85,"column":60}},"type":"binary-expr","locations":[{"start":{"line":85,"column":16},"end":{"line":85,"column":29}},{"start":{"line":85,"column":33},"end":{"line":85,"column":60}}],"line":85},"29":{"loc":{"start":{"line":95,"column":0},"end":{"line":309,"column":1}},"type":"if","locations":[{"start":{"line":95,"column":0},"end":{"line":309,"column":1}},{"start":{},"end":{}}],"line":95},"30":{"loc":{"start":{"line":96,"column":4},"end":{"line":114,"column":5}},"type":"if","locations":[{"start":{"line":96,"column":4},"end":{"line":114,"column":5}},{"start":{"line":106,"column":9},"end":{"line":114,"column":5}}],"line":96},"31":{"loc":{"start":{"line":106,"column":9},"end":{"line":114,"column":5}},"type":"if","locations":[{"start":{"line":106,"column":9},"end":{"line":114,"column":5}},{"start":{},"end":{}}],"line":106},"32":{"loc":{"start":{"line":107,"column":8},"end":{"line":112,"column":9}},"type":"if","locations":[{"start":{"line":107,"column":8},"end":{"line":112,"column":9}},{"start":{"line":110,"column":13},"end":{"line":112,"column":9}}],"line":107},"33":{"loc":{"start":{"line":110,"column":13},"end":{"line":112,"column":9}},"type":"if","locations":[{"start":{"line":110,"column":13},"end":{"line":112,"column":9}},{"start":{},"end":{}}],"line":110},"34":{"loc":{"start":{"line":117,"column":23},"end":{"line":117,"column":49}},"type":"binary-expr","locations":[{"start":{"line":117,"column":23},"end":{"line":117,"column":32}},{"start":{"line":117,"column":36},"end":{"line":117,"column":49}}],"line":117},"35":{"loc":{"start":{"line":120,"column":8},"end":{"line":122,"column":9}},"type":"if","locations":[{"start":{"line":120,"column":8},"end":{"line":122,"column":9}},{"start":{},"end":{}}],"line":120},"36":{"loc":{"start":{"line":126,"column":8},"end":{"line":134,"column":9}},"type":"if","locations":[{"start":{"line":126,"column":8},"end":{"line":134,"column":9}},{"start":{},"end":{}}],"line":126},"37":{"loc":{"start":{"line":128,"column":16},"end":{"line":131,"column":17}},"type":"if","locations":[{"start":{"line":128,"column":16},"end":{"line":131,"column":17}},{"start":{},"end":{}}],"line":128},"38":{"loc":{"start":{"line":130,"column":91},"end":{"line":130,"column":225}},"type":"cond-expr","locations":[{"start":{"line":130,"column":111},"end":{"line":130,"column":124}},{"start":{"line":130,"column":127},"end":{"line":130,"column":225}}],"line":130},"39":{"loc":{"start":{"line":135,"column":8},"end":{"line":137,"column":9}},"type":"if","locations":[{"start":{"line":135,"column":8},"end":{"line":137,"column":9}},{"start":{},"end":{}}],"line":135},"40":{"loc":{"start":{"line":140,"column":21},"end":{"line":140,"column":67}},"type":"cond-expr","locations":[{"start":{"line":140,"column":36},"end":{"line":140,"column":55}},{"start":{"line":140,"column":58},"end":{"line":140,"column":67}}],"line":140},"41":{"loc":{"start":{"line":144,"column":8},"end":{"line":306,"column":9}},"type":"if","locations":[{"start":{"line":144,"column":8},"end":{"line":306,"column":9}},{"start":{"line":178,"column":13},"end":{"line":306,"column":9}}],"line":144},"42":{"loc":{"start":{"line":150,"column":12},"end":{"line":175,"column":13}},"type":"switch","locations":[{"start":{"line":151,"column":16},"end":{"line":153,"column":26}},{"start":{"line":154,"column":16},"end":{"line":156,"column":26}},{"start":{"line":157,"column":16},"end":{"line":167,"column":26}},{"start":{"line":168,"column":16},"end":{"line":170,"column":26}},{"start":{"line":171,"column":16},"end":{"line":171,"column":28}},{"start":{"line":172,"column":16},"end":{"line":174,"column":26}}],"line":150},"43":{"loc":{"start":{"line":160,"column":45},"end":{"line":160,"column":162}},"type":"cond-expr","locations":[{"start":{"line":160,"column":90},"end":{"line":160,"column":150}},{"start":{"line":160,"column":153},"end":{"line":160,"column":162}}],"line":160},"44":{"loc":{"start":{"line":162,"column":20},"end":{"line":164,"column":21}},"type":"if","locations":[{"start":{"line":162,"column":20},"end":{"line":164,"column":21}},{"start":{},"end":{}}],"line":162},"45":{"loc":{"start":{"line":176,"column":12},"end":{"line":176,"column":149}},"type":"binary-expr","locations":[{"start":{"line":176,"column":12},"end":{"line":176,"column":22}},{"start":{"line":176,"column":26},"end":{"line":176,"column":149}}],"line":176},"46":{"loc":{"start":{"line":179,"column":12},"end":{"line":184,"column":13}},"type":"if","locations":[{"start":{"line":179,"column":12},"end":{"line":184,"column":13}},{"start":{},"end":{}}],"line":179},"47":{"loc":{"start":{"line":187,"column":16},"end":{"line":187,"column":192}},"type":"binary-expr","locations":[{"start":{"line":187,"column":16},"end":{"line":187,"column":29}},{"start":{"line":187,"column":33},"end":{"line":187,"column":192}}],"line":187},"48":{"loc":{"start":{"line":188,"column":16},"end":{"line":188,"column":152}},"type":"binary-expr","locations":[{"start":{"line":188,"column":16},"end":{"line":188,"column":32}},{"start":{"line":188,"column":37},"end":{"line":188,"column":151}}],"line":188},"49":{"loc":{"start":{"line":188,"column":68},"end":{"line":188,"column":151}},"type":"cond-expr","locations":[{"start":{"line":188,"column":100},"end":{"line":188,"column":102}},{"start":{"line":188,"column":105},"end":{"line":188,"column":151}}],"line":188},"50":{"loc":{"start":{"line":188,"column":68},"end":{"line":188,"column":97}},"type":"binary-expr","locations":[{"start":{"line":188,"column":68},"end":{"line":188,"column":80}},{"start":{"line":188,"column":84},"end":{"line":188,"column":97}}],"line":188},"51":{"loc":{"start":{"line":190,"column":27},"end":{"line":190,"column":149}},"type":"cond-expr","locations":[{"start":{"line":190,"column":66},"end":{"line":190,"column":144}},{"start":{"line":190,"column":147},"end":{"line":190,"column":149}}],"line":190},"52":{"loc":{"start":{"line":195,"column":35},"end":{"line":195,"column":58}},"type":"binary-expr","locations":[{"start":{"line":195,"column":35},"end":{"line":195,"column":50}},{"start":{"line":195,"column":54},"end":{"line":195,"column":58}}],"line":195},"53":{"loc":{"start":{"line":196,"column":50},"end":{"line":196,"column":121}},"type":"cond-expr","locations":[{"start":{"line":196,"column":84},"end":{"line":196,"column":109}},{"start":{"line":196,"column":112},"end":{"line":196,"column":121}}],"line":196},"54":{"loc":{"start":{"line":198,"column":35},"end":{"line":198,"column":58}},"type":"binary-expr","locations":[{"start":{"line":198,"column":35},"end":{"line":198,"column":50}},{"start":{"line":198,"column":54},"end":{"line":198,"column":58}}],"line":198},"55":{"loc":{"start":{"line":199,"column":35},"end":{"line":207,"column":23}},"type":"binary-expr","locations":[{"start":{"line":199,"column":35},"end":{"line":199,"column":47}},{"start":{"line":199,"column":52},"end":{"line":207,"column":22}}],"line":199},"56":{"loc":{"start":{"line":199,"column":52},"end":{"line":207,"column":22}},"type":"cond-expr","locations":[{"start":{"line":200,"column":22},"end":{"line":200,"column":32}},{"start":{"line":201,"column":22},"end":{"line":207,"column":22}}],"line":199},"57":{"loc":{"start":{"line":204,"column":36},"end":{"line":204,"column":97}},"type":"cond-expr","locations":[{"start":{"line":204,"column":54},"end":{"line":204,"column":62}},{"start":{"line":204,"column":65},"end":{"line":204,"column":97}}],"line":204},"58":{"loc":{"start":{"line":206,"column":38},"end":{"line":206,"column":90}},"type":"cond-expr","locations":[{"start":{"line":206,"column":56},"end":{"line":206,"column":73}},{"start":{"line":206,"column":76},"end":{"line":206,"column":90}}],"line":206},"59":{"loc":{"start":{"line":211,"column":20},"end":{"line":281,"column":21}},"type":"switch","locations":[{"start":{"line":212,"column":24},"end":{"line":221,"column":34}},{"start":{"line":222,"column":24},"end":{"line":224,"column":34}},{"start":{"line":225,"column":24},"end":{"line":230,"column":34}},{"start":{"line":231,"column":24},"end":{"line":233,"column":34}},{"start":{"line":234,"column":24},"end":{"line":236,"column":34}},{"start":{"line":237,"column":24},"end":{"line":239,"column":34}},{"start":{"line":240,"column":24},"end":{"line":242,"column":34}},{"start":{"line":243,"column":24},"end":{"line":245,"column":34}},{"start":{"line":246,"column":24},"end":{"line":249,"column":34}},{"start":{"line":250,"column":24},"end":{"line":252,"column":34}},{"start":{"line":253,"column":24},"end":{"line":255,"column":34}},{"start":{"line":256,"column":24},"end":{"line":258,"column":34}},{"start":{"line":259,"column":24},"end":{"line":261,"column":34}},{"start":{"line":262,"column":24},"end":{"line":264,"column":34}},{"start":{"line":265,"column":24},"end":{"line":267,"column":34}},{"start":{"line":268,"column":24},"end":{"line":270,"column":34}},{"start":{"line":271,"column":24},"end":{"line":273,"column":34}},{"start":{"line":274,"column":24},"end":{"line":274,"column":32}},{"start":{"line":275,"column":24},"end":{"line":280,"column":34}}],"line":211},"60":{"loc":{"start":{"line":216,"column":28},"end":{"line":218,"column":29}},"type":"if","locations":[{"start":{"line":216,"column":28},"end":{"line":218,"column":29}},{"start":{},"end":{}}],"line":216},"61":{"loc":{"start":{"line":227,"column":28},"end":{"line":229,"column":29}},"type":"if","locations":[{"start":{"line":227,"column":28},"end":{"line":229,"column":29}},{"start":{},"end":{}}],"line":227},"62":{"loc":{"start":{"line":276,"column":28},"end":{"line":278,"column":29}},"type":"if","locations":[{"start":{"line":276,"column":28},"end":{"line":278,"column":29}},{"start":{},"end":{}}],"line":276},"63":{"loc":{"start":{"line":282,"column":20},"end":{"line":284,"column":21}},"type":"if","locations":[{"start":{"line":282,"column":20},"end":{"line":284,"column":21}},{"start":{},"end":{}}],"line":282},"64":{"loc":{"start":{"line":282,"column":24},"end":{"line":282,"column":68}},"type":"binary-expr","locations":[{"start":{"line":282,"column":24},"end":{"line":282,"column":41}},{"start":{"line":282,"column":45},"end":{"line":282,"column":68}}],"line":282},"65":{"loc":{"start":{"line":287,"column":20},"end":{"line":292,"column":21}},"type":"if","locations":[{"start":{"line":287,"column":20},"end":{"line":292,"column":21}},{"start":{"line":290,"column":25},"end":{"line":292,"column":21}}],"line":287},"66":{"loc":{"start":{"line":291,"column":41},"end":{"line":291,"column":103}},"type":"binary-expr","locations":[{"start":{"line":291,"column":42},"end":{"line":291,"column":80}},{"start":{"line":291,"column":85},"end":{"line":291,"column":96}},{"start":{"line":291,"column":100},"end":{"line":291,"column":103}}],"line":291},"67":{"loc":{"start":{"line":291,"column":42},"end":{"line":291,"column":80}},"type":"cond-expr","locations":[{"start":{"line":291,"column":57},"end":{"line":291,"column":66}},{"start":{"line":291,"column":69},"end":{"line":291,"column":80}}],"line":291},"68":{"loc":{"start":{"line":294,"column":16},"end":{"line":302,"column":17}},"type":"if","locations":[{"start":{"line":294,"column":16},"end":{"line":302,"column":17}},{"start":{"line":297,"column":21},"end":{"line":302,"column":17}}],"line":294},"69":{"loc":{"start":{"line":297,"column":21},"end":{"line":302,"column":17}},"type":"if","locations":[{"start":{"line":297,"column":21},"end":{"line":302,"column":17}},{"start":{},"end":{}}],"line":297},"70":{"loc":{"start":{"line":297,"column":25},"end":{"line":297,"column":46}},"type":"binary-expr","locations":[{"start":{"line":297,"column":25},"end":{"line":297,"column":35}},{"start":{"line":297,"column":39},"end":{"line":297,"column":46}}],"line":297},"71":{"loc":{"start":{"line":299,"column":20},"end":{"line":301,"column":21}},"type":"if","locations":[{"start":{"line":299,"column":20},"end":{"line":301,"column":21}},{"start":{},"end":{}}],"line":299},"72":{"loc":{"start":{"line":299,"column":24},"end":{"line":299,"column":68}},"type":"binary-expr","locations":[{"start":{"line":299,"column":24},"end":{"line":299,"column":41}},{"start":{"line":299,"column":45},"end":{"line":299,"column":68}}],"line":299},"73":{"loc":{"start":{"line":303,"column":16},"end":{"line":303,"column":47}},"type":"binary-expr","locations":[{"start":{"line":303,"column":16},"end":{"line":303,"column":29}},{"start":{"line":303,"column":33},"end":{"line":303,"column":47}}],"line":303},"74":{"loc":{"start":{"line":305,"column":12},"end":{"line":305,"column":52}},"type":"binary-expr","locations":[{"start":{"line":305,"column":12},"end":{"line":305,"column":25}},{"start":{"line":305,"column":29},"end":{"line":305,"column":52}}],"line":305}},"s":{"0":1,"1":56,"2":56,"3":56,"4":56,"5":56,"6":0,"7":56,"8":0,"9":0,"10":0,"11":1,"12":1,"13":0,"14":1,"15":1,"16":1,"17":0,"18":0,"19":0,"20":0,"21":0,"22":1,"23":1,"24":3,"25":2,"26":1,"27":1,"28":1,"29":1,"30":1,"31":56,"32":56,"33":1,"34":1,"35":1,"36":4,"37":1,"38":1,"39":1,"40":1,"41":1,"42":1,"43":1,"44":1,"45":1,"46":1,"47":1,"48":1,"49":1,"50":1,"51":1,"52":1,"53":1,"54":1,"55":1,"56":1,"57":0,"58":1,"59":1,"60":1,"61":0,"62":1,"63":0,"64":1,"65":1,"66":1,"67":1,"68":1,"69":1,"70":1,"71":1,"72":1,"73":0,"74":0,"75":0,"76":0,"77":0,"78":0,"79":1,"80":1,"81":1,"82":0,"83":0,"84":0,"85":0,"86":0,"87":0,"88":0,"89":0,"90":0,"91":0,"92":0,"93":0,"94":0,"95":0,"96":0,"97":0,"98":0,"99":0,"100":0,"101":0,"102":0,"103":0,"104":0,"105":0,"106":0,"107":0,"108":0,"109":0,"110":0,"111":0,"112":0,"113":0,"114":0,"115":0,"116":0,"117":0,"118":0,"119":0,"120":0,"121":0,"122":0,"123":0,"124":0,"125":0,"126":0,"127":0,"128":0,"129":0,"130":0,"131":0,"132":0,"133":0,"134":0,"135":0,"136":0,"137":0,"138":0,"139":0,"140":0,"141":0,"142":0,"143":0,"144":0,"145":0,"146":0,"147":0,"148":0,"149":0,"150":0,"151":0,"152":0,"153":0,"154":0,"155":0,"156":0,"157":0,"158":0,"159":0,"160":0,"161":0,"162":0,"163":0,"164":0,"165":0,"166":0,"167":0,"168":0,"169":0,"170":0,"171":0,"172":0,"173":0,"174":0,"175":0,"176":0,"177":0,"178":0,"179":0,"180":0,"181":0,"182":0,"183":0,"184":0,"185":0,"186":0,"187":0,"188":0,"189":0,"190":0,"191":0,"192":0,"193":0,"194":0,"195":0,"196":0},"f":{"0":56,"1":0,"2":0,"3":1,"4":0,"5":1,"6":1,"7":0,"8":3,"9":4,"10":1,"11":0,"12":0,"13":0,"14":0,"15":0,"16":0,"17":0,"18":0,"19":0,"20":0,"21":0},"b":{"0":[1,1,1],"1":[1,0],"2":[56,0],"3":[56,0],"4":[56,56],"5":[0,56],"6":[56,0],"7":[0,0],"8":[1,1,1],"9":[1,0],"10":[1,1,1],"11":[1,0],"12":[0,0],"13":[2,1],"14":[3,3],"15":[1,0],"16":[56,0],"17":[1,1,1],"18":[0,4],"19":[4,4],"20":[1,1],"21":[1,1],"22":[0,1],"23":[1,1],"24":[0,1],"25":[1,1],"26":[1,1],"27":[1,0],"28":[1,1],"29":[1,0],"30":[0,1],"31":[1,0],"32":[1,0],"33":[0,0],"34":[0,0],"35":[0,0],"36":[0,0],"37":[0,0],"38":[0,0],"39":[0,0],"40":[0,0],"41":[0,0],"42":[0,0,0,0,0,0],"43":[0,0],"44":[0,0],"45":[0,0],"46":[0,0],"47":[0,0],"48":[0,0],"49":[0,0],"50":[0,0],"51":[0,0],"52":[0,0],"53":[0,0],"54":[0,0],"55":[0,0],"56":[0,0],"57":[0,0],"58":[0,0],"59":[0,0,0,0,0,0,0,0,0,0,0,0,0,0,0,0,0,0,0],"60":[0,0],"61":[0,0],"62":[0,0],"63":[0,0],"64":[0,0],"65":[0,0],"66":[0,0,0],"67":[0,0],"68":[0,0],"69":[0,0],"70":[0,0],"71":[0,0],"72":[0,0],"73":[0,0],"74":[0,0]},"inputSourceMap":{"version":3,"file":"cli.js","sourceRoot":"","sources":["../../src/cli.ts"],"names":[],"mappings":";;;;;;;;;;;;;;;;;;;;;;;;;;;;;;;;;;;;;;;;AAEA,uCAAqC;AACrC,4CAAoB;AACpB,4CAAoB;AACpB,gDAAwB;AACxB,qFAAqD;AACrD,8EAAiF;AACjF,uDAAyC;AACzC,yCAAoC;AAEpC,iDAA6C;AAC7C,qDAAuC;AACvC,2CAA0C;AAC1C,iDAAmC;AACnC,uCAAsC;AACtC,mCAAgC;AAChC,qCAAkC;AAElC,MAAM,EAAE,OAAO,EAAE,GAAG,IAAI,CAAC,KAAK,CAAC,YAAE,CAAC,YAAY,CAAC,cAAI,CAAC,IAAI,CAAC,SAAS,EAAE,oBAAoB,CAAC,CAAC,CAAC,QAAQ,EAAE,CAAC,CAAC;AAEvG,mBAAO;KACJ,WAAW,CAAC,WAAW,EAAE,uBAAW,CAAC;KACrC,KAAK,CAAC,wBAAwB,CAAC;KAC/B,WAAW,CAAC,yCAAyC,CAAC;KACtD,QAAQ,CAAC,cAAc,EAAE,0HAA0H,CAAC;KACpJ,YAAY,CAAC,gBAAgB,CAAC;KAC9B,MAAM,CAAC,uBAAuB,EAAE,kCAAkC,EAAE,OAAO,CAAC,GAAG,CAAC,iBAAiB,CAAC,IAAI,cAAI,CAAC,IAAI,CAAC,YAAE,CAAC,OAAO,EAAE,EAAE,UAAU,CAAC,CAAC;KAC1I,MAAM,CAAC,mBAAmB,EAAE,iCAAiC,EAAE,OAAO,CAAC,GAAG,CAAC,kBAAkB,CAAC,IAAI,wBAAwB,CAAC;KAC3H,MAAM,CAAC,yBAAyB,EAAE,mGAAmG,EAAE,CAAC,KAAK,EAAE,EAAE,CAAC,KAAK,CAAC,WAAW,EAAE,CAAC;KACtK,MAAM,CAAC,aAAa,EAAE,2FAA2F,CAAC;KAClH,MAAM,CAAC,yBAAyB,EAAE,2CAA2C,EAAE,CAAC,KAAK,EAAE,EAAE,CAAC,QAAQ,CAAC,KAAK,EAAE,EAAE,CAAC,EAAE,EAAE,CAAC;KAClH,MAAM,CAAC,eAAe,EAAE,yBAAyB,CAAC;KAClD,MAAM,CAAC,QAAQ,EAAE,4CAA4C,CAAC;KAC9D,MAAM,CAAC,YAAY,EAAE,0EAA0E,CAAC;KAChG,MAAM,CAAC,uBAAuB,EAAE,sDAAsD,CAAC;KACvF,MAAM,CAAC,YAAY,EAAE,6EAA6E,CAAC;KACnG,OAAO,CAAC,OAAO,EAAE,WAAW,EAAE,wCAAwC,CAAC,CAAC;AAG3E,MAAM,IAAI,GAAG,mBAAO,CAAC,IAAI,EAAiB,CAAC;AAC3C,MAAM,UAAU,GAAG,mBAAO,CAAC,YAAY,CAAC,OAAO,CAAC,IAAI,CAAC,CAAC,QAAQ,CAAC,KAAK,CAAC,CAAC,CAAC,CAAC,CAAC,CAAC,CAAC;AAE3E,IAAI,IAAI,CAAC,IAAI,IAAI,CAAC,IAAI,CAAC,OAAO,EAAE,CAAC;IAC/B,mBAAO,CAAC,IAAI,EAAE,CAAC;AACjB,CAAC;AAED,IAAI,CAAC,UAAU,IAAI,CAAC,IAAI,CAAC,OAAO,EAAE,CAAC;IACjC,aAAK,CAAC,GAAG,CAAC,iDAAiD,CAAC,CAAC;AAC/D,CAAC;AAED,MAAM,SAAS,GAAG,IAAI,CAAC,OAAO,IAAI,IAAI,CAAC,IAAI,CAAC;AAC5C,IAAI,CAAC,IAAI,GAAG,CAAC,CAAC,IAAI,CAAC,OAAO,CAAC;AAC3B,IAAI,CAAC,MAAM,GAAG,IAAI,CAAC,OAAO,CAAC,CAAC,CAAC,KAAK,CAAC,CAAC,CAAC,IAAI,CAAC,MAAM,CAAC;AACjD,IAAI,CAAC,QAAQ,GAAG,IAAI,CAAC,QAAQ,IAAI,IAAI,CAAC,OAAO,KAAK,UAAU,CAAC;AAG7D,eAAM,CAAC,UAAU,CAAC,IAAI,CAAC,OAAO,CAAC,CAAC;AAEnB,QAAA,MAAM,GAAG,IAAI,eAAM,CAAC;IAC/B,IAAI,EAAE,UAAU;IAChB,GAAG,EAAE,IAAI,CAAC,GAAG;IACb,IAAI,EAAE,IAAI,CAAC,IAAI;IACf,OAAO,EAAE,IAAI,CAAC,OAAO;IACrB,QAAQ,EAAE,IAAI,CAAC,QAAQ;CACxB,CAAC,CAAC;AAEU,QAAA,QAAQ,GAAG,IAAA,0BAAW,EAAC,EAAE,MAAM,EAAN,cAAM,EAAE,IAAI,EAAE,CAAC,CAAC;AAMtD,IAAI,OAAO,CAAC,IAAI,KAAK,MAAM,EAAE,CAAC;IAE5B,IAAI,IAAI,CAAC,OAAO,KAAK,MAAM,EAAE,CAAC;QAC5B,MAAM,MAAM,GAAG,EAAE,CAAC;QAClB,mBAAO;aACJ,WAAW,CAAC,OAAO,EAAE,YAAE,CAAC,GAAG;YAG1B,kBAAkB,GAAG,YAAE,CAAC,GAAG;YAC3B,gBAAQ,CAAC,KAAK,CAAC,MAAM,CAAC,GAAG,CAAC,EAAE,CAAC,CAAC,GAAG,CAAC,OAAO,CAAC,CAAC,CAAC,GAAG,CAAC,GAAG,CAAC,EAAE,CAAC,KAAK,GAAG,CAAC,KAAK,CAAC,MAAM,CAAC,MAAM,CAAC,GAAG,GAAG,CAAC,IAAI,EAAE,CAAC,CAAC,IAAI,CAAC,YAAE,CAAC,GAAG,CAAC,GAAG,YAAE,CAAC,GAAG,GAAG,YAAE,CAAC,GAAG;YACjI,oBAAoB,GAAG,YAAE,CAAC,GAAG;YAC7B,gBAAQ,CAAC,QAAQ,CAAC,MAAM,CAAC,GAAG,CAAC,EAAE,CAAC,CAAC,GAAG,CAAC,OAAO,CAAC,CAAC,CAAC,GAAG,CAAC,GAAG,CAAC,EAAE,CAAC,KAAK,GAAG,CAAC,KAAK,CAAC,MAAM,CAAC,MAAM,CAAC,GAAG,GAAG,CAAC,IAAI,EAAE,CAAC,CAAC,IAAI,CAAC,YAAE,CAAC,GAAG,CAAC,CACnH;aACA,IAAI,EAAE,CAAC;IACZ,CAAC;SAAM,IAAI,SAAS,EAAE,CAAC;QACrB,IAAI,CAAC,QAAQ,CAAC,IAAI,CAAC,OAAO,CAAC,EAAE,CAAC;YAC5B,aAAK,CAAC,GAAG,CAAC,oBAAoB,IAAI,CAAC,OAAO,GAAG,CAAC,CAAC;QACjD,CAAC;aAAM,IAAI,CAAC,QAAQ,CAAC,IAAI,CAAC,OAAO,CAAC,CAAC,OAAO,EAAE,CAAC;YAC3C,aAAK,CAAC,GAAG,CAAC,YAAY,IAAI,CAAC,OAAO,sDAAsD,CAAC,CAAC;QAC5F,CAAC;QACD,QAAQ,CAAC,IAAI,CAAC,OAAO,CAAC,CAAC,OAAO,CAAC,EAAE,MAAM,EAAN,cAAM,EAAE,OAAO,EAAP,mBAAO,EAAE,CAAC,CAAC;IACtD,CAAC;IAED,cAAM,CAAC,SAAS,CAAC;QACf,SAAS,EAAE,KAAK;QAChB,aAAa,EAAE,SAAS,IAAI,IAAI,CAAC,QAAQ;KAC1C,CAAC;SACC,KAAK,CAAC,CAAC,GAAG,EAAE,EAAE;QACb,IAAI,GAAG,YAAY,8BAAS,CAAC,cAAc,EAAE,CAAC;YAC5C,aAAK,CAAC,GAAG,CAAC,wGAAwG,CAAC,CAAC;QACtH,CAAC;QACD,aAAK,CAAC,GAAG,CAAC,GAAG,CAAC,CAAC;IACjB,CAAC,CAAC;SACD,IAAI,CAAC,KAAK,IAAI,EAAE;QACf,IAAI,UAAU,KAAK,MAAM,EAAE,CAAC;YAC1B,KAAK,MAAM,IAAI,IAAI,YAAE,CAAC,WAAW,CAAC,IAAI,CAAC,GAAG,CAAC,EAAE,CAAC;gBAC5C,IAAI,IAAI,CAAC,QAAQ,CAAC,OAAO,CAAC,EAAE,CAAC;oBAC3B,MAAM,UAAU,GAAG,IAAI,CAAC,KAAK,CAAC,YAAE,CAAC,YAAY,CAAC,cAAI,CAAC,IAAI,CAAC,IAAI,CAAC,GAAG,EAAE,IAAI,CAAC,EAAE,MAAM,CAAC,CAAC,CAAC;oBAClF,OAAO,CAAC,GAAG,CAAC,KAAK,aAAK,CAAC,QAAQ,CAAC,IAAI,CAAC,OAAO,CAAC,OAAO,EAAE,EAAE,CAAC,CAAC,KAAK,UAAU,CAAC,MAAM,CAAC,CAAC,CAAC,aAAa,CAAC,CAAC,CAAC,IAAI,aAAK,CAAC,aAAa,CAAC,UAAU,CAAC,WAAW,CAAC,KAAK,CAAC,IAAI,UAAU,CAAC,WAAW,CAAC,OAAO,GAAG,EAAE,CAAC,CAAC;gBACnM,CAAC;YACH,CAAC;YACD,OAAO;QACT,CAAC;QAED,IAAI,IAAI,CAAC,QAAQ,EAAE,CAAC;YAClB,OAAO,MAAM,QAAQ,CAAC,QAAQ,CAAC,cAAc,CAAC,EAAE,MAAM,EAAN,cAAM,EAAE,IAAI,EAAE,CAAC,CAAC;QAClE,CAAC;QAED,MAAM,SAAS,GAAoB;YACjC,MAAM,EAAN,cAAM;YACN,OAAO,EAAE,IAAI,CAAC,OAAO,CAAC,CAAC,CAAC,mBAAO,CAAC,CAAC,CAAC,SAAS;YAC3C,IAAI;YACJ,MAAM,EAAE,IAAc;SACvB,CAAC;QAEF,IAAI,CAAC,cAAM,CAAC,MAAM,EAAE,WAAW,EAAE,CAAC;YAChC,MAAM,CAAC,KAAK,CAAC,yBAAyB,aAAK,CAAC,aAAa,CAAC,aAAK,CAAC,QAAQ,CAAC,aAAK,CAAC,UAAU,CAAC,UAAU,CAAC,CAAC,CAAC,EAAE,CAAC,CAAC;YAC3G,MAAM,MAAM,GAAwB,MAAM,MAAM,CAAC,MAAM,CAAC;gBACtD,OAAO,EAAE,4BAA4B;gBACrC,OAAO,EAAE,EAAE,CAAC,MAAM,CAAC,gBAAQ,CAAC,GAAG,EAAE,gBAAQ,CAAC,IAAI,CAAC;aAChD,CAAC,CAAC;YACH,QAAQ,MAAM,EAAE,CAAC;gBACf,KAAK,QAAQ;oBACX,MAAM,QAAQ,CAAC,MAAM,CAAC,YAAY,CAAC,SAAS,CAAC,CAAC;oBAC9C,MAAM;gBACR,KAAK,MAAM;oBACT,MAAM,QAAQ,CAAC,IAAI,CAAC,UAAU,CAAC,SAAS,CAAC,CAAC;oBAC1C,MAAM;gBACR,KAAK,aAAa;oBAChB,MAAM,QAAQ,GAAG,MAAM,MAAM,CAAC,QAAQ,CAAC;wBACrC,OAAO,EAAE,wCAAwC;wBACjD,QAAQ,EAAE,CAAC,KAAK,EAAE,EAAE,CAAC,CAAC,0BAAQ,CAAC,OAAO,CAAC,KAAK,CAAC,CAAC,CAAC,CAAC,4DAA4D,CAAC,CAAC,CAAC,SAAS;qBACzH,CAAC,CAAC;oBACH,IAAI,MAAM,CAAC,QAAQ,CAAC,QAAQ,CAAC,EAAE,CAAC;wBAC9B,MAAM,IAAI,MAAM,CAAC,aAAa,EAAE,CAAC;oBACnC,CAAC;oBACD,SAAS,CAAC,IAAI,CAAC,QAAQ,GAAG,QAAQ,CAAC;oBACnC,MAAM,QAAQ,CAAC,MAAM,CAAC,YAAY,CAAC,SAAS,CAAC,CAAC;oBAC9C,MAAM;gBACR,KAAK,aAAa;oBAChB,MAAM,QAAQ,CAAC,MAAM,CAAC,YAAY,CAAC,SAAS,CAAC,CAAC;oBAC9C,MAAM;gBACR,KAAK,MAAM,CAAC;gBACZ;oBACE,IAAI,CAAC,IAAI,GAAG,IAAI,CAAC;oBACjB,MAAM;YACV,CAAC;YACD,CAAC,IAAI,CAAC,IAAI,IAAI,MAAM,CAAC,KAAK,CAAC,GAAG,aAAK,CAAC,SAAS,CAAC,GAAG,EAAE,OAAO,CAAC,WAAW,aAAK,CAAC,QAAQ,CAAC,UAAU,CAAC,wBAAwB,CAAC,CAAC;QAC5H,CAAC;aAAM,CAAC;YAEN,IAAI,IAAI,CAAC,MAAM,EAAE,CAAC;gBAChB,MAAM,CAAC,KAAK,CAAC,cAAc,aAAK,CAAC,gBAAgB,CAAC,cAAM,CAAC,KAAK,EAAE,UAAU,CAAC,EAAE,CAAC,CAAC;gBAC/E,MAAM,MAAM,GAAG,MAAM,QAAQ,CAAC,MAAM,CAAC,YAAY,CAAC,EAAE,MAAM,EAAN,cAAM,EAAE,IAAI,EAAE,CAAC,CAAC;gBACpE,SAAS,CAAC,MAAM,GAAG,MAAM,CAAC;gBAC1B,MAAM,CAAC,KAAK,CAAC,aAAK,CAAC,QAAQ,CAAC,6BAA6B,CAAC,CAAC,CAAC;YAC9D,CAAC;YAED,IAAI,eAAe,GAAG,KAAK,CAAC;YAC5B,GAAG,CAAC;gBAEF,CAAC,IAAI,CAAC,OAAO,IAAI,MAAM,CAAC,KAAK,CAAC,GAAG,aAAK,CAAC,QAAQ,CAAC,cAAc,CAAC,MAAM,aAAK,CAAC,gBAAgB,CAAC,cAAM,CAAC,KAAK,EAAE,UAAU,CAAC,KAAK,aAAK,CAAC,QAAQ,CAAC,GAAG,CAAC,EAAE,CAAC,CAAC;gBACjJ,SAAS,CAAC,MAAM,IAAI,CAAC,SAAS,CAAC,MAAM,CAAC,WAAW,GAAG,IAAI,CAAC,OAAO,IAAI,IAAI,CAAC,QAAQ,CAAC,CAAC,CAAC,EAAE,CAAC,CAAC,CAAC,MAAM,cAAM,CAAC,MAAM,CAAC,cAAc,CAAC,EAAE,CAAC,CAAC,CAAC;gBAEjI,MAAM,cAAc,GAAG;oBACrB,KAAK,EAAE,SAAS,CAAC,MAAM,EAAE,WAAW,CAAC,MAAM,CAAC,CAAC,CAAC,aAAK,CAAC,SAAS,CAAC,KAAK,SAAS,CAAC,MAAM,CAAC,WAAW,CAAC,MAAM,GAAG,EAAE,QAAQ,CAAC,CAAC,CAAC,CAAC,EAAE;oBACzH,IAAI,EAAE,aAAK,CAAC,SAAS,CAAC,KAAK,MAAM,GAAG,EAAE,QAAQ,CAAC;oBAC/C,KAAK,EAAE,SAAS,CAAC,IAAI,EAAE,KAAK;iBAC7B,CAAC;gBAEF,MAAM,KAAK,GAAG,gBAAQ,CAAC,KAAK;qBACzB,MAAM,CAAC,GAAG,CAAC,EAAE,CAAC,GAAG,CAAC,MAAM,CAAC,EAAE,EAAE,IAAI,IAAI,CAAC;qBACtC,GAAG,CAAC,GAAG,CAAC,EAAE,CAAC,CAAC,EAAE,GAAG,GAAG,EAAE,KAAK,EAAE,OAAO,GAAG,CAAC,KAAK,KAAK,UAAU,CAAC,CAAC,CAAC,GAAG,CAAC,KAAK,CAAC,cAAc,CAAC,CAAC,CAAC,CAAC,GAAG,CAAC,KAAK,EAAE,CAAC,CAAC,CAAC;gBAC5G,MAAM,QAAQ,GAAG,gBAAQ,CAAC,QAAQ;qBAC/B,MAAM,CAAC,GAAG,CAAC,EAAE,CAAC,GAAG,CAAC,MAAM,CAAC,EAAE,EAAE,IAAI,IAAI,CAAC,CAAC;gBAE1C,MAAM,UAAU,GAAqB,IAAI,CAAC,OAAkB,IAAI,CAAC,IAAI,CAAC,QAAQ;oBAC5E,CAAC,CAAC,UAAU;oBACZ,CAAC,CAAC,MAAM,MAAM,CAAC,MAAM,CAAC;wBACpB,OAAO,EAAE,4BAA4B;wBACrC,OAAO,EAAG,KAAoB;6BAC3B,MAAM,CAAC,eAAe,CAAC,CAAC,CAAC,QAAQ,CAAC,CAAC,CAAC,CAAC,gBAAQ,CAAC,aAAa,CAAC,CAAC;6BAC7D,MAAM,CAAC,gBAAQ,CAAC,IAAI,CAAC;wBACxB,YAAY,EAAE,eAAe,CAAC,CAAC,CAAC,QAAQ,CAAC,CAAC,CAAC,CAAC,KAAK,CAAC,CAAC,CAAC,KAAK,CAAC,CAAC,CAAC,CAAC,KAAK;qBACnE,CAAC,CAAC,CAAC;gBAEN,IAAI,MAAmC,CAAC;gBACxC,eAAe,GAAG,KAAK,CAAC;gBACxB,IAAI,CAAC;oBACH,QAAQ,UAAqB,EAAE,CAAC;wBAC9B,KAAK,OAAO;4BACV,MAAM,MAAM,GAAG,MAAM,QAAQ,CAAC,KAAK,CAAC,QAAQ,CAAC,SAAS,CAAC,CAAC;4BACxD,MAAM,EAAE,QAAQ,EAAE,GAAG,MAAM,CAAC;4BAC5B,MAAM,GAAG,MAAM,CAAC,MAAM,CAAC;4BAEvB,IAAI,SAAS,CAAC,IAAI,EAAE,YAAY,EAAE,WAAW,EAAE,KAAK,QAAQ,EAAE,eAAe,CAAC,WAAW,EAAE,EAAE,CAAC;gCAE5F,SAAS,CAAC,MAAM,GAAG,MAAM,cAAM,CAAC,MAAM,CAAC,SAAS,CAAC,EAAE,YAAY,EAAE,QAAQ,EAAE,eAAe,EAAE,CAAC,CAAC;4BAChG,CAAC;4BACD,SAAS,CAAC,IAAI,CAAC,YAAY,GAAG,QAAQ,EAAE,eAAe,CAAC;4BACxD,SAAS,CAAC,IAAI,CAAC,KAAK,GAAG,QAAQ,EAAE,WAAW,CAAC;4BAC7C,MAAM;wBACR,KAAK,SAAS;4BACZ,MAAM,QAAQ,CAAC,OAAO,CAAC,aAAa,CAAC,SAAS,CAAC,CAAC;4BAChD,MAAM;wBACR,KAAK,SAAS;4BACZ,MAAM,OAAO,GAAG,MAAM,QAAQ,CAAC,OAAO,CAAC,UAAU,CAAC,SAAS,CAAC,CAAC;4BAC7D,IAAI,SAAS,CAAC,MAAM,EAAE,CAAC;gCACrB,SAAS,CAAC,MAAM,CAAC,OAAO,GAAG,OAAO,CAAC;4BACrC,CAAC;4BACD,MAAM;wBACR,KAAK,SAAS;4BACZ,CAAC,EAAE,MAAM,EAAE,GAAG,MAAM,QAAQ,CAAC,OAAO,CAAC,YAAY,CAAC,SAAS,CAAC,CAAC,CAAC;4BAC9D,MAAM;wBACR,KAAK,aAAa;4BAChB,MAAM,QAAQ,CAAC,WAAW,CAAC,iBAAiB,CAAC,SAAS,CAAC,CAAC;4BACxD,MAAM;wBACR,KAAK,aAAa;4BAChB,CAAC,EAAE,MAAM,EAAE,GAAG,MAAM,QAAQ,CAAC,WAAW,CAAC,cAAc,CAAC,SAAS,CAAC,CAAC,CAAC;4BACpE,MAAM;wBACR,KAAK,QAAQ;4BACX,SAAS,CAAC,MAAM,GAAG,MAAM,QAAQ,CAAC,MAAM,CAAC,YAAY,CAAC,SAAS,CAAC,CAAC;4BACjE,MAAM;wBACR,KAAK,MAAM;4BACT,MAAM,QAAQ,CAAC,IAAI,CAAC,WAAW,CAAC,SAAS,CAAC,CAAC;4BAC3C,MAAM;wBACR,KAAK,UAAU;4BACb,eAAe,GAAG,IAAI,CAAC;4BACvB,MAAM,GAAG,UAAU,CAAC;4BACpB,MAAM;wBACR,KAAK,WAAW;4BACd,MAAM,QAAQ,CAAC,SAAS,CAAC,YAAY,CAAC,SAAS,CAAC,CAAC;4BACjD,MAAM;wBACR,KAAK,OAAO;4BACV,MAAM,QAAQ,CAAC,KAAK,CAAC,QAAQ,CAAC,SAAS,CAAC,CAAC;4BACzC,MAAM;wBACR,KAAK,aAAa;4BAChB,MAAM,QAAQ,CAAC,WAAW,CAAC,cAAc,CAAC,SAAS,CAAC,CAAC;4BACrD,MAAM;wBACR,KAAK,QAAQ;4BACX,CAAC,EAAE,MAAM,EAAE,GAAG,MAAM,QAAQ,CAAC,MAAM,CAAC,SAAS,CAAC,SAAS,CAAC,CAAC,CAAC;4BAC1D,MAAM;wBACR,KAAK,QAAQ;4BACX,MAAM,QAAQ,CAAC,MAAM,CAAC,YAAY,CAAC,SAAS,CAAC,CAAC;4BAC9C,MAAM;wBACR,KAAK,MAAM;4BACT,MAAM,QAAQ,CAAC,IAAI,CAAC,UAAU,CAAC,SAAS,CAAC,CAAC;4BAC1C,MAAM;wBACR,KAAK,UAAU;4BACb,MAAM,QAAQ,CAAC,QAAQ,CAAC,cAAc,CAAC,SAAS,CAAC,CAAC;4BAClD,MAAM;wBACR,KAAK,YAAY;4BACf,MAAM,QAAQ,CAAC,UAAU,CAAC,UAAU,CAAC,SAAS,CAAC,CAAC;4BAChD,MAAM;wBACR,QAAQ;wBACR,KAAK,MAAM;4BACT,IAAI,IAAI,CAAC,OAAO,EAAE,CAAC;gCACjB,MAAM,IAAI,KAAK,CAAC,oBAAoB,UAAoB,EAAE,CAAC,CAAC;4BAC9D,CAAC;4BACD,IAAI,CAAC,IAAI,GAAG,IAAI,CAAC;4BACjB,MAAM;oBACV,CAAC;oBAED,IAAI,MAAM,KAAK,MAAM,IAAI,MAAM,CAAC,QAAQ,CAAC,MAAM,CAAC,EAAE,CAAC;wBACjD,IAAI,CAAC,IAAI,GAAG,IAAI,CAAC;oBACnB,CAAC;gBACH,CAAC;gBAAC,OAAO,GAAG,EAAE,CAAC;oBACb,IAAI,GAAG,YAAY,MAAM,CAAC,aAAa,EAAE,CAAC;wBACxC,MAAM,CAAC,GAAG,CAAC,IAAI,CAAC,2BAA2B,CAAC,CAAC;oBAC/C,CAAC;yBAAM,CAAC;wBACN,MAAM,CAAC,GAAG,CAAC,KAAK,CAAC,CAAC,IAAI,CAAC,OAAO,CAAC,CAAC,CAAC,GAAG,CAAC,KAAK,CAAC,CAAC,CAAC,GAAG,CAAC,OAAO,CAAC,IAAI,GAAG,CAAC,OAAO,IAAI,GAAG,CAAC,CAAC;oBACnF,CAAC;gBACH,CAAC;gBAED,IAAI,IAAI,CAAC,OAAO,EAAE,CAAC;oBAEjB,IAAI,CAAC,IAAI,GAAG,IAAI,CAAC;gBACnB,CAAC;qBAAM,IAAI,CAAC,IAAI,CAAC,IAAI,IAAI,CAAC,MAAM,EAAE,CAAC;oBACjC,MAAM,GAAG,MAAM,IAAA,mBAAS,GAAE,CAAC;oBAC3B,IAAI,MAAM,KAAK,MAAM,IAAI,MAAM,CAAC,QAAQ,CAAC,MAAM,CAAC,EAAE,CAAC;wBACjD,IAAI,CAAC,IAAI,GAAG,IAAI,CAAC;oBACnB,CAAC;gBACH,CAAC;gBAED,CAAC,IAAI,CAAC,OAAO,IAAI,MAAM,CAAC,KAAK,EAAE,CAAC;YAElC,CAAC,QAAQ,CAAC,IAAI,CAAC,IAAI,EAAE;YAErB,CAAC,IAAI,CAAC,OAAO,IAAI,aAAK,CAAC,OAAO,EAAE,CAAC;QACnC,CAAC;IACH,CAAC,CAAC;SACD,KAAK,CAAC,aAAK,CAAC,GAAG,CAAC,CAAC;AACtB,CAAC"},"_coverageSchema":"1a1c01bbd47fc00a2c39e90264f33305004495a9","hash":"a80437e4f3eb08353920d512bc9a27ecaaafbc4d","contentHash":"60cb1282e1df08a4f023829a32ff729e9bd948ee8d2289aa15f989f95f32dff1"},"/home/micah/dev/bitcore/packages/bitcore-cli/build/src/cli-commands.js":{"path":"/home/micah/dev/bitcore/packages/bitcore-cli/build/src/cli-commands.js","statementMap":{"0":{"start":{"line":2,"column":0},"end":{"line":2,"column":62}},"1":{"start":{"line":3,"column":0},"end":{"line":3,"column":34}},"2":{"start":{"line":4,"column":16},"end":{"line":4,"column":34}},"3":{"start":{"line":6,"column":23},"end":{"line":6,"column":27}},"4":{"start":{"line":7,"column":21},"end":{"line":36,"column":5}},"5":{"start":{"line":16,"column":36},"end":{"line":16,"column":107}},"6":{"start":{"line":16,"column":188},"end":{"line":16,"column":209}},"7":{"start":{"line":17,"column":36},"end":{"line":17,"column":55}},"8":{"start":{"line":37,"column":4},"end":{"line":37,"column":20}}},"fnMap":{"0":{"name":"getCommands","decl":{"start":{"line":5,"column":9},"end":{"line":5,"column":20}},"loc":{"start":{"line":5,"column":27},"end":{"line":38,"column":1}},"line":5},"1":{"name":"(anonymous_1)","decl":{"start":{"line":16,"column":21},"end":{"line":16,"column":22}},"loc":{"start":{"line":16,"column":36},"end":{"line":16,"column":107}},"line":16},"2":{"name":"(anonymous_2)","decl":{"start":{"line":16,"column":182},"end":{"line":16,"column":183}},"loc":{"start":{"line":16,"column":188},"end":{"line":16,"column":209}},"line":16},"3":{"name":"(anonymous_3)","decl":{"start":{"line":17,"column":21},"end":{"line":17,"column":22}},"loc":{"start":{"line":17,"column":36},"end":{"line":17,"column":55}},"line":17}},"branchMap":{"0":{"loc":{"start":{"line":16,"column":44},"end":{"line":16,"column":105}},"type":"cond-expr","locations":[{"start":{"line":16,"column":52},"end":{"line":16,"column":100}},{"start":{"line":16,"column":103},"end":{"line":16,"column":105}}],"line":16}},"s":{"0":1,"1":1,"2":1,"3":1,"4":1,"5":0,"6":0,"7":0,"8":1},"f":{"0":1,"1":0,"2":0,"3":0},"b":{"0":[0,0]},"inputSourceMap":{"version":3,"file":"cli-commands.js","sourceRoot":"","sources":["../../src/cli-commands.ts"],"names":[],"mappings":";;AAIA,kCAkCC;AApCD,mCAAgC;AAEhC,SAAgB,WAAW,CAAC,IAA6C;IACvE,MAAM,EAAE,MAAM,EAAE,GAAG,IAAI,CAAC;IAExB,MAAM,QAAQ,GAAG;QACf,IAAI,EAAE,EAAE,KAAK,EAAE,MAAM,EAAE,KAAK,EAAE,MAAM,EAAE,IAAI,EAAE,qBAAqB,EAAE;QACnE,GAAG,EAAE;YACH,EAAE,KAAK,EAAE,eAAe,EAAE,KAAK,EAAE,QAAQ,EAAE,IAAI,EAAE,kDAAkD,EAAE;YACrG,EAAE,KAAK,EAAE,aAAa,EAAE,KAAK,EAAE,MAAM,EAAE,IAAI,EAAE,2CAA2C,EAAE;YAC1F,EAAE,KAAK,EAAE,aAAa,EAAE,KAAK,EAAE,aAAa,EAAE,IAAI,EAAE,2CAA2C,EAAE;YACjG,EAAE,KAAK,EAAE,aAAa,EAAE,KAAK,EAAE,aAAa,EAAE,IAAI,EAAE,qBAAqB,EAAE;SAC5E;QACD,KAAK,EAAE;YACL,EAAE,KAAK,EAAE,CAAC,EAAE,KAAK,EAAE,EAAE,EAAE,CAAC,QAAQ,KAAK,CAAC,CAAC,CAAC,KAAK,aAAK,CAAC,SAAS,CAAC,KAAK,EAAE,QAAQ,CAAC,GAAG,CAAC,CAAC,CAAC,EAAE,EAAE,EAAE,KAAK,EAAE,OAAO,EAAE,IAAI,EAAE,2CAA2C,EAAE,IAAI,EAAE,GAAG,EAAE,CAAC,MAAM,CAAC,YAAY,EAAE,EAAE,KAAK,EAAE,IAAI,EAAE;YAC5M,EAAE,KAAK,EAAE,CAAC,EAAE,KAAK,EAAE,EAAE,EAAE,CAAC,YAAY,KAAK,EAAE,EAAE,KAAK,EAAE,aAAa,EAAE,IAAI,EAAE,mCAAmC,EAAE;YAC9G,EAAE,KAAK,EAAE,MAAM,EAAE,KAAK,EAAE,aAAa,EAAE,IAAI,EAAE,oCAAoC,EAAE;YACnF,EAAE,KAAK,EAAE,SAAS,EAAE,KAAK,EAAE,SAAS,EAAE,IAAI,EAAE,oCAAoC,EAAE;YAClF,EAAE,KAAK,EAAE,SAAS,EAAE,KAAK,EAAE,SAAS,EAAE,IAAI,EAAE,4CAA4C,EAAE;YAC1F,EAAE,KAAK,EAAE,SAAS,EAAE,KAAK,EAAE,SAAS,EAAE,IAAI,EAAE,gCAAgC,EAAE;YAC9E,EAAE,KAAK,EAAE,QAAQ,EAAE,KAAK,EAAE,QAAQ,EAAE,IAAI,EAAE,+BAA+B,EAAE;SAC5E;QACD,aAAa,EAAE,EAAE,KAAK,EAAE,kBAAkB,EAAE,KAAK,EAAE,UAAU,EAAE,IAAI,EAAE,uBAAuB,EAAE;QAC9F,QAAQ,EAAE;YACR,EAAE,KAAK,EAAE,SAAS,EAAE,KAAK,EAAE,MAAM,EAAE,IAAI,EAAE,2DAA2D,EAAE;YACtG,EAAE,KAAK,EAAE,WAAW,EAAE,KAAK,EAAE,WAAW,EAAE,IAAI,EAAE,sCAAsC,EAAE;YACxF,EAAE,KAAK,EAAE,OAAO,EAAE,KAAK,EAAE,OAAO,EAAE,IAAI,EAAE,oDAAoD,EAAE;YAC9F,EAAE,KAAK,EAAE,aAAa,EAAE,KAAK,EAAE,aAAa,EAAE,IAAI,EAAE,+BAA+B,EAAE;YACrF,EAAE,KAAK,EAAE,QAAQ,EAAE,KAAK,EAAE,QAAQ,EAAE,IAAI,EAAE,4CAA4C,EAAE;YACxF,EAAE,KAAK,EAAE,QAAQ,EAAE,KAAK,EAAE,QAAQ,EAAE,IAAI,EAAE,6BAA6B,EAAE;YACzE,EAAE,KAAK,EAAE,MAAM,EAAE,KAAK,EAAE,MAAM,EAAE,IAAI,EAAE,2BAA2B,EAAE;YACnE,EAAE,KAAK,EAAE,UAAU,EAAE,KAAK,EAAE,UAAU,EAAE,IAAI,EAAE,qDAAqD,EAAE;YACrG,EAAE,KAAK,EAAE,aAAa,EAAE,KAAK,EAAE,YAAY,EAAE,IAAI,EAAE,wBAAwB,EAAE;SAC9E;KACO,CAAC;IACX,OAAO,QAAQ,CAAC;AAClB,CAAC"},"_coverageSchema":"1a1c01bbd47fc00a2c39e90264f33305004495a9","hash":"61a7cb1bb6683414d672444173589fd0d85011f1","contentHash":"99d2902b1b187a03c8106b16f63942d597c916cffcce53d364036ff47562030c"},"/home/micah/dev/bitcore/packages/bitcore-cli/build/src/utils.js":{"path":"/home/micah/dev/bitcore/packages/bitcore-cli/build/src/utils.js","statementMap":{"0":{"start":{"line":2,"column":22},"end":{"line":12,"column":3}},"1":{"start":{"line":3,"column":4},"end":{"line":3,"column":33}},"2":{"start":{"line":3,"column":26},"end":{"line":3,"column":33}},"3":{"start":{"line":4,"column":15},"end":{"line":4,"column":52}},"4":{"start":{"line":5,"column":4},"end":{"line":7,"column":5}},"5":{"start":{"line":6,"column":6},"end":{"line":6,"column":68}},"6":{"start":{"line":6,"column":51},"end":{"line":6,"column":63}},"7":{"start":{"line":8,"column":4},"end":{"line":8,"column":39}},"8":{"start":{"line":10,"column":4},"end":{"line":10,"column":33}},"9":{"start":{"line":10,"column":26},"end":{"line":10,"column":33}},"10":{"start":{"line":11,"column":4},"end":{"line":11,"column":17}},"11":{"start":{"line":13,"column":25},"end":{"line":17,"column":2}},"12":{"start":{"line":14,"column":4},"end":{"line":14,"column":72}},"13":{"start":{"line":16,"column":4},"end":{"line":16,"column":21}},"14":{"start":{"line":18,"column":19},"end":{"line":34,"column":4}},"15":{"start":{"line":19,"column":18},"end":{"line":26,"column":5}},"16":{"start":{"line":20,"column":8},"end":{"line":24,"column":10}},"17":{"start":{"line":21,"column":21},"end":{"line":21,"column":23}},"18":{"start":{"line":22,"column":12},"end":{"line":22,"column":95}},"19":{"start":{"line":22,"column":29},"end":{"line":22,"column":95}},"20":{"start":{"line":22,"column":77},"end":{"line":22,"column":95}},"21":{"start":{"line":23,"column":12},"end":{"line":23,"column":22}},"22":{"start":{"line":25,"column":8},"end":{"line":25,"column":26}},"23":{"start":{"line":27,"column":4},"end":{"line":33,"column":6}},"24":{"start":{"line":28,"column":8},"end":{"line":28,"column":46}},"25":{"start":{"line":28,"column":35},"end":{"line":28,"column":46}},"26":{"start":{"line":29,"column":21},"end":{"line":29,"column":23}},"27":{"start":{"line":30,"column":8},"end":{"line":30,"column":137}},"28":{"start":{"line":30,"column":25},"end":{"line":30,"column":137}},"29":{"start":{"line":30,"column":38},"end":{"line":30,"column":50}},"30":{"start":{"line":30,"column":56},"end":{"line":30,"column":57}},"31":{"start":{"line":30,"column":78},"end":{"line":30,"column":137}},"32":{"start":{"line":30,"column":102},"end":{"line":30,"column":137}},"33":{"start":{"line":31,"column":8},"end":{"line":31,"column":40}},"34":{"start":{"line":32,"column":8},"end":{"line":32,"column":22}},"35":{"start":{"line":35,"column":22},"end":{"line":37,"column":1}},"36":{"start":{"line":36,"column":4},"end":{"line":36,"column":62}},"37":{"start":{"line":38,"column":0},"end":{"line":38,"column":62}},"38":{"start":{"line":39,"column":0},"end":{"line":39,"column":23}},"39":{"start":{"line":40,"column":13},"end":{"line":40,"column":43}},"40":{"start":{"line":41,"column":15},"end":{"line":41,"column":47}},"41":{"start":{"line":42,"column":15},"end":{"line":42,"column":54}},"42":{"start":{"line":43,"column":26},"end":{"line":43,"column":52}},"43":{"start":{"line":44,"column":20},"end":{"line":44,"column":42}},"44":{"start":{"line":45,"column":17},"end":{"line":45,"column":36}},"45":{"start":{"line":46,"column":15},"end":{"line":46,"column":20}},"46":{"start":{"line":49,"column":8},"end":{"line":49,"column":23}},"47":{"start":{"line":52,"column":8},"end":{"line":60,"column":9}},"48":{"start":{"line":53,"column":12},"end":{"line":58,"column":13}},"49":{"start":{"line":54,"column":16},"end":{"line":54,"column":32}},"50":{"start":{"line":57,"column":16},"end":{"line":57,"column":95}},"51":{"start":{"line":59,"column":12},"end":{"line":59,"column":28}},"52":{"start":{"line":63,"column":28},"end":{"line":73,"column":9}},"53":{"start":{"line":74,"column":30},"end":{"line":74,"column":89}},"54":{"start":{"line":75,"column":8},"end":{"line":75,"column":43}},"55":{"start":{"line":78,"column":8},"end":{"line":78,"column":62}},"56":{"start":{"line":81,"column":8},"end":{"line":81,"column":84}},"57":{"start":{"line":84,"column":8},"end":{"line":84,"column":44}},"58":{"start":{"line":87,"column":8},"end":{"line":87,"column":44}},"59":{"start":{"line":90,"column":8},"end":{"line":90,"column":44}},"60":{"start":{"line":93,"column":8},"end":{"line":93,"column":44}},"61":{"start":{"line":96,"column":8},"end":{"line":96,"column":60}},"62":{"start":{"line":99,"column":8},"end":{"line":99,"column":43}},"63":{"start":{"line":102,"column":8},"end":{"line":102,"column":93}},"64":{"start":{"line":105,"column":8},"end":{"line":107,"column":9}},"65":{"start":{"line":106,"column":12},"end":{"line":106,"column":35}},"66":{"start":{"line":108,"column":22},"end":{"line":108,"column":112}},"67":{"start":{"line":109,"column":22},"end":{"line":109,"column":62}},"68":{"start":{"line":110,"column":8},"end":{"line":112,"column":9}},"69":{"start":{"line":111,"column":12},"end":{"line":111,"column":49}},"70":{"start":{"line":113,"column":23},"end":{"line":113,"column":43}},"71":{"start":{"line":114,"column":8},"end":{"line":116,"column":9}},"72":{"start":{"line":115,"column":12},"end":{"line":115,"column":46}},"73":{"start":{"line":117,"column":21},"end":{"line":117,"column":54}},"74":{"start":{"line":118,"column":21},"end":{"line":118,"column":55}},"75":{"start":{"line":119,"column":8},"end":{"line":121,"column":9}},"76":{"start":{"line":120,"column":12},"end":{"line":120,"column":47}},"77":{"start":{"line":122,"column":26},"end":{"line":122,"column":69}},"78":{"start":{"line":123,"column":8},"end":{"line":125,"column":9}},"79":{"start":{"line":124,"column":12},"end":{"line":124,"column":64}},"80":{"start":{"line":126,"column":8},"end":{"line":126,"column":25}},"81":{"start":{"line":130,"column":8},"end":{"line":130,"column":101}},"82":{"start":{"line":133,"column":8},"end":{"line":135,"column":9}},"83":{"start":{"line":134,"column":12},"end":{"line":134,"column":53}},"84":{"start":{"line":136,"column":8},"end":{"line":136,"column":22}},"85":{"start":{"line":139,"column":8},"end":{"line":140,"column":48}},"86":{"start":{"line":140,"column":12},"end":{"line":140,"column":48}},"87":{"start":{"line":141,"column":22},"end":{"line":141,"column":49}},"88":{"start":{"line":142,"column":22},"end":{"line":142,"column":45}},"89":{"start":{"line":143,"column":8},"end":{"line":144,"column":53}},"90":{"start":{"line":144,"column":12},"end":{"line":144,"column":53}},"91":{"start":{"line":145,"column":18},"end":{"line":145,"column":36}},"92":{"start":{"line":146,"column":18},"end":{"line":146,"column":36}},"93":{"start":{"line":147,"column":8},"end":{"line":148,"column":53}},"94":{"start":{"line":148,"column":12},"end":{"line":148,"column":53}},"95":{"start":{"line":149,"column":8},"end":{"line":149,"column":22}},"96":{"start":{"line":152,"column":67},"end":{"line":152,"column":77}},"97":{"start":{"line":153,"column":19},"end":{"line":153,"column":45}},"98":{"start":{"line":155,"column":8},"end":{"line":183,"column":27}},"99":{"start":{"line":156,"column":50},"end":{"line":156,"column":72}},"100":{"start":{"line":157,"column":12},"end":{"line":159,"column":13}},"101":{"start":{"line":158,"column":16},"end":{"line":158,"column":23}},"102":{"start":{"line":160,"column":28},"end":{"line":160,"column":236}},"103":{"start":{"line":161,"column":12},"end":{"line":164,"column":15}},"104":{"start":{"line":165,"column":12},"end":{"line":167,"column":13}},"105":{"start":{"line":166,"column":16},"end":{"line":166,"column":51}},"106":{"start":{"line":168,"column":12},"end":{"line":182,"column":13}},"107":{"start":{"line":170,"column":20},"end":{"line":170,"column":27}},"108":{"start":{"line":171,"column":20},"end":{"line":171,"column":26}},"109":{"start":{"line":173,"column":20},"end":{"line":175,"column":21}},"110":{"start":{"line":174,"column":24},"end":{"line":174,"column":31}},"111":{"start":{"line":176,"column":20},"end":{"line":176,"column":26}},"112":{"start":{"line":178,"column":20},"end":{"line":178,"column":29}},"113":{"start":{"line":179,"column":20},"end":{"line":179,"column":27}},"114":{"start":{"line":181,"column":20},"end":{"line":181,"column":26}},"115":{"start":{"line":186,"column":23},"end":{"line":186,"column":25}},"116":{"start":{"line":187,"column":8},"end":{"line":187,"column":59}},"117":{"start":{"line":188,"column":8},"end":{"line":188,"column":116}},"118":{"start":{"line":189,"column":8},"end":{"line":189,"column":103}},"119":{"start":{"line":190,"column":8},"end":{"line":190,"column":160}},"120":{"start":{"line":191,"column":8},"end":{"line":191,"column":125}},"121":{"start":{"line":192,"column":8},"end":{"line":192,"column":134}},"122":{"start":{"line":193,"column":8},"end":{"line":193,"column":37}},"123":{"start":{"line":194,"column":8},"end":{"line":194,"column":66}},"124":{"start":{"line":195,"column":8},"end":{"line":195,"column":82}},"125":{"start":{"line":196,"column":8},"end":{"line":196,"column":48}},"126":{"start":{"line":197,"column":8},"end":{"line":197,"column":82}},"127":{"start":{"line":198,"column":18},"end":{"line":201,"column":10}},"128":{"start":{"line":202,"column":8},"end":{"line":204,"column":9}},"129":{"start":{"line":203,"column":12},"end":{"line":203,"column":19}},"130":{"start":{"line":205,"column":8},"end":{"line":210,"column":11}},"131":{"start":{"line":213,"column":8},"end":{"line":216,"column":10}},"132":{"start":{"line":219,"column":8},"end":{"line":231,"column":9}},"133":{"start":{"line":224,"column":16},"end":{"line":224,"column":32}},"134":{"start":{"line":226,"column":16},"end":{"line":226,"column":31}},"135":{"start":{"line":228,"column":16},"end":{"line":228,"column":34}},"136":{"start":{"line":230,"column":16},"end":{"line":230,"column":30}},"137":{"start":{"line":234,"column":8},"end":{"line":234,"column":36}},"138":{"start":{"line":235,"column":24},"end":{"line":235,"column":47}},"139":{"start":{"line":236,"column":8},"end":{"line":245,"column":9}},"140":{"start":{"line":238,"column":16},"end":{"line":238,"column":49}},"141":{"start":{"line":240,"column":16},"end":{"line":240,"column":47}},"142":{"start":{"line":244,"column":16},"end":{"line":244,"column":47}},"143":{"start":{"line":248,"column":27},"end":{"line":248,"column":63}},"144":{"start":{"line":249,"column":8},"end":{"line":249,"column":52}},"145":{"start":{"line":252,"column":8},"end":{"line":254,"column":9}},"146":{"start":{"line":253,"column":12},"end":{"line":253,"column":76}},"147":{"start":{"line":255,"column":8},"end":{"line":255,"column":36}},"148":{"start":{"line":256,"column":8},"end":{"line":268,"column":9}},"149":{"start":{"line":261,"column":16},"end":{"line":261,"column":139}},"150":{"start":{"line":263,"column":16},"end":{"line":263,"column":139}},"151":{"start":{"line":265,"column":16},"end":{"line":265,"column":139}},"152":{"start":{"line":267,"column":16},"end":{"line":267,"column":141}},"153":{"start":{"line":271,"column":8},"end":{"line":273,"column":9}},"154":{"start":{"line":272,"column":12},"end":{"line":272,"column":52}},"155":{"start":{"line":274,"column":8},"end":{"line":274,"column":36}},"156":{"start":{"line":275,"column":8},"end":{"line":287,"column":9}},"157":{"start":{"line":280,"column":16},"end":{"line":280,"column":44}},"158":{"start":{"line":282,"column":16},"end":{"line":282,"column":44}},"159":{"start":{"line":284,"column":16},"end":{"line":284,"column":44}},"160":{"start":{"line":286,"column":16},"end":{"line":286,"column":45}},"161":{"start":{"line":290,"column":8},"end":{"line":290,"column":36}},"162":{"start":{"line":291,"column":8},"end":{"line":294,"column":9}},"163":{"start":{"line":292,"column":31},"end":{"line":292,"column":62}},"164":{"start":{"line":293,"column":12},"end":{"line":293,"column":97}},"165":{"start":{"line":295,"column":8},"end":{"line":295,"column":19}},"166":{"start":{"line":298,"column":8},"end":{"line":303,"column":11}},"167":{"start":{"line":299,"column":12},"end":{"line":301,"column":13}},"168":{"start":{"line":300,"column":16},"end":{"line":300,"column":47}},"169":{"start":{"line":302,"column":12},"end":{"line":302,"column":25}},"170":{"start":{"line":306,"column":8},"end":{"line":308,"column":9}},"171":{"start":{"line":307,"column":12},"end":{"line":307,"column":57}},"172":{"start":{"line":309,"column":8},"end":{"line":311,"column":9}},"173":{"start":{"line":310,"column":12},"end":{"line":310,"column":23}},"174":{"start":{"line":312,"column":23},"end":{"line":312,"column":33}},"175":{"start":{"line":313,"column":8},"end":{"line":313,"column":32}},"176":{"start":{"line":314,"column":8},"end":{"line":316,"column":9}},"177":{"start":{"line":315,"column":12},"end":{"line":315,"column":96}},"178":{"start":{"line":317,"column":8},"end":{"line":317,"column":69}},"179":{"start":{"line":320,"column":8},"end":{"line":320,"column":63}},"180":{"start":{"line":323,"column":8},"end":{"line":325,"column":9}},"181":{"start":{"line":324,"column":12},"end":{"line":324,"column":34}},"182":{"start":{"line":326,"column":26},"end":{"line":336,"column":10}},"183":{"start":{"line":337,"column":8},"end":{"line":337,"column":56}},"184":{"start":{"line":340,"column":8},"end":{"line":342,"column":9}},"185":{"start":{"line":341,"column":12},"end":{"line":341,"column":34}},"186":{"start":{"line":343,"column":26},"end":{"line":346,"column":10}},"187":{"start":{"line":347,"column":8},"end":{"line":347,"column":56}},"188":{"start":{"line":350,"column":8},"end":{"line":352,"column":9}},"189":{"start":{"line":351,"column":12},"end":{"line":351,"column":65}},"190":{"start":{"line":353,"column":8},"end":{"line":353,"column":24}},"191":{"start":{"line":356,"column":8},"end":{"line":373,"column":9}},"192":{"start":{"line":358,"column":16},"end":{"line":358,"column":32}},"193":{"start":{"line":360,"column":16},"end":{"line":360,"column":31}},"194":{"start":{"line":362,"column":16},"end":{"line":362,"column":31}},"195":{"start":{"line":364,"column":16},"end":{"line":364,"column":35}},"196":{"start":{"line":366,"column":16},"end":{"line":366,"column":30}},"197":{"start":{"line":368,"column":16},"end":{"line":368,"column":30}},"198":{"start":{"line":370,"column":16},"end":{"line":370,"column":34}},"199":{"start":{"line":372,"column":16},"end":{"line":372,"column":32}},"200":{"start":{"line":376,"column":22},"end":{"line":376,"column":48}},"201":{"start":{"line":377,"column":8},"end":{"line":379,"column":9}},"202":{"start":{"line":378,"column":12},"end":{"line":378,"column":40}},"203":{"start":{"line":380,"column":8},"end":{"line":380,"column":44}},"204":{"start":{"line":383,"column":8},"end":{"line":383,"column":52}},"205":{"start":{"line":386,"column":0},"end":{"line":386,"column":22}}},"fnMap":{"0":{"name":"(anonymous_0)","decl":{"start":{"line":2,"column":74},"end":{"line":2,"column":75}},"loc":{"start":{"line":2,"column":96},"end":{"line":9,"column":1}},"line":2},"1":{"name":"(anonymous_1)","decl":{"start":{"line":6,"column":38},"end":{"line":6,"column":39}},"loc":{"start":{"line":6,"column":49},"end":{"line":6,"column":65}},"line":6},"2":{"name":"(anonymous_2)","decl":{"start":{"line":9,"column":6},"end":{"line":9,"column":7}},"loc":{"start":{"line":9,"column":28},"end":{"line":12,"column":1}},"line":9},"3":{"name":"(anonymous_3)","decl":{"start":{"line":13,"column":80},"end":{"line":13,"column":81}},"loc":{"start":{"line":13,"column":95},"end":{"line":15,"column":1}},"line":13},"4":{"name":"(anonymous_4)","decl":{"start":{"line":15,"column":5},"end":{"line":15,"column":6}},"loc":{"start":{"line":15,"column":20},"end":{"line":17,"column":1}},"line":15},"5":{"name":"(anonymous_5)","decl":{"start":{"line":18,"column":51},"end":{"line":18,"column":52}},"loc":{"start":{"line":18,"column":63},"end":{"line":34,"column":1}},"line":18},"6":{"name":"(anonymous_6)","decl":{"start":{"line":19,"column":18},"end":{"line":19,"column":19}},"loc":{"start":{"line":19,"column":30},"end":{"line":26,"column":5}},"line":19},"7":{"name":"(anonymous_7)","decl":{"start":{"line":20,"column":48},"end":{"line":20,"column":49}},"loc":{"start":{"line":20,"column":61},"end":{"line":24,"column":9}},"line":20},"8":{"name":"(anonymous_8)","decl":{"start":{"line":27,"column":11},"end":{"line":27,"column":12}},"loc":{"start":{"line":27,"column":26},"end":{"line":33,"column":5}},"line":27},"9":{"name":"(anonymous_9)","decl":{"start":{"line":35,"column":56},"end":{"line":35,"column":57}},"loc":{"start":{"line":35,"column":71},"end":{"line":37,"column":1}},"line":35},"10":{"name":"(anonymous_10)","decl":{"start":{"line":48,"column":4},"end":{"line":48,"column":5}},"loc":{"start":{"line":48,"column":25},"end":{"line":50,"column":5}},"line":48},"11":{"name":"(anonymous_11)","decl":{"start":{"line":51,"column":4},"end":{"line":51,"column":5}},"loc":{"start":{"line":51,"column":20},"end":{"line":61,"column":5}},"line":51},"12":{"name":"(anonymous_12)","decl":{"start":{"line":62,"column":4},"end":{"line":62,"column":5}},"loc":{"start":{"line":62,"column":21},"end":{"line":76,"column":5}},"line":62},"13":{"name":"(anonymous_13)","decl":{"start":{"line":77,"column":4},"end":{"line":77,"column":5}},"loc":{"start":{"line":77,"column":46},"end":{"line":79,"column":5}},"line":77},"14":{"name":"(anonymous_14)","decl":{"start":{"line":80,"column":4},"end":{"line":80,"column":5}},"loc":{"start":{"line":80,"column":34},"end":{"line":82,"column":5}},"line":80},"15":{"name":"(anonymous_15)","decl":{"start":{"line":83,"column":4},"end":{"line":83,"column":5}},"loc":{"start":{"line":83,"column":26},"end":{"line":85,"column":5}},"line":83},"16":{"name":"(anonymous_16)","decl":{"start":{"line":86,"column":4},"end":{"line":86,"column":5}},"loc":{"start":{"line":86,"column":28},"end":{"line":88,"column":5}},"line":86},"17":{"name":"(anonymous_17)","decl":{"start":{"line":89,"column":4},"end":{"line":89,"column":5}},"loc":{"start":{"line":89,"column":31},"end":{"line":91,"column":5}},"line":89},"18":{"name":"(anonymous_18)","decl":{"start":{"line":92,"column":4},"end":{"line":92,"column":5}},"loc":{"start":{"line":92,"column":28},"end":{"line":94,"column":5}},"line":92},"19":{"name":"(anonymous_19)","decl":{"start":{"line":95,"column":4},"end":{"line":95,"column":5}},"loc":{"start":{"line":95,"column":28},"end":{"line":97,"column":5}},"line":95},"20":{"name":"(anonymous_20)","decl":{"start":{"line":98,"column":4},"end":{"line":98,"column":5}},"loc":{"start":{"line":98,"column":23},"end":{"line":100,"column":5}},"line":98},"21":{"name":"(anonymous_21)","decl":{"start":{"line":101,"column":4},"end":{"line":101,"column":5}},"loc":{"start":{"line":101,"column":35},"end":{"line":103,"column":5}},"line":101},"22":{"name":"(anonymous_22)","decl":{"start":{"line":104,"column":4},"end":{"line":104,"column":5}},"loc":{"start":{"line":104,"column":29},"end":{"line":127,"column":5}},"line":104},"23":{"name":"(anonymous_23)","decl":{"start":{"line":129,"column":4},"end":{"line":129,"column":5}},"loc":{"start":{"line":129,"column":50},"end":{"line":131,"column":5}},"line":129},"24":{"name":"(anonymous_24)","decl":{"start":{"line":132,"column":4},"end":{"line":132,"column":5}},"loc":{"start":{"line":132,"column":32},"end":{"line":137,"column":5}},"line":132},"25":{"name":"(anonymous_25)","decl":{"start":{"line":138,"column":4},"end":{"line":138,"column":5}},"loc":{"start":{"line":138,"column":25},"end":{"line":150,"column":5}},"line":138},"26":{"name":"(anonymous_26)","decl":{"start":{"line":151,"column":4},"end":{"line":151,"column":5}},"loc":{"start":{"line":151,"column":36},"end":{"line":184,"column":5}},"line":151},"27":{"name":"(anonymous_27)","decl":{"start":{"line":185,"column":4},"end":{"line":185,"column":5}},"loc":{"start":{"line":185,"column":58},"end":{"line":211,"column":5}},"line":185},"28":{"name":"(anonymous_28)","decl":{"start":{"line":212,"column":4},"end":{"line":212,"column":5}},"loc":{"start":{"line":212,"column":38},"end":{"line":217,"column":5}},"line":212},"29":{"name":"(anonymous_29)","decl":{"start":{"line":218,"column":4},"end":{"line":218,"column":5}},"loc":{"start":{"line":218,"column":29},"end":{"line":232,"column":5}},"line":218},"30":{"name":"(anonymous_30)","decl":{"start":{"line":233,"column":4},"end":{"line":233,"column":5}},"loc":{"start":{"line":233,"column":42},"end":{"line":246,"column":5}},"line":233},"31":{"name":"(anonymous_31)","decl":{"start":{"line":247,"column":4},"end":{"line":247,"column":5}},"loc":{"start":{"line":247,"column":42},"end":{"line":250,"column":5}},"line":247},"32":{"name":"(anonymous_32)","decl":{"start":{"line":251,"column":4},"end":{"line":251,"column":5}},"loc":{"start":{"line":251,"column":45},"end":{"line":269,"column":5}},"line":251},"33":{"name":"(anonymous_33)","decl":{"start":{"line":270,"column":4},"end":{"line":270,"column":5}},"loc":{"start":{"line":270,"column":45},"end":{"line":288,"column":5}},"line":270},"34":{"name":"(anonymous_34)","decl":{"start":{"line":289,"column":4},"end":{"line":289,"column":5}},"loc":{"start":{"line":289,"column":37},"end":{"line":296,"column":5}},"line":289},"35":{"name":"(anonymous_35)","decl":{"start":{"line":297,"column":4},"end":{"line":297,"column":5}},"loc":{"start":{"line":297,"column":37},"end":{"line":304,"column":5}},"line":297},"36":{"name":"(anonymous_36)","decl":{"start":{"line":298,"column":32},"end":{"line":298,"column":33}},"loc":{"start":{"line":298,"column":48},"end":{"line":303,"column":9}},"line":298},"37":{"name":"(anonymous_37)","decl":{"start":{"line":305,"column":4},"end":{"line":305,"column":5}},"loc":{"start":{"line":305,"column":43},"end":{"line":318,"column":5}},"line":305},"38":{"name":"(anonymous_38)","decl":{"start":{"line":319,"column":4},"end":{"line":319,"column":5}},"loc":{"start":{"line":319,"column":35},"end":{"line":321,"column":5}},"line":319},"39":{"name":"(anonymous_39)","decl":{"start":{"line":322,"column":4},"end":{"line":322,"column":5}},"loc":{"start":{"line":322,"column":28},"end":{"line":338,"column":5}},"line":322},"40":{"name":"(anonymous_40)","decl":{"start":{"line":339,"column":4},"end":{"line":339,"column":5}},"loc":{"start":{"line":339,"column":35},"end":{"line":348,"column":5}},"line":339},"41":{"name":"(anonymous_41)","decl":{"start":{"line":349,"column":4},"end":{"line":349,"column":5}},"loc":{"start":{"line":349,"column":34},"end":{"line":354,"column":5}},"line":349},"42":{"name":"(anonymous_42)","decl":{"start":{"line":355,"column":4},"end":{"line":355,"column":5}},"loc":{"start":{"line":355,"column":32},"end":{"line":374,"column":5}},"line":355},"43":{"name":"(anonymous_43)","decl":{"start":{"line":375,"column":4},"end":{"line":375,"column":5}},"loc":{"start":{"line":375,"column":41},"end":{"line":381,"column":5}},"line":375},"44":{"name":"(anonymous_44)","decl":{"start":{"line":382,"column":4},"end":{"line":382,"column":5}},"loc":{"start":{"line":382,"column":32},"end":{"line":384,"column":5}},"line":382}},"branchMap":{"0":{"loc":{"start":{"line":2,"column":22},"end":{"line":12,"column":3}},"type":"binary-expr","locations":[{"start":{"line":2,"column":23},"end":{"line":2,"column":27}},{"start":{"line":2,"column":31},"end":{"line":2,"column":51}},{"start":{"line":2,"column":57},"end":{"line":12,"column":2}}],"line":2},"1":{"loc":{"start":{"line":2,"column":57},"end":{"line":12,"column":2}},"type":"cond-expr","locations":[{"start":{"line":2,"column":74},"end":{"line":9,"column":1}},{"start":{"line":9,"column":6},"end":{"line":12,"column":1}}],"line":2},"2":{"loc":{"start":{"line":3,"column":4},"end":{"line":3,"column":33}},"type":"if","locations":[{"start":{"line":3,"column":4},"end":{"line":3,"column":33}},{"start":{},"end":{}}],"line":3},"3":{"loc":{"start":{"line":5,"column":4},"end":{"line":7,"column":5}},"type":"if","locations":[{"start":{"line":5,"column":4},"end":{"line":7,"column":5}},{"start":{},"end":{}}],"line":5},"4":{"loc":{"start":{"line":5,"column":8},"end":{"line":5,"column":85}},"type":"binary-expr","locations":[{"start":{"line":5,"column":8},"end":{"line":5,"column":13}},{"start":{"line":5,"column":18},"end":{"line":5,"column":84}}],"line":5},"5":{"loc":{"start":{"line":5,"column":18},"end":{"line":5,"column":84}},"type":"cond-expr","locations":[{"start":{"line":5,"column":34},"end":{"line":5,"column":47}},{"start":{"line":5,"colu
[...]
"line":6,"column":38},"end":{"line":6,"column":39}},"loc":{"start":{"line":6,"column":49},"end":{"line":6,"column":65}},"line":6},"2":{"name":"(anonymous_2)","decl":{"start":{"line":9,"column":6},"end":{"line":9,"column":7}},"loc":{"start":{"line":9,"column":28},"end":{"line":12,"column":1}},"line":9},"3":{"name":"(anonymous_3)","decl":{"start":{"line":13,"column":80},"end":{"line":13,"column":81}},"loc":{"start":{"line":13,"column":95},"end":{"line":15,"column":1}},"line":13},"4":{"name":"(anonymous_4)","decl":{"start":{"line":15,"column":5},"end":{"line":15,"column":6}},"loc":{"start":{"line":15,"column":20},"end":{"line":17,"column":1}},"line":15},"5":{"name":"(anonymous_5)","decl":{"start":{"line":18,"column":51},"end":{"line":18,"column":52}},"loc":{"start":{"line":18,"column":63},"end":{"line":34,"column":1}},"line":18},"6":{"name":"(anonymous_6)","decl":{"start":{"line":19,"column":18},"end":{"line":19,"column":19}},"loc":{"start":{"line":19,"column":30},"end":{"line":26,"column":5}},"line":19},"7":{"name":"(anonymous_7)","decl":{"start":{"line":20,"column":48},"end":{"line":20,"column":49}},"loc":{"start":{"line":20,"column":61},"end":{"line":24,"column":9}},"line":20},"8":{"name":"(anonymous_8)","decl":{"start":{"line":27,"column":11},"end":{"line":27,"column":12}},"loc":{"start":{"line":27,"column":26},"end":{"line":33,"column":5}},"line":27},"9":{"name":"command","decl":{"start":{"line":39,"column":9},"end":{"line":39,"column":16}},"loc":{"start":{"line":39,"column":23},"end":{"line":51,"column":1}},"line":39},"10":{"name":"registerWallet","decl":{"start":{"line":52,"column":15},"end":{"line":52,"column":29}},"loc":{"start":{"line":52,"column":36},"end":{"line":60,"column":1}},"line":52}},"branchMap":{"0":{"loc":{"start":{"line":2,"column":22},"end":{"line":12,"column":3}},"type":"binary-expr","locations":[{"start":{"line":2,"column":23},"end":{"line":2,"column":27}},{"start":{"line":2,"column":31},"end":{"line":2,"column":51}},{"start":{"line":2,"column":57},"end":{"line":12,"column":2}}],"line":2},"1":{"loc":{"start":{"line":2,"column":57},"end":{"line":12,"column":2}},"type":"cond-expr","locations":[{"start":{"line":2,"column":74},"end":{"line":9,"column":1}},{"start":{"line":9,"column":6},"end":{"line":12,"column":1}}],"line":2},"2":{"loc":{"start":{"line":3,"column":4},"end":{"line":3,"column":33}},"type":"if","locations":[{"start":{"line":3,"column":4},"end":{"line":3,"column":33}},{"start":{},"end":{}}],"line":3},"3":{"loc":{"start":{"line":5,"column":4},"end":{"line":7,"column":5}},"type":"if","locations":[{"start":{"line":5,"column":4},"end":{"line":7,"column":5}},{"start":{},"end":{}}],"line":5},"4":{"loc":{"start":{"line":5,"column":8},"end":{"line":5,"column":85}},"type":"binary-expr","locations":[{"start":{"line":5,"column":8},"end":{"line":5,"column":13}},{"start":{"line":5,"column":18},"end":{"line":5,"column":84}}],"line":5},"5":{"loc":{"start":{"line":5,"column":18},"end":{"line":5,"column":84}},"type":"cond-expr","locations":[{"start":{"line":5,"column":34},"end":{"line":5,"column":47}},{"start":{"line":5,"column":50},"end":{"line":5,"column":84}}],"line":5},"6":{"loc":{"start":{"line":5,"column":50},"end":{"line":5,"column":84}},"type":"binary-expr","locations":[{"start":{"line":5,"column":50},"end":{"line":5,"column":63}},{"start":{"line":5,"column":67},"end":{"line":5,"column":84}}],"line":5},"7":{"loc":{"start":{"line":10,"column":4},"end":{"line":10,"column":33}},"type":"if","locations":[{"start":{"line":10,"column":4},"end":{"line":10,"column":33}},{"start":{},"end":{}}],"line":10},"8":{"loc":{"start":{"line":13,"column":25},"end":{"line":17,"column":2}},"type":"binary-expr","locations":[{"start":{"line":13,"column":26},"end":{"line":13,"column":30}},{"start":{"line":13,"column":34},"end":{"line":13,"column":57}},{"start":{"line":13,"column":63},"end":{"line":17,"column":1}}],"line":13},"9":{"loc":{"start":{"line":13,"column":63},"end":{"line":17,"column":1}},"type":"cond-expr","locations":[{"start":{"line":13,"column":80},"end":{"line":15,"column":1}},{"start":{"line":15,"column":5},"end":{"line":17,"column":1}}],"line":13},"10":{"loc":{"start":{"line":18,"column":19},"end":{"line":34,"column":4}},"type":"binary-expr","locations":[{"start":{"line":18,"column":20},"end":{"line":18,"column":24}},{"start":{"line":18,"column":28},"end":{"line":18,"column":45}},{"start":{"line":18,"column":50},"end":{"line":34,"column":4}}],"line":18},"11":{"loc":{"start":{"line":20,"column":18},"end":{"line":24,"column":9}},"type":"binary-expr","locations":[{"start":{"line":20,"column":18},"end":{"line":20,"column":44}},{"start":{"line":20,"column":48},"end":{"line":24,"column":9}}],"line":20},"12":{"loc":{"start":{"line":22,"column":29},"end":{"line":22,"column":95}},"type":"if","locations":[{"start":{"line":22,"column":29},"end":{"line":22,"column":95}},{"start":{},"end":{}}],"line":22},"13":{"loc":{"start":{"line":28,"column":8},"end":{"line":28,"column":46}},"type":"if","locations":[{"start":{"line":28,"column":8},"end":{"line":28,"column":46}},{"start":{},"end":{}}],"line":28},"14":{"loc":{"start":{"line":28,"column":12},"end":{"line":28,"column":33}},"type":"binary-expr","locations":[{"start":{"line":28,"column":12},"end":{"line":28,"column":15}},{"start":{"line":28,"column":19},"end":{"line":28,"column":33}}],"line":28},"15":{"loc":{"start":{"line":30,"column":8},"end":{"line":30,"column":137}},"type":"if","locations":[{"start":{"line":30,"column":8},"end":{"line":30,"column":137}},{"start":{},"end":{}}],"line":30},"16":{"loc":{"start":{"line":30,"column":78},"end":{"line":30,"column":137}},"type":"if","locations":[{"start":{"line":30,"column":78},"end":{"line":30,"column":137}},{"start":{},"end":{}}],"line":30},"17":{"loc":{"start":{"line":47,"column":4},"end":{"line":49,"column":5}},"type":"if","locations":[{"start":{"line":47,"column":4},"end":{"line":49,"column":5}},{"start":{},"end":{}}],"line":47},"18":{"loc":{"start":{"line":54,"column":4},"end":{"line":56,"column":5}},"type":"if","locations":[{"start":{"line":54,"column":4},"end":{"line":56,"column":5}},{"start":{},"end":{}}],"line":54},"19":{"loc":{"start":{"line":57,"column":24},"end":{"line":57,"column":94}},"type":"binary-expr","locations":[{"start":{"line":57,"column":24},"end":{"line":57,"column":61}},{"start":{"line":57,"column":65},"end":{"line":57,"column":81}},{"start":{"line":57,"column":85},"end":{"line":57,"column":94}}],"line":57}},"s":{"0":1,"1":56,"2":56,"3":56,"4":56,"5":56,"6":0,"7":56,"8":0,"9":0,"10":0,"11":1,"12":1,"13":0,"14":1,"15":1,"16":1,"17":0,"18":0,"19":0,"20":0,"21":0,"22":1,"23":1,"24":1,"25":0,"26":1,"27":1,"28":1,"29":1,"30":1,"31":56,"32":56,"33":1,"34":1,"35":1,"36":1,"37":1,"38":1,"39":0,"40":0,"41":0,"42":0,"43":0,"44":0,"45":0,"46":0,"47":0,"48":0,"49":0,"50":0},"f":{"0":56,"1":0,"2":0,"3":1,"4":0,"5":1,"6":1,"7":0,"8":1,"9":0,"10":0},"b":{"0":[1,1,1],"1":[1,0],"2":[56,0],"3":[56,0],"4":[56,56],"5":[0,56],"6":[56,0],"7":[0,0],"8":[1,1,1],"9":[1,0],"10":[1,1,1],"11":[1,0],"12":[0,0],"13":[0,1],"14":[1,1],"15":[1,0],"16":[56,0],"17":[0,0],"18":[0,0],"19":[0,0,0]},"inputSourceMap":{"version":3,"file":"register.js","sourceRoot":"","sources":["../../../src/commands/register.ts"],"names":[],"mappings":";;;;;;;;;;;;;;;;;;;;;;;;;;;;;;;;;;;AAGA,0BAcC;AAED,wCASC;AA5BD,uDAAyC;AAGzC,SAAgB,OAAO,CAAC,IAAgB;IACtC,MAAM,EAAE,OAAO,EAAE,GAAG,IAAI,CAAC;IACzB,OAAO;SACJ,WAAW,CAAC,qDAAqD,CAAC;SAClE,KAAK,CAAC,2CAA2C,CAAC;SAClD,YAAY,CAAC,kBAAkB,CAAC;SAChC,KAAK,CAAC,OAAO,CAAC,IAAI,CAAC,CAAC;IAEvB,MAAM,IAAI,GAAG,OAAO,CAAC,IAAI,EAAE,CAAC;IAC5B,IAAI,IAAI,CAAC,IAAI,EAAE,CAAC;QACd,OAAO,CAAC,IAAI,EAAE,CAAC;IACjB,CAAC;IAED,OAAO,IAAI,CAAC;AACd,CAAC;AAEM,KAAK,UAAU,cAAc,CAAC,IAAgB;IACnD,MAAM,EAAE,MAAM,EAAE,IAAI,EAAE,GAAG,IAAI,CAAC;IAC9B,IAAI,IAAI,CAAC,OAAO,EAAE,CAAC;QACjB,MAAM,CAAC,MAAM,CAAC,IAAI,EAAE,OAAO,CAAC,IAAI,CAAC,CAAC,CAAC;IACrC,CAAC;IAED,MAAM,WAAW,GAAG,MAAM,CAAC,MAAM,CAAC,WAAW,CAAC,WAAW,IAAI,OAAO,CAAC,GAAG,CAAC,IAAI,IAAI,SAAS,CAAC;IAC3F,MAAM,MAAM,CAAC,QAAQ,CAAC,EAAE,WAAW,EAAE,CAAC,CAAC;IACvC,MAAM,CAAC,GAAG,CAAC,OAAO,CAAC,mBAAmB,CAAC,CAAC;AAC1C,CAAC;AAAA,CAAC"},"_coverageSchema":"1a1c01bbd47fc00a2c39e90264f33305004495a9","hash":"26624e17db7d98fe582652ab0411d146083e6484","contentHash":"f50e0b7014f809ac107ddc38bb73df7575ce8410da88155b526cd768655319eb"},"/home/micah/dev/bitcore/packages/bitcore-cli/build/src/commands/clearcache.js":{"path":"/home/micah/dev/bitcore/packages/bitcore-cli/build/src/commands/clearcache.js","statementMap":{"0":{"start":{"line":2,"column":22},"end":{"line":12,"column":3}},"1":{"start":{"line":3,"column":4},"end":{"line":3,"column":33}},"2":{"start":{"line":3,"column":26},"end":{"line":3,"column":33}},"3":{"start":{"line":4,"column":15},"end":{"line":4,"column":52}},"4":{"start":{"line":5,"column":4},"end":{"line":7,"column":5}},"5":{"start":{"line":6,"column":6},"end":{"line":6,"column":68}},"6":{"start":{"line":6,"column":51},"end":{"line":6,"column":63}},"7":{"start":{"line":8,"column":4},"end":{"line":8,"column":39}},"8":{"start":{"line":10,"column":4},"end":{"line":10,"column":33}},"9":{"start":{"line":10,"column":26},"end":{"line":10,"column":33}},"10":{"start":{"line":11,"column":4},"end":{"line":11,"column":17}},"11":{"start":{"line":13,"column":25},"end":{"line":17,"column":2}},"12":{"start":{"line":14,"column":4},"end":{"line":14,"column":72}},"13":{"start":{"line":16,"column":4},"end":{"line":16,"column":21}},"14":{"start":{"line":18,"column":19},"end":{"line":34,"column":4}},"15":{"start":{"line":19,"column":18},"end":{"line":26,"column":5}},"16":{"start":{"line":20,"column":8},"end":{"line":24,"column":10}},"17":{"start":{"line":21,"column":21},"end":{"line":21,"column":23}},"18":{"start":{"line":22,"column":12},"end":{"line":22,"column":95}},"19":{"start":{"line":22,"column":29},"end":{"line":22,"column":95}},"20":{"start":{"line":22,"column":77},"end":{"line":22,"column":95}},"21":{"start":{"line":23,"column":12},"end":{"line":23,"column":22}},"22":{"start":{"line":25,"column":8},"end":{"line":25,"column":26}},"23":{"start":{"line":27,"column":4},"end":{"line":33,"column":6}},"24":{"start":{"line":28,"column":8},"end":{"line":28,"column":46}},"25":{"start":{"line":28,"column":35},"end":{"line":28,"column":46}},"26":{"start":{"line":29,"column":21},"end":{"line":29,"column":23}},"27":{"start":{"line":30,"column":8},"end":{"line":30,"column":137}},"28":{"start":{"line":30,"column":25},"end":{"line":30,"column":137}},"29":{"start":{"line":30,"column":38},"end":{"line":30,"column":50}},"30":{"start":{"line":30,"column":56},"end":{"line":30,"column":57}},"31":{"start":{"line":30,"column":78},"end":{"line":30,"column":137}},"32":{"start":{"line":30,"column":102},"end":{"line":30,"column":137}},"33":{"start":{"line":31,"column":8},"end":{"line":31,"column":40}},"34":{"start":{"line":32,"column":8},"end":{"line":32,"column":22}},"35":{"start":{"line":35,"column":0},"end":{"line":35,"column":62}},"36":{"start":{"line":36,"column":0},"end":{"line":36,"column":26}},"37":{"start":{"line":37,"column":0},"end":{"line":37,"column":32}},"38":{"start":{"line":38,"column":15},"end":{"line":38,"column":54}},"39":{"start":{"line":40,"column":24},"end":{"line":40,"column":28}},"40":{"start":{"line":41,"column":4},"end":{"line":45,"column":29}},"41":{"start":{"line":46,"column":17},"end":{"line":46,"column":31}},"42":{"start":{"line":47,"column":4},"end":{"line":49,"column":5}},"43":{"start":{"line":48,"column":8},"end":{"line":48,"column":23}},"44":{"start":{"line":50,"column":4},"end":{"line":50,"column":16}},"45":{"start":{"line":53,"column":29},"end":{"line":53,"column":33}},"46":{"start":{"line":54,"column":4},"end":{"line":56,"column":5}},"47":{"start":{"line":55,"column":8},"end":{"line":55,"column":43}},"48":{"start":{"line":57,"column":4},"end":{"line":57,"column":72}},"49":{"start":{"line":58,"column":4},"end":{"line":58,"column":41}}},"fnMap":{"0":{"name":"(anonymous_0)","decl":{"start":{"line":2,"column":74},"end":{"line":2,"column":75}},"loc":{"start":{"line":2,"column":96},"end":{"line":9,"column":1}},"line":2},"1":{"name":"(anonymous_1)","decl":{"start":{"line":6,"column":38},"end":{"line":6,"column":39}},"loc":{"start":{"line":6,"column":49},"end":{"line":6,"column":65}},"line":6},"2":{"name":"(anonymous_2)","decl":{"start":{"line":9,"column":6},"end":{"line":9,"column":7}},"loc":{"start":{"line":9,"column":28},"end":{"line":12,"column":1}},"line":9},"3":{"name":"(anonymous_3)","decl":{"start":{"line":13,"column":80},"end":{"line":13,"column":81}},"loc":{"start":{"line":13,"column":95},"end":{"line":15,"column":1}},"line":13},"4":{"name":"(anonymous_4)","decl":{"start":{"line":15,"column":5},"end":{"line":15,"column":6}},"loc":{"start":{"line":15,"column":20},"end":{"line":17,"column":1}},"line":15},"5":{"name":"(anonymous_5)","decl":{"start":{"line":18,"column":51},"end":{"line":18,"column":52}},"loc":{"start":{"line":18,"column":63},"end":{"line":34,"column":1}},"line":18},"6":{"name":"(anonymous_6)","decl":{"start":{"line":19,"column":18},"end":{"line":19,"column":19}},"loc":{"start":{"line":19,"column":30},"end":{"line":26,"column":5}},"line":19},"7":{"name":"(anonymous_7)","decl":{"start":{"line":20,"column":48},"end":{"line":20,"column":49}},"loc":{"start":{"line":20,"column":61},"end":{"line":24,"column":9}},"line":20},"8":{"name":"(anonymous_8)","decl":{"start":{"line":27,"column":11},"end":{"line":27,"column":12}},"loc":{"start":{"line":27,"column":26},"end":{"line":33,"column":5}},"line":27},"9":{"name":"command","decl":{"start":{"line":39,"column":9},"end":{"line":39,"column":16}},"loc":{"start":{"line":39,"column":23},"end":{"line":51,"column":1}},"line":39},"10":{"name":"clearCache","decl":{"start":{"line":52,"column":15},"end":{"line":52,"column":25}},"loc":{"start":{"line":52,"column":32},"end":{"line":59,"column":1}},"line":52}},"branchMap":{"0":{"loc":{"start":{"line":2,"column":22},"end":{"line":12,"column":3}},"type":"binary-expr","locations":[{"start":{"line":2,"column":23},"end":{"line":2,"column":27}},{"start":{"line":2,"column":31},"end":{"line":2,"column":51}},{"start":{"line":2,"column":57},"end":{"line":12,"column":2}}],"line":2},"1":{"loc":{"start":{"line":2,"column":57},"end":{"line":12,"column":2}},"type":"cond-expr","locations":[{"start":{"line":2,"column":74},"end":{"line":9,"column":1}},{"start":{"line":9,"column":6},"end":{"line":12,"column":1}}],"line":2},"2":{"loc":{"start":{"line":3,"column":4},"end":{"line":3,"column":33}},"type":"if","locations":[{"start":{"line":3,"column":4},"end":{"line":3,"column":33}},{"start":{},"end":{}}],"line":3},"3":{"loc":{"start":{"line":5,"column":4},"end":{"line":7,"column":5}},"type":"if","locations":[{"start":{"line":5,"column":4},"end":{"line":7,"column":5}},{"start":{},"end":{}}],"line":5},"4":{"loc":{"start":{"line":5,"column":8},"end":{"line":5,"column":85}},"type":"binary-expr","locations":[{"start":{"line":5,"column":8},"end":{"line":5,"column":13}},{"start":{"line":5,"column":18},"end":{"line":5,"column":84}}],"line":5},"5":{"loc":{"start":{"line":5,"column":18},"end":{"line":5,"column":84}},"type":"cond-expr","locations":[{"start":{"line":5,"column":34},"end":{"line":5,"column":47}},{"start":{"line":5,"column":50},"end":{"line":5,"column":84}}],"line":5},"6":{"loc":{"start":{"line":5,"column":50},"end":{"line":5,"column":84}},"type":"binary-expr","locations":[{"start":{"line":5,"column":50},"end":{"line":5,"column":63}},{"start":{"line":5,"column":67},"end":{"line":5,"column":84}}],"line":5},"7":{"loc":{"start":{"line":10,"column":4},"end":{"line":10,"column":33}},"type":"if","locations":[{"start":{"line":10,"column":4},"end":{"line":10,"column":33}},{"start":{},"end":{}}],"line":10},"8":{"loc":{"start":{"line":13,"column":25},"end":{"line":17,"column":2}},"type":"binary-expr","locations":[{"start":{"line":13,"column":26},"end":{"line":13,"column":30}},{"start":{"line":13,"column":34},"end":{"line":13,"column":57}},{"start":{"line":13,"column":63},"end":{"line":17,"column":1}}],"line":13},"9":{"loc":{"start":{"line":13,"column":63},"end":{"line":17,"column":1}},"type":"cond-expr","locations":[{"start":{"line":13,"column":80},"end":{"line":15,"column":1}},{"start":{"line":15,"column":5},"end":{"line":17,"column":1}}],"line":13},"10":{"loc":{"start":{"line":18,"column":19},"end":{"line":34,"column":4}},"type":"binary-expr","locations":[{"start":{"line":18,"column":20},"end":{"line":18,"column":24}},{"start":{"line":18,"column":28},"end":{"line":18,"column":45}},{"start":{"line":18,"column":50},"end":{"line":34,"column":4}}],"line":18},"11":{"loc":{"start":{"line":20,"column":18},"end":{"line":24,"column":9}},"type":"binary-expr","locations":[{"start":{"line":20,"column":18},"end":{"line":20,"column":44}},{"start":{"line":20,"column":48},"end":{"line":24,"column":9}}],"line":20},"12":{"loc":{"start":{"line":22,"column":29},"end":{"line":22,"column":95}},"type":"if","locations":[{"start":{"line":22,"column":29},"end":{"line":22,"column":95}},{"start":{},"end":{}}],"line":22},"13":{"loc":{"start":{"line":28,"column":8},"end":{"line":28,"column":46}},"type":"if","locations":[{"start":{"line":28,"column":8},"end":{"line":28,"column":46}},{"start":{},"end":{}}],"line":28},"14":{"loc":{"start":{"line":28,"column":12},"end":{"line":28,"column":33}},"type":"binary-expr","locations":[{"start":{"line":28,"column":12},"end":{"line":28,"column":15}},{"start":{"line":28,"column":19},"end":{"line":28,"column":33}}],"line":28},"15":{"loc":{"start":{"line":30,"column":8},"end":{"line":30,"column":137}},"type":"if","locations":[{"start":{"line":30,"column":8},"end":{"line":30,"column":137}},{"start":{},"end":{}}],"line":30},"16":{"loc":{"start":{"line":30,"column":78},"end":{"line":30,"column":137}},"type":"if","locations":[{"start":{"line":30,"column":78},"end":{"line":30,"column":137}},{"start":{},"end":{}}],"line":30},"17":{"loc":{"start":{"line":47,"column":4},"end":{"line":49,"column":5}},"type":"if","locations":[{"start":{"line":47,"column":4},"end":{"line":49,"column":5}},{"start":{},"end":{}}],"line":47},"18":{"loc":{"start":{"line":54,"column":4},"end":{"line":56,"column":5}},"type":"if","locations":[{"start":{"line":54,"column":4},"end":{"line":56,"column":5}},{"start":{},"end":{}}],"line":54}},"s":{"0":1,"1":56,"2":56,"3":56,"4":56,"5":56,"6":0,"7":56,"8":0,"9":0,"10":0,"11":1,"12":1,"13":0,"14":1,"15":1,"16":1,"17":0,"18":0,"19":0,"20":0,"21":0,"22":1,"23":1,"24":1,"25":0,"26":1,"27":1,"28":1,"29":1,"30":1,"31":56,"32":56,"33":1,"34":1,"35":1,"36":1,"37":1,"38":1,"39":0,"40":0,"41":0,"42":0,"43":0,"44":0,"45":0,"46":0,"47":0,"48":0,"49":0},"f":{"0":56,"1":0,"2":0,"3":1,"4":0,"5":1,"6":1,"7":0,"8":1,"9":0,"10":0},"b":{"0":[1,1,1],"1":[1,0],"2":[56,0],"3":[56,0],"4":[56,56],"5":[0,56],"6":[56,0],"7":[0,0],"8":[1,1,1],"9":[1,0],"10":[1,1,1],"11":[1,0],"12":[0,0],"13":[0,1],"14":[1,1],"15":[1,0],"16":[56,0],"17":[0,0],"18":[0,0]},"inputSourceMap":{"version":3,"file":"clearcache.js","sourceRoot":"","sources":["../../../src/commands/clearcache.ts"],"names":[],"mappings":";;;;;;;;;;;;;;;;;;;;;;;;;;;;;;;;;;;AAGA,0BAcC;AAED,gCAOC;AA1BD,uDAAyC;AAGzC,SAAgB,OAAO,CAAC,IAAgB;IACtC,MAAM,EAAE,OAAO,EAAE,GAAG,IAAI,CAAC;IACzB,OAAO;SACJ,WAAW,CAAC,8CAA8C,CAAC;SAC3D,KAAK,CAAC,6CAA6C,CAAC;SACpD,YAAY,CAAC,qBAAqB,CAAC;SACnC,KAAK,CAAC,OAAO,CAAC,IAAI,CAAC,CAAC;IAEvB,MAAM,IAAI,GAAG,OAAO,CAAC,IAAI,EAAE,CAAC;IAC5B,IAAI,IAAI,CAAC,IAAI,EAAE,CAAC;QACd,OAAO,CAAC,IAAI,EAAE,CAAC;IACjB,CAAC;IAED,OAAO,IAAI,CAAC;AACd,CAAC;AAEM,KAAK,UAAU,UAAU,CAAC,IAAgB;IAC/C,MAAM,EAAE,MAAM,EAAE,IAAI,EAAE,GAAG,IAAI,CAAC;IAC9B,IAAI,IAAI,CAAC,OAAO,EAAE,CAAC;QACjB,MAAM,CAAC,MAAM,CAAC,IAAI,EAAE,OAAO,CAAC,IAAI,CAAC,CAAC,CAAC;IACrC,CAAC;IACD,MAAM,MAAM,CAAC,MAAM,CAAC,UAAU,CAAC,EAAE,YAAY,EAAE,IAAI,CAAC,YAAY,EAAE,CAAC,CAAC;IACpE,MAAM,CAAC,GAAG,CAAC,OAAO,CAAC,gBAAgB,CAAC,CAAC;AACvC,CAAC;AAAA,CAAC"},"_coverageSchema":"1a1c01bbd47fc00a2c39e90264f33305004495a9","hash":"88d60c0d16a8aa9718b4965a52a4abc299f41949","contentHash":"19a263c4cff85067f0e614475f813727b150216dea3eeb078991492b8fdb7a9a"}}